#-----------------------------------------------------------
# Vivado v2024.1 (64-bit)
# SW Build 5076996 on Wed May 22 18:36:09 MDT 2024
# IP Build 5075265 on Wed May 22 21:45:21 MDT 2024
# SharedData Build 5076995 on Wed May 22 18:29:18 MDT 2024
# Start of session at: Wed Dec  3 20:14:59 2025
# Process ID: 22385
# Current directory: /home/lex/Documents/git/gru-hardware-implementation-and-optimization
# Command line: vivado -mode batch -source run_vivado.tcl
# Log file: /home/lex/Documents/git/gru-hardware-implementation-and-optimization/vivado.log
# Journal file: /home/lex/Documents/git/gru-hardware-implementation-and-optimization/vivado.jou
# Running On        :Toothless
# Platform          :Ubuntu
# Operating System  :Ubuntu 20.04.6 LTS
# Processor Detail  :AMD Ryzen 5 7600X 6-Core Processor
# CPU Frequency     :3000.000 MHz
# CPU Physical cores:6
# CPU Logical cores :12
# Host memory       :32695 MB
# Swap memory       :2147 MB
# Total Virtual     :34842 MB
# Available Virtual :27572 MB
#-----------------------------------------------------------
source run_vivado.tcl
# set proj_name gru_proj
# set proj_dir ./vivado_proj
# set part_name xcu250-figd2104-2L-e
# set top_module top_level
# set tb_module gru_tb
# if { [file exists $proj_dir] } {
#     file delete -force $proj_dir
# }
# create_project $proj_name $proj_dir -part $part_name
# add_files C:/Users/ajrbe/Documents/School/Thesis/BCI/Code/top_level.sv
ERROR: [Vivado 12-385] Illegal file or directory name 'C:/Users/ajrbe/Documents/School/Thesis/BCI/Code/top_level.sv'
INFO: [Common 17-206] Exiting Vivado at Wed Dec  3 20:15:04 2025...
