Time resolution is 1 ps

========================================
Test 1
========================================
Computation completed in 799 cycles
Time: 7.99 us @ 100MHz
PASS: All 16 outputs within tolerance

========================================
Test 2
========================================
Computation completed in 799 cycles
Time: 7.99 us @ 100MHz
PASS: All 16 outputs within tolerance

========================================
Test 3
========================================
Computation completed in 799 cycles
Time: 7.99 us @ 100MHz
PASS: All 16 outputs within tolerance

========================================
Test 4
========================================
Computation completed in 799 cycles
Time: 7.99 us @ 100MHz
PASS: All 16 outputs within tolerance

========================================
Test 5
========================================
Computation completed in 799 cycles
Time: 7.99 us @ 100MHz
PASS: All 16 outputs within tolerance

========================================
Test 6
========================================
Computation completed in 799 cycles
Time: 7.99 us @ 100MHz
PASS: All 16 outputs within tolerance

========================================
Test 7
========================================
Computation completed in 799 cycles
Time: 7.99 us @ 100MHz
PASS: All 16 outputs within tolerance

========================================
Test 8
========================================
Computation completed in 799 cycles
Time: 7.99 us @ 100MHz
PASS: All 16 outputs within tolerance

========================================
Test 9
========================================
Computation completed in 799 cycles
Time: 7.99 us @ 100MHz
PASS: All 16 outputs within tolerance

========================================
Test 10
========================================
Computation completed in 799 cycles
Time: 7.99 us @ 100MHz
PASS: All 16 outputs within tolerance

========================================
SUMMARY
========================================
Total tests:  10
Passed:       10
Failed:       0
Avg cycles:   799

Results written to: ../../../../../gru_results_D64_H16_DW15_FB9_NP7.txt
$finish called at time : 81545 ns : File "/home/lex/Documents/git/gru-hardware-implementation-and-optimization/optimizedImplementation/tb_gru_cell_parallel.sv" Line 242
