
*** Running vivado
    with args -log top.vdi -applog -m64 -product Vivado -messageDb vivado.pb -mode batch -source top.tcl -notrace



****** Vivado v2024.1 (64-bit)
  **** SW Build 5076996 on Wed May 22 18:37:14 MDT 2024
  **** IP Build 5075265 on Wed May 22 21:45:21 MDT 2024
  **** SharedData Build 5076995 on Wed May 22 18:29:18 MDT 2024
  **** Start of session at: Sun Mar  1 10:27:30 2026
    ** Copyright 1986-2022 Xilinx, Inc. All Rights Reserved.
    ** Copyright 2022-2024 Advanced Micro Devices, Inc. All Rights Reserved.

source top.tcl -notrace
create_project: Time (s): cpu = 00:00:06 ; elapsed = 00:00:07 . Memory (MB): peak = 530.441 ; gain = 196.004
Command: link_design -top top -part xc7a100tcsg324-1
Design is defaulting to srcset: sources_1
Design is defaulting to constrset: constrs_1
INFO: [Device 21-403] Loading part xc7a100tcsg324-1
INFO: [Device 21-9227] Part: xc7a100tcsg324-1 does not have CEAM library.
Netlist sorting complete. Time (s): cpu = 00:00:00 ; elapsed = 00:00:00.098 . Memory (MB): peak = 962.855 ; gain = 0.000
INFO: [Netlist 29-17] Analyzing 1875 Unisim elements for replacement
INFO: [Netlist 29-28] Unisim Transformation completed in 0 CPU seconds
INFO: [Project 1-479] Netlist was created with Vivado 2024.1
INFO: [Project 1-570] Preparing netlist for logic optimization
Parsing XDC File [C:/Users/ajrbe/Documents/School/Thesis/BCI/gru-hardware-implementation-and-optimization/actualImplementation/actualImplementation.srcs/constrs_1/new/constraints.xdc]
Finished Parsing XDC File [C:/Users/ajrbe/Documents/School/Thesis/BCI/gru-hardware-implementation-and-optimization/actualImplementation/actualImplementation.srcs/constrs_1/new/constraints.xdc]
INFO: [Opt 31-138] Pushed 0 inverter(s) to 0 load pin(s).
Netlist sorting complete. Time (s): cpu = 00:00:00 ; elapsed = 00:00:00.001 . Memory (MB): peak = 1120.758 ; gain = 0.000
INFO: [Project 1-111] Unisim Transformation Summary:
No Unisim elements were transformed.

8 Infos, 0 Warnings, 0 Critical Warnings and 0 Errors encountered.
link_design completed successfully
link_design: Time (s): cpu = 00:00:06 ; elapsed = 00:00:06 . Memory (MB): peak = 1120.758 ; gain = 590.316
Command: opt_design
Attempting to get a license for feature 'Implementation' and/or device 'xc7a100t'
INFO: [Common 17-349] Got license for feature 'Implementation' and/or device 'xc7a100t'
Running DRC as a precondition to command opt_design

Starting DRC Task
INFO: [DRC 23-27] Running DRC with 2 threads
INFO: [Project 1-461] DRC finished with 0 Errors
INFO: [Project 1-462] Please refer to the DRC report (report_drc) for more information.

Time (s): cpu = 00:00:01 ; elapsed = 00:00:01 . Memory (MB): peak = 1147.156 ; gain = 26.398

Starting Cache Timing Information Task
INFO: [Timing 38-35] Done setting XDC timing constraints.
Ending Cache Timing Information Task | Checksum: 293681204

Time (s): cpu = 00:00:06 ; elapsed = 00:00:06 . Memory (MB): peak = 1723.750 ; gain = 576.594

Starting Logic Optimization Task

Phase 1 Initialization

Phase 1.1 Core Generation And Design Setup
Phase 1.1 Core Generation And Design Setup | Checksum: 293681204

Time (s): cpu = 00:00:00 ; elapsed = 00:00:00.002 . Memory (MB): peak = 2103.941 ; gain = 0.000

Phase 1.2 Setup Constraints And Sort Netlist
Phase 1.2 Setup Constraints And Sort Netlist | Checksum: 293681204

Time (s): cpu = 00:00:00 ; elapsed = 00:00:00.007 . Memory (MB): peak = 2103.941 ; gain = 0.000
Phase 1 Initialization | Checksum: 293681204

Time (s): cpu = 00:00:00 ; elapsed = 00:00:00.008 . Memory (MB): peak = 2103.941 ; gain = 0.000

Phase 2 Timer Update And Timing Data Collection

Phase 2.1 Timer Update
Phase 2.1 Timer Update | Checksum: 293681204

Time (s): cpu = 00:00:01 ; elapsed = 00:00:00.317 . Memory (MB): peak = 2103.941 ; gain = 0.000

Phase 2.2 Timing Data Collection
Phase 2.2 Timing Data Collection | Checksum: 293681204

Time (s): cpu = 00:00:01 ; elapsed = 00:00:00.358 . Memory (MB): peak = 2103.941 ; gain = 0.000
Phase 2 Timer Update And Timing Data Collection | Checksum: 293681204

Time (s): cpu = 00:00:01 ; elapsed = 00:00:00.360 . Memory (MB): peak = 2103.941 ; gain = 0.000

Phase 3 Retarget
INFO: [Opt 31-1834] Total Chains To Be Transformed Were: 0 AND Number of Transformed insts Created are: 0
INFO: [Opt 31-1566] Pulled 15 inverters resulting in an inversion of 317 pins
INFO: [Opt 31-138] Pushed 0 inverter(s) to 0 load pin(s).
INFO: [Opt 31-49] Retargeted 0 cell(s).
Phase 3 Retarget | Checksum: 34d4cc8cd

Time (s): cpu = 00:00:01 ; elapsed = 00:00:00.528 . Memory (MB): peak = 2103.941 ; gain = 0.000
Retarget | Checksum: 34d4cc8cd
INFO: [Opt 31-389] Phase Retarget created 0 cells and removed 16 cells

Phase 4 Constant propagation
INFO: [Opt 31-138] Pushed 0 inverter(s) to 0 load pin(s).
Phase 4 Constant propagation | Checksum: 2f3aa5fb1

Time (s): cpu = 00:00:01 ; elapsed = 00:00:00.900 . Memory (MB): peak = 2103.941 ; gain = 0.000
Constant propagation | Checksum: 2f3aa5fb1
INFO: [Opt 31-389] Phase Constant propagation created 373 cells and removed 2345 cells

Phase 5 Sweep
Phase 5 Sweep | Checksum: 30ef9474e

Time (s): cpu = 00:00:01 ; elapsed = 00:00:01 . Memory (MB): peak = 2103.941 ; gain = 0.000
Sweep | Checksum: 30ef9474e
INFO: [Opt 31-389] Phase Sweep created 0 cells and removed 32 cells

Phase 6 BUFG optimization
Phase 6 BUFG optimization | Checksum: 30ef9474e

Time (s): cpu = 00:00:02 ; elapsed = 00:00:01 . Memory (MB): peak = 2103.941 ; gain = 0.000
BUFG optimization | Checksum: 30ef9474e
INFO: [Opt 31-662] Phase BUFG optimization created 0 cells of which 0 are BUFGs and removed 0 cells.

Phase 7 Shift Register Optimization
INFO: [Opt 31-1064] SRL Remap converted 0 SRLs to 0 registers and converted 0 registers of register chains to 0 SRLs
Phase 7 Shift Register Optimization | Checksum: 30ef9474e

Time (s): cpu = 00:00:02 ; elapsed = 00:00:01 . Memory (MB): peak = 2103.941 ; gain = 0.000
Shift Register Optimization | Checksum: 30ef9474e
INFO: [Opt 31-389] Phase Shift Register Optimization created 0 cells and removed 0 cells

Phase 8 Post Processing Netlist
Phase 8 Post Processing Netlist | Checksum: 30ef9474e

Time (s): cpu = 00:00:02 ; elapsed = 00:00:01 . Memory (MB): peak = 2103.941 ; gain = 0.000
Post Processing Netlist | Checksum: 30ef9474e
INFO: [Opt 31-389] Phase Post Processing Netlist created 0 cells and removed 0 cells

Phase 9 Finalization

Phase 9.1 Finalizing Design Cores and Updating Shapes
Phase 9.1 Finalizing Design Cores and Updating Shapes | Checksum: 2cf4e9cfb

Time (s): cpu = 00:00:02 ; elapsed = 00:00:01 . Memory (MB): peak = 2103.941 ; gain = 0.000

Phase 9.2 Verifying Netlist Connectivity

Starting Connectivity Check Task

Time (s): cpu = 00:00:00 ; elapsed = 00:00:00.012 . Memory (MB): peak = 2103.941 ; gain = 0.000
Phase 9.2 Verifying Netlist Connectivity | Checksum: 2cf4e9cfb

Time (s): cpu = 00:00:02 ; elapsed = 00:00:01 . Memory (MB): peak = 2103.941 ; gain = 0.000
Phase 9 Finalization | Checksum: 2cf4e9cfb

Time (s): cpu = 00:00:02 ; elapsed = 00:00:01 . Memory (MB): peak = 2103.941 ; gain = 0.000
Opt_design Change Summary
=========================


-------------------------------------------------------------------------------------------------------------------------
|  Phase                        |  #Cells created  |  #Cells Removed  |  #Constrained objects preventing optimizations  |
-------------------------------------------------------------------------------------------------------------------------
|  Retarget                     |               0  |              16  |                                              0  |
|  Constant propagation         |             373  |            2345  |                                              0  |
|  Sweep                        |               0  |              32  |                                              0  |
|  BUFG optimization            |               0  |               0  |                                              0  |
|  Shift Register Optimization  |               0  |               0  |                                              0  |
|  Post Processing Netlist      |               0  |               0  |                                              0  |
-------------------------------------------------------------------------------------------------------------------------


Ending Logic Optimization Task | Checksum: 2cf4e9cfb

Time (s): cpu = 00:00:02 ; elapsed = 00:00:01 . Memory (MB): peak = 2103.941 ; gain = 0.000

Starting Power Optimization Task
INFO: [Pwropt 34-132] Skipping clock gating for clocks with a period < 2.00 ns.
Ending Power Optimization Task | Checksum: 2cf4e9cfb

Time (s): cpu = 00:00:00 ; elapsed = 00:00:00.032 . Memory (MB): peak = 2103.941 ; gain = 0.000

Starting Final Cleanup Task
Ending Final Cleanup Task | Checksum: 2cf4e9cfb

Time (s): cpu = 00:00:00 ; elapsed = 00:00:00.001 . Memory (MB): peak = 2103.941 ; gain = 0.000

Starting Netlist Obfuscation Task
Netlist sorting complete. Time (s): cpu = 00:00:00 ; elapsed = 00:00:00.001 . Memory (MB): peak = 2103.941 ; gain = 0.000
Ending Netlist Obfuscation Task | Checksum: 2cf4e9cfb

Time (s): cpu = 00:00:00 ; elapsed = 00:00:00.002 . Memory (MB): peak = 2103.941 ; gain = 0.000
INFO: [Common 17-83] Releasing license: Implementation
27 Infos, 0 Warnings, 0 Critical Warnings and 0 Errors encountered.
opt_design completed successfully
opt_design: Time (s): cpu = 00:00:11 ; elapsed = 00:00:11 . Memory (MB): peak = 2103.941 ; gain = 983.184
INFO: [Vivado 12-24828] Executing command : report_drc -file top_drc_opted.rpt -pb top_drc_opted.pb -rpx top_drc_opted.rpx
Command: report_drc -file top_drc_opted.rpt -pb top_drc_opted.pb -rpx top_drc_opted.rpx
INFO: [IP_Flow 19-234] Refreshing IP repositories
INFO: [IP_Flow 19-1704] No user IP repositories specified
INFO: [IP_Flow 19-2313] Loaded Vivado IP repository 'C:/Xilinx/Vivado/2024.1/data/ip'.
INFO: [DRC 23-27] Running DRC with 2 threads
INFO: [Vivado_Tcl 2-168] The results of DRC are in file C:/Users/ajrbe/Documents/School/Thesis/BCI/gru-hardware-implementation-and-optimization/actualImplementation/actualImplementation.runs/impl_1/top_drc_opted.rpt.
report_drc completed successfully
INFO: [Timing 38-480] Writing timing data to binary archive.
Wrote PlaceDB: Time (s): cpu = 00:00:00 ; elapsed = 00:00:00.002 . Memory (MB): peak = 2103.941 ; gain = 0.000
Wrote PulsedLatchDB: Time (s): cpu = 00:00:00 ; elapsed = 00:00:00 . Memory (MB): peak = 2103.941 ; gain = 0.000
Writing XDEF routing.
Write ShapeDB Complete: Time (s): cpu = 00:00:00 ; elapsed = 00:00:00.022 . Memory (MB): peak = 2103.941 ; gain = 0.000
Writing XDEF routing logical nets.
Writing XDEF routing special nets.
Wrote RouteStorage: Time (s): cpu = 00:00:00 ; elapsed = 00:00:00.062 . Memory (MB): peak = 2103.941 ; gain = 0.000
Wrote Netlist Cache: Time (s): cpu = 00:00:00 ; elapsed = 00:00:00 . Memory (MB): peak = 2103.941 ; gain = 0.000
Wrote Device Cache: Time (s): cpu = 00:00:00 ; elapsed = 00:00:00.009 . Memory (MB): peak = 2103.941 ; gain = 0.000
Write Physdb Complete: Time (s): cpu = 00:00:00 ; elapsed = 00:00:00.082 . Memory (MB): peak = 2103.941 ; gain = 0.000
INFO: [Common 17-1381] The checkpoint 'C:/Users/ajrbe/Documents/School/Thesis/BCI/gru-hardware-implementation-and-optimization/actualImplementation/actualImplementation.runs/impl_1/top_opt.dcp' has been generated.
Command: place_design
Attempting to get a license for feature 'Implementation' and/or device 'xc7a100t'
INFO: [Common 17-349] Got license for feature 'Implementation' and/or device 'xc7a100t'
INFO: [Common 17-83] Releasing license: Implementation
INFO: [DRC 23-27] Running DRC with 2 threads
INFO: [Vivado_Tcl 4-198] DRC finished with 0 Errors
INFO: [Vivado_Tcl 4-199] Please refer to the DRC report (report_drc) for more information.
Running DRC as a precondition to command place_design
INFO: [DRC 23-27] Running DRC with 2 threads
INFO: [Vivado_Tcl 4-198] DRC finished with 0 Errors
INFO: [Vivado_Tcl 4-199] Please refer to the DRC report (report_drc) for more information.
INFO: [Place 30-611] Multithreading enabled for place_design using a maximum of 2 CPUs

Starting Placer Task

Phase 1 Placer Initialization

Phase 1.1 Placer Initialization Netlist Sorting
Netlist sorting complete. Time (s): cpu = 00:00:00 ; elapsed = 00:00:00.001 . Memory (MB): peak = 2103.941 ; gain = 0.000
Phase 1.1 Placer Initialization Netlist Sorting | Checksum: 1de6e6a0b

Time (s): cpu = 00:00:00 ; elapsed = 00:00:00.003 . Memory (MB): peak = 2103.941 ; gain = 0.000
Netlist sorting complete. Time (s): cpu = 00:00:00 ; elapsed = 00:00:00.001 . Memory (MB): peak = 2103.941 ; gain = 0.000

Phase 1.2 IO Placement/ Clock Placement/ Build Placer Device
INFO: [Timing 38-35] Done setting XDC timing constraints.
Phase 1.2 IO Placement/ Clock Placement/ Build Placer Device | Checksum: 16bab57db

Time (s): cpu = 00:00:02 ; elapsed = 00:00:02 . Memory (MB): peak = 2103.941 ; gain = 0.000

Phase 1.3 Build Placer Netlist Model
Phase 1.3 Build Placer Netlist Model | Checksum: 21d586f7a

Time (s): cpu = 00:00:05 ; elapsed = 00:00:03 . Memory (MB): peak = 2107.066 ; gain = 3.125

Phase 1.4 Constrain Clocks/Macros
Phase 1.4 Constrain Clocks/Macros | Checksum: 21d586f7a

Time (s): cpu = 00:00:05 ; elapsed = 00:00:03 . Memory (MB): peak = 2107.066 ; gain = 3.125
Phase 1 Placer Initialization | Checksum: 21d586f7a

Time (s): cpu = 00:00:05 ; elapsed = 00:00:03 . Memory (MB): peak = 2107.066 ; gain = 3.125

Phase 2 Global Placement

Phase 2.1 Floorplanning
Phase 2.1 Floorplanning | Checksum: 240c0975f

Time (s): cpu = 00:00:05 ; elapsed = 00:00:04 . Memory (MB): peak = 2107.066 ; gain = 3.125

Phase 2.2 Update Timing before SLR Path Opt
Phase 2.2 Update Timing before SLR Path Opt | Checksum: 22f77c3f0

Time (s): cpu = 00:00:06 ; elapsed = 00:00:04 . Memory (MB): peak = 2107.066 ; gain = 3.125

Phase 2.3 Post-Processing in Floorplanning
Phase 2.3 Post-Processing in Floorplanning | Checksum: 22f77c3f0

Time (s): cpu = 00:00:06 ; elapsed = 00:00:04 . Memory (MB): peak = 2107.066 ; gain = 3.125

Phase 2.4 Global Placement Core

Phase 2.4.1 UpdateTiming Before Physical Synthesis
Phase 2.4.1 UpdateTiming Before Physical Synthesis | Checksum: 14d042817

Time (s): cpu = 00:00:16 ; elapsed = 00:00:10 . Memory (MB): peak = 2107.066 ; gain = 3.125

Phase 2.4.2 Physical Synthesis In Placer
INFO: [Physopt 32-1035] Found 108 LUTNM shape to break, 74 LUT instances to create LUTNM shape
INFO: [Physopt 32-1044] Break lutnm for timing: one critical 12, two critical 96, total 108, new lutff created 1
INFO: [Physopt 32-1138] End 1 Pass. Optimized 139 nets or LUTs. Breaked 108 LUTs, combined 31 existing LUTs and moved 0 existing LUT
INFO: [Physopt 32-65] No nets found for high-fanout optimization.
INFO: [Physopt 32-232] Optimized 0 net. Created 0 new instance.
INFO: [Physopt 32-775] End 1 Pass. Optimized 0 net or cell. Created 0 new cell, deleted 0 existing cell and moved 0 existing cell
INFO: [Physopt 32-46] Identified 200 candidate nets for critical-cell optimization.
INFO: [Physopt 32-81] Processed net h_t_prev_reg_n_5562_[0][1]. Replicated 1 times.
INFO: [Physopt 32-81] Processed net h_t_prev_reg_n_5562_[0][7]. Replicated 1 times.
INFO: [Physopt 32-81] Processed net h_t_prev_reg_n_5562_[0][5]. Replicated 1 times.
INFO: [Physopt 32-81] Processed net h_t_prev_reg_n_5562_[0][11]. Replicated 1 times.
INFO: [Physopt 32-81] Processed net h_t_prev_reg_n_5562_[5][2]. Replicated 2 times.
INFO: [Physopt 32-81] Processed net h_t_prev_reg_n_5562_[0][0]. Replicated 1 times.
INFO: [Physopt 32-81] Processed net h_t_prev_reg_n_5562_[0][4]. Replicated 1 times.
INFO: [Physopt 32-81] Processed net h_t_prev_reg_n_5562_[0][3]. Replicated 1 times.
INFO: [Physopt 32-81] Processed net h_t_prev_reg_n_5562_[0][2]. Replicated 1 times.
INFO: [Physopt 32-81] Processed net h_t_prev_reg_n_5562_[5][0]. Replicated 2 times.
INFO: [Physopt 32-81] Processed net h_t_prev_reg_n_5562_[3][14]. Replicated 1 times.
INFO: [Physopt 32-81] Processed net h_t_prev_reg_n_5562_[3][8]. Replicated 1 times.
INFO: [Physopt 32-81] Processed net h_t_prev_reg_n_5562_[3][12]. Replicated 1 times.
INFO: [Physopt 32-81] Processed net h_t_prev_reg_n_5562_[5][6]. Replicated 2 times.
INFO: [Physopt 32-81] Processed net h_t_prev_reg_n_5562_[5][1]. Replicated 2 times.
INFO: [Physopt 32-81] Processed net h_t_prev_reg_n_5562_[5][3]. Replicated 2 times.
INFO: [Physopt 32-81] Processed net h_t_prev_reg_n_5562_[5][15]. Replicated 3 times.
INFO: [Physopt 32-81] Processed net h_t_prev_reg_n_5562_[5][5]. Replicated 2 times.
INFO: [Physopt 32-81] Processed net h_t_prev_reg_n_5562_[3][15]. Replicated 2 times.
INFO: [Physopt 32-81] Processed net h_t_prev_reg_n_5562_[3][13]. Replicated 1 times.
INFO: [Physopt 32-81] Processed net h_t_prev_reg_n_5562_[5][7]. Replicated 2 times.
INFO: [Physopt 32-81] Processed net h_t_prev_reg_n_5562_[0][8]. Replicated 1 times.
INFO: [Physopt 32-81] Processed net h_t_prev_reg_n_5562_[3][10]. Replicated 1 times.
INFO: [Physopt 32-81] Processed net h_t_prev_reg_n_5562_[3][11]. Replicated 1 times.
INFO: [Physopt 32-81] Processed net h_t_prev_reg_n_5562_[4][2]. Replicated 1 times.
INFO: [Physopt 32-81] Processed net h_t_prev_reg_n_5562_[0][12]. Replicated 1 times.
INFO: [Physopt 32-81] Processed net h_t_prev_reg_n_5562_[3][4]. Replicated 1 times.
INFO: [Physopt 32-81] Processed net h_t_prev_reg_n_5562_[0][15]. Replicated 2 times.
INFO: [Physopt 32-81] Processed net h_t_prev_reg_n_5562_[10][15]. Replicated 3 times.
INFO: [Physopt 32-81] Processed net h_t_prev_reg_n_5562_[3][5]. Replicated 1 times.
INFO: [Physopt 32-81] Processed net h_t_prev_reg_n_5562_[3][6]. Replicated 1 times.
INFO: [Physopt 32-81] Processed net h_t_prev_reg_n_5562_[10][12]. Replicated 3 times.
INFO: [Physopt 32-81] Processed net h_t_prev_reg_n_5562_[0][6]. Replicated 1 times.
INFO: [Physopt 32-81] Processed net h_t_prev_reg_n_5562_[10][10]. Replicated 3 times.
INFO: [Physopt 32-81] Processed net h_t_prev_reg_n_5562_[3][9]. Replicated 1 times.
INFO: [Physopt 32-81] Processed net h_t_prev_reg_n_5562_[5][9]. Replicated 2 times.
INFO: [Physopt 32-81] Processed net h_t_prev_reg_n_5562_[10][5]. Replicated 3 times.
INFO: [Physopt 32-81] Processed net h_t_prev_reg_n_5562_[0][10]. Replicated 1 times.
INFO: [Physopt 32-81] Processed net h_t_prev_reg_n_5562_[3][1]. Replicated 1 times.
INFO: [Physopt 32-81] Processed net h_t_prev_reg_n_5562_[10][13]. Replicated 3 times.
INFO: [Physopt 32-81] Processed net h_t_prev_reg_n_5562_[10][14]. Replicated 3 times.
INFO: [Physopt 32-81] Processed net h_t_prev_reg_n_5562_[4][0]. Replicated 1 times.
INFO: [Physopt 32-81] Processed net h_t_prev_reg_n_5562_[5][8]. Replicated 2 times.
INFO: [Physopt 32-81] Processed net h_t_prev_reg_n_5562_[3][2]. Replicated 1 times.
INFO: [Physopt 32-81] Processed net h_t_prev_reg_n_5562_[0][13]. Replicated 2 times.
INFO: [Physopt 32-81] Processed net h_t_prev_reg_n_5562_[0][14]. Replicated 1 times.
INFO: [Physopt 32-81] Processed net h_t_prev_reg_n_5562_[0][9]. Replicated 1 times.
INFO: [Physopt 32-81] Processed net h_t_prev_reg_n_5562_[5][4]. Replicated 2 times.
INFO: [Physopt 32-81] Processed net h_t_prev_reg_n_5562_[3][7]. Replicated 1 times.
INFO: [Physopt 32-81] Processed net h_t_prev_reg_n_5562_[10][7]. Replicated 3 times.
INFO: [Physopt 32-81] Processed net h_t_prev_reg_n_5562_[5][10]. Replicated 2 times.
INFO: [Physopt 32-81] Processed net h_t_prev_reg_n_5562_[2][15]. Replicated 3 times.
INFO: [Physopt 32-81] Processed net h_t_prev_reg_n_5562_[5][12]. Replicated 2 times.
INFO: [Physopt 32-81] Processed net h_t_prev_reg_n_5562_[5][13]. Replicated 2 times.
INFO: [Physopt 32-81] Processed net h_t_prev_reg_n_5562_[5][14]. Replicated 2 times.
INFO: [Physopt 32-81] Processed net h_t_prev_reg_n_5562_[4][3]. Replicated 1 times.
INFO: [Physopt 32-81] Processed net h_t_prev_reg_n_5562_[10][1]. Replicated 3 times.
INFO: [Physopt 32-81] Processed net h_t_prev_reg_n_5562_[4][1]. Replicated 1 times.
INFO: [Physopt 32-81] Processed net h_t_prev_reg_n_5562_[4][4]. Replicated 1 times.
INFO: [Physopt 32-81] Processed net h_t_prev_reg_n_5562_[3][0]. Replicated 1 times.
INFO: [Physopt 32-81] Processed net h_t_prev_reg_n_5562_[10][11]. Replicated 3 times.
INFO: [Physopt 32-81] Processed net h_t_prev_reg_n_5562_[3][3]. Replicated 1 times.
INFO: [Physopt 32-81] Processed net h_t_prev_reg_n_5562_[4][5]. Replicated 1 times.
INFO: [Physopt 32-81] Processed net h_t_prev_reg_n_5562_[10][6]. Replicated 3 times.
INFO: [Physopt 32-81] Processed net h_t_prev_reg_n_5562_[4][13]. Replicated 2 times.
INFO: [Physopt 32-81] Processed net h_t_prev_reg_n_5562_[5][11]. Replicated 2 times.
INFO: [Physopt 32-81] Processed net h_t_prev_reg_n_5562_[6][14]. Replicated 1 times.
INFO: [Physopt 32-81] Processed net h_t_prev_reg_n_5562_[2][12]. Replicated 2 times.
INFO: [Physopt 32-81] Processed net h_t_prev_reg_n_5562_[6][12]. Replicated 1 times.
INFO: [Physopt 32-81] Processed net h_t_prev_reg_n_5562_[2][8]. Replicated 2 times.
INFO: [Physopt 32-81] Processed net h_t_prev_reg_n_5562_[4][6]. Replicated 1 times.
INFO: [Physopt 32-81] Processed net h_t_prev_reg_n_5562_[6][8]. Replicated 1 times.
INFO: [Physopt 32-81] Processed net h_t_prev_reg_n_5562_[2][14]. Replicated 2 times.
INFO: [Physopt 32-81] Processed net h_t_prev_reg_n_5562_[6][10]. Replicated 1 times.
INFO: [Physopt 32-81] Processed net h_t_prev_reg_n_5562_[4][12]. Replicated 1 times.
INFO: [Physopt 32-81] Processed net h_t_prev_reg_n_5562_[6][4]. Replicated 1 times.
INFO: [Physopt 32-81] Processed net h_t_prev_reg_n_5562_[2][11]. Replicated 2 times.
INFO: [Physopt 32-81] Processed net h_t_prev_reg_n_5562_[4][14]. Replicated 1 times.
INFO: [Physopt 32-81] Processed net h_t_prev_reg_n_5562_[10][3]. Replicated 2 times.
INFO: [Physopt 32-81] Processed net h_t_prev_reg_n_5562_[10][9]. Replicated 3 times.
INFO: [Physopt 32-81] Processed net h_t_prev_reg_n_5562_[6][13]. Replicated 1 times.
INFO: [Physopt 32-81] Processed net h_t_prev_reg_n_5562_[2][13]. Replicated 2 times.
INFO: [Physopt 32-81] Processed net h_t_prev_reg_n_5562_[4][7]. Replicated 1 times.
INFO: [Physopt 32-81] Processed net h_t_prev_reg_n_5562_[6][15]. Replicated 2 times.
INFO: [Physopt 32-81] Processed net h_t_prev_reg_n_5562_[2][5]. Replicated 2 times.
INFO: [Physopt 32-81] Processed net h_t_prev_reg_n_5562_[6][11]. Replicated 1 times.
INFO: [Physopt 32-81] Processed net h_t_prev_reg_n_5562_[10][8]. Replicated 3 times.
INFO: [Physopt 32-81] Processed net h_t_prev_reg_n_5562_[4][9]. Replicated 1 times.
INFO: [Physopt 32-81] Processed net h_t_prev_reg_n_5562_[10][0]. Replicated 3 times.
INFO: [Physopt 32-81] Processed net h_t_prev_reg_n_5562_[4][10]. Replicated 1 times.
INFO: [Physopt 32-81] Processed net h_t_prev_reg_n_5562_[4][8]. Replicated 1 times.
INFO: [Physopt 32-81] Processed net h_t_prev_reg_n_5562_[2][6]. Replicated 2 times.
INFO: [Physopt 32-81] Processed net h_t_prev_reg_n_5562_[2][10]. Replicated 2 times.
INFO: [Physopt 32-81] Processed net h_t_prev_reg_n_5562_[6][6]. Replicated 1 times.
INFO: [Physopt 32-81] Processed net h_t_prev_reg_n_5562_[2][2]. Replicated 2 times.
INFO: [Physopt 32-81] Processed net h_t_prev_reg_n_5562_[6][9]. Replicated 1 times.
INFO: [Physopt 32-81] Processed net h_t_prev_reg_n_5562_[4][11]. Replicated 1 times.
INFO: [Physopt 32-81] Processed net h_t_prev_reg_n_5562_[2][0]. Replicated 2 times.
INFO: [Physopt 32-81] Processed net h_t_prev_reg_n_5562_[2][7]. Replicated 2 times.
INFO: [Physopt 32-81] Processed net h_t_prev_reg_n_5562_[6][0]. Replicated 1 times.
INFO: [Common 17-14] Message 'Physopt 32-81' appears 100 times and further instances of the messages will be disabled. Use the Tcl command set_msg_config to change the current settings.
INFO: [Physopt 32-232] Optimized 200 nets. Created 348 new instances.
INFO: [Physopt 32-775] End 1 Pass. Optimized 200 nets or cells. Created 348 new cells, deleted 0 existing cell and moved 0 existing cell
Netlist sorting complete. Time (s): cpu = 00:00:00 ; elapsed = 00:00:00.047 . Memory (MB): peak = 2107.066 ; gain = 0.000
INFO: [Physopt 32-456] No candidate cells for DSP register optimization found in the design.
INFO: [Physopt 32-775] End 2 Pass. Optimized 0 net or cell. Created 0 new cell, deleted 0 existing cell and moved 0 existing cell
INFO: [Physopt 32-1123] No candidate cells found for Shift Register to Pipeline optimization
INFO: [Physopt 32-775] End 2 Pass. Optimized 0 net or cell. Created 0 new cell, deleted 0 existing cell and moved 0 existing cell
INFO: [Physopt 32-1401] No candidate cells found for Shift Register optimization.
INFO: [Physopt 32-677] No candidate cells for Shift Register optimization found in the design
INFO: [Physopt 32-775] End 1 Pass. Optimized 0 net or cell. Created 0 new cell, deleted 0 existing cell and moved 0 existing cell
INFO: [Physopt 32-526] No candidate cells for BRAM register optimization found in the design
INFO: [Physopt 32-775] End 1 Pass. Optimized 0 net or cell. Created 0 new cell, deleted 0 existing cell and moved 0 existing cell
INFO: [Physopt 32-846] No candidate cells for URAM register optimization found in the design
INFO: [Physopt 32-775] End 1 Pass. Optimized 0 net or cell. Created 0 new cell, deleted 0 existing cell and moved 0 existing cell
INFO: [Physopt 32-846] No candidate cells for URAM register optimization found in the design
INFO: [Physopt 32-775] End 1 Pass. Optimized 0 net or cell. Created 0 new cell, deleted 0 existing cell and moved 0 existing cell
INFO: [Physopt 32-949] No candidate nets found for dynamic/static region interface net replication
INFO: [Physopt 32-775] End 1 Pass. Optimized 0 net or cell. Created 0 new cell, deleted 0 existing cell and moved 0 existing cell
Netlist sorting complete. Time (s): cpu = 00:00:00 ; elapsed = 00:00:00.002 . Memory (MB): peak = 2107.066 ; gain = 0.000

Summary of Physical Synthesis Optimizations
============================================


-----------------------------------------------------------------------------------------------------------------------------------------------------------
|  Optimization                                     |  Added Cells  |  Removed Cells  |  Optimized Cells/Nets  |  Dont Touch  |  Iterations  |  Elapsed   |
-----------------------------------------------------------------------------------------------------------------------------------------------------------
|  LUT Combining                                    |          108  |             31  |                   139  |           0  |           1  |  00:00:00  |
|  Retime                                           |            0  |              0  |                     0  |           0  |           1  |  00:00:00  |
|  Very High Fanout                                 |            0  |              0  |                     0  |           0  |           1  |  00:00:00  |
|  Critical Cell                                    |          348  |              0  |                   200  |           0  |           1  |  00:00:04  |
|  DSP Register                                     |            0  |              0  |                     0  |           0  |           1  |  00:00:00  |
|  Shift Register to Pipeline                       |            0  |              0  |                     0  |           0  |           1  |  00:00:00  |
|  Shift Register                                   |            0  |              0  |                     0  |           0  |           1  |  00:00:00  |
|  BRAM Register                                    |            0  |              0  |                     0  |           0  |           1  |  00:00:00  |
|  URAM Register                                    |            0  |              0  |                     0  |           0  |           1  |  00:00:00  |
|  Dynamic/Static Region Interface Net Replication  |            0  |              0  |                     0  |           0  |           1  |  00:00:00  |
|  Total                                            |          456  |             31  |                   339  |           0  |          10  |  00:00:04  |
-----------------------------------------------------------------------------------------------------------------------------------------------------------


Phase 2.4.2 Physical Synthesis In Placer | Checksum: 1acdd5b91

Time (s): cpu = 00:00:21 ; elapsed = 00:00:15 . Memory (MB): peak = 2107.066 ; gain = 3.125
Phase 2.4 Global Placement Core | Checksum: 15e9f9d7a

Time (s): cpu = 00:00:21 ; elapsed = 00:00:15 . Memory (MB): peak = 2107.066 ; gain = 3.125
Phase 2 Global Placement | Checksum: 15e9f9d7a

Time (s): cpu = 00:00:21 ; elapsed = 00:00:15 . Memory (MB): peak = 2107.066 ; gain = 3.125

Phase 3 Detail Placement

Phase 3.1 Commit Multi Column Macros
Phase 3.1 Commit Multi Column Macros | Checksum: 1f0f3165d

Time (s): cpu = 00:00:22 ; elapsed = 00:00:16 . Memory (MB): peak = 2107.066 ; gain = 3.125

Phase 3.2 Commit Most Macros & LUTRAMs
Phase 3.2 Commit Most Macros & LUTRAMs | Checksum: 17cb62b4c

Time (s): cpu = 00:00:23 ; elapsed = 00:00:16 . Memory (MB): peak = 2107.066 ; gain = 3.125

Phase 3.3 Area Swap Optimization
Phase 3.3 Area Swap Optimization | Checksum: 215886b61

Time (s): cpu = 00:00:23 ; elapsed = 00:00:16 . Memory (MB): peak = 2107.066 ; gain = 3.125

Phase 3.4 Pipeline Register Optimization
Phase 3.4 Pipeline Register Optimization | Checksum: 1a814fa5d

Time (s): cpu = 00:00:23 ; elapsed = 00:00:16 . Memory (MB): peak = 2107.066 ; gain = 3.125

Phase 3.5 Fast Optimization
Phase 3.5 Fast Optimization | Checksum: 232c6fac3

Time (s): cpu = 00:00:26 ; elapsed = 00:00:20 . Memory (MB): peak = 2107.066 ; gain = 3.125

Phase 3.6 Small Shape Detail Placement
Phase 3.6 Small Shape Detail Placement | Checksum: 23fe07252

Time (s): cpu = 00:00:27 ; elapsed = 00:00:21 . Memory (MB): peak = 2107.066 ; gain = 3.125

Phase 3.7 Re-assign LUT pins
Phase 3.7 Re-assign LUT pins | Checksum: 1dda7b5da

Time (s): cpu = 00:00:28 ; elapsed = 00:00:22 . Memory (MB): peak = 2107.066 ; gain = 3.125

Phase 3.8 Pipeline Register Optimization
Phase 3.8 Pipeline Register Optimization | Checksum: 179e31e7b

Time (s): cpu = 00:00:28 ; elapsed = 00:00:22 . Memory (MB): peak = 2107.066 ; gain = 3.125

Phase 3.9 Fast Optimization
Phase 3.9 Fast Optimization | Checksum: 2630dcfb0

Time (s): cpu = 00:00:33 ; elapsed = 00:00:27 . Memory (MB): peak = 2107.066 ; gain = 3.125
Phase 3 Detail Placement | Checksum: 2630dcfb0

Time (s): cpu = 00:00:34 ; elapsed = 00:00:27 . Memory (MB): peak = 2107.066 ; gain = 3.125

Phase 4 Post Placement Optimization and Clean-Up

Phase 4.1 Post Commit Optimization
INFO: [Timing 38-35] Done setting XDC timing constraints.

Phase 4.1.1 Post Placement Optimization
Post Placement Optimization Initialization | Checksum: 2e898c833

Phase 4.1.1.1 BUFG Insertion

Starting Physical Synthesis Task

Phase 1 Physical Synthesis Initialization
INFO: [Physopt 32-721] Multithreading enabled for phys_opt_design using a maximum of 2 CPUs
INFO: [Physopt 32-619] Estimated Timing Summary | WNS=-8.660 | TNS=-700.855 |
Phase 1 Physical Synthesis Initialization | Checksum: 21dec8eb1

Time (s): cpu = 00:00:01 ; elapsed = 00:00:00.175 . Memory (MB): peak = 2134.852 ; gain = 0.000
INFO: [Place 46-33] Processed net u_gru/gen_parallel_elements[0].new_elem/rst_n, BUFG insertion was skipped due to placement/routing conflicts.
INFO: [Place 46-56] BUFG insertion identified 1 candidate nets. Inserted BUFG: 0, Replicated BUFG Driver: 0, Skipped due to Placement/Routing Conflicts: 1, Skipped due to Timing Degradation: 0, Skipped due to netlist editing failed: 0.
Ending Physical Synthesis Task | Checksum: 2bf64057b

Time (s): cpu = 00:00:01 ; elapsed = 00:00:00.379 . Memory (MB): peak = 2134.852 ; gain = 0.000
Phase 4.1.1.1 BUFG Insertion | Checksum: 2e898c833

Time (s): cpu = 00:00:37 ; elapsed = 00:00:30 . Memory (MB): peak = 2134.852 ; gain = 30.910

Phase 4.1.1.2 Post Placement Timing Optimization
INFO: [Place 30-746] Post Placement Timing Summary WNS=-7.874. For the most accurate timing information please run report_timing.
Phase 4.1.1.2 Post Placement Timing Optimization | Checksum: 25b2d2c5f

Time (s): cpu = 00:00:47 ; elapsed = 00:00:39 . Memory (MB): peak = 2150.543 ; gain = 46.602

Time (s): cpu = 00:00:47 ; elapsed = 00:00:39 . Memory (MB): peak = 2150.543 ; gain = 46.602
Phase 4.1 Post Commit Optimization | Checksum: 25b2d2c5f

Time (s): cpu = 00:00:47 ; elapsed = 00:00:39 . Memory (MB): peak = 2150.543 ; gain = 46.602

Phase 4.2 Post Placement Cleanup
Phase 4.2 Post Placement Cleanup | Checksum: 25b2d2c5f

Time (s): cpu = 00:00:47 ; elapsed = 00:00:39 . Memory (MB): peak = 2150.543 ; gain = 46.602

Phase 4.3 Placer Reporting

Phase 4.3.1 Print Estimated Congestion
INFO: [Place 30-612] Post-Placement Estimated Congestion 
 ____________________________________________________
|           | Global Congestion | Short Congestion  |
| Direction | Region Size       | Region Size       |
|___________|___________________|___________________|
|      North|                1x1|                1x1|
|___________|___________________|___________________|
|      South|                1x1|                2x2|
|___________|___________________|___________________|
|       East|                1x1|                1x1|
|___________|___________________|___________________|
|       West|                1x1|                1x1|
|___________|___________________|___________________|

Phase 4.3.1 Print Estimated Congestion | Checksum: 25b2d2c5f

Time (s): cpu = 00:00:47 ; elapsed = 00:00:39 . Memory (MB): peak = 2150.543 ; gain = 46.602
Phase 4.3 Placer Reporting | Checksum: 25b2d2c5f

Time (s): cpu = 00:00:47 ; elapsed = 00:00:39 . Memory (MB): peak = 2150.543 ; gain = 46.602

Phase 4.4 Final Placement Cleanup
Netlist sorting complete. Time (s): cpu = 00:00:00 ; elapsed = 00:00:00.005 . Memory (MB): peak = 2150.543 ; gain = 0.000

Time (s): cpu = 00:00:47 ; elapsed = 00:00:39 . Memory (MB): peak = 2150.543 ; gain = 46.602
Phase 4 Post Placement Optimization and Clean-Up | Checksum: 1db3fe5ee

Time (s): cpu = 00:00:47 ; elapsed = 00:00:40 . Memory (MB): peak = 2150.543 ; gain = 46.602
Ending Placer Task | Checksum: 1aa06d413

Time (s): cpu = 00:00:47 ; elapsed = 00:00:40 . Memory (MB): peak = 2150.543 ; gain = 46.602
177 Infos, 0 Warnings, 0 Critical Warnings and 0 Errors encountered.
place_design completed successfully
place_design: Time (s): cpu = 00:00:48 ; elapsed = 00:00:41 . Memory (MB): peak = 2150.543 ; gain = 46.602
INFO: [Vivado 12-24838] Running report commands "report_control_sets, report_io, report_utilization" in parallel.
Running report generation with 2 threads.
INFO: [Vivado 12-24828] Executing command : report_io -file top_io_placed.rpt
report_io: Time (s): cpu = 00:00:00 ; elapsed = 00:00:00.040 . Memory (MB): peak = 2150.543 ; gain = 0.000
INFO: [Vivado 12-24828] Executing command : report_control_sets -verbose -file top_control_sets_placed.rpt
report_control_sets: Time (s): cpu = 00:00:00 ; elapsed = 00:00:00.015 . Memory (MB): peak = 2150.543 ; gain = 0.000
INFO: [Vivado 12-24828] Executing command : report_utilization -file top_utilization_placed.rpt -pb top_utilization_placed.pb
INFO: [Timing 38-480] Writing timing data to binary archive.
Write ShapeDB Complete: Time (s): cpu = 00:00:00 ; elapsed = 00:00:00.011 . Memory (MB): peak = 2167.422 ; gain = 0.000
Wrote PlaceDB: Time (s): cpu = 00:00:01 ; elapsed = 00:00:00.839 . Memory (MB): peak = 2170.422 ; gain = 3.000
Wrote PulsedLatchDB: Time (s): cpu = 00:00:00 ; elapsed = 00:00:00 . Memory (MB): peak = 2170.422 ; gain = 0.000
Writing XDEF routing.
Writing XDEF routing logical nets.
Writing XDEF routing special nets.
Wrote RouteStorage: Time (s): cpu = 00:00:00 ; elapsed = 00:00:00.022 . Memory (MB): peak = 2170.422 ; gain = 0.000
Wrote Netlist Cache: Time (s): cpu = 00:00:00 ; elapsed = 00:00:00.008 . Memory (MB): peak = 2170.422 ; gain = 0.000
Wrote Device Cache: Time (s): cpu = 00:00:00 ; elapsed = 00:00:00.004 . Memory (MB): peak = 2170.422 ; gain = 0.000
Write Physdb Complete: Time (s): cpu = 00:00:01 ; elapsed = 00:00:00.880 . Memory (MB): peak = 2170.422 ; gain = 3.000
INFO: [Common 17-1381] The checkpoint 'C:/Users/ajrbe/Documents/School/Thesis/BCI/gru-hardware-implementation-and-optimization/actualImplementation/actualImplementation.runs/impl_1/top_placed.dcp' has been generated.
Command: phys_opt_design
Attempting to get a license for feature 'Implementation' and/or device 'xc7a100t'
INFO: [Common 17-349] Got license for feature 'Implementation' and/or device 'xc7a100t'

Starting Initial Update Timing Task

Time (s): cpu = 00:00:01 ; elapsed = 00:00:00.739 . Memory (MB): peak = 2181.910 ; gain = 11.488
INFO: [Vivado_Tcl 4-1435] PhysOpt_Tcl_Interface Runtime Before Starting Physical Synthesis Task | CPU: 1.00s |  WALL: 0.76s
Netlist sorting complete. Time (s): cpu = 00:00:00 ; elapsed = 00:00:00.001 . Memory (MB): peak = 2181.910 ; gain = 0.000

Starting Physical Synthesis Task

Phase 1 Physical Synthesis Initialization
INFO: [Physopt 32-721] Multithreading enabled for phys_opt_design using a maximum of 2 CPUs
INFO: [Physopt 32-619] Estimated Timing Summary | WNS=-7.874 | TNS=-691.575 |
Phase 1 Physical Synthesis Initialization | Checksum: 1abee1262

Time (s): cpu = 00:00:01 ; elapsed = 00:00:00.688 . Memory (MB): peak = 2184.105 ; gain = 2.195
INFO: [Physopt 32-619] Estimated Timing Summary | WNS=-7.874 | TNS=-691.575 |

Phase 2 DSP Register Optimization
INFO: [Physopt 32-456] No candidate cells for DSP register optimization found in the design.
INFO: [Physopt 32-775] End 2 Pass. Optimized 0 net or cell. Created 0 new cell, deleted 0 existing cell and moved 0 existing cell
Phase 2 DSP Register Optimization | Checksum: 1abee1262

Time (s): cpu = 00:00:01 ; elapsed = 00:00:00.729 . Memory (MB): peak = 2184.105 ; gain = 2.195

Phase 3 Critical Path Optimization
INFO: [Physopt 32-619] Estimated Timing Summary | WNS=-7.874 | TNS=-691.575 |
INFO: [Physopt 32-702] Processed net u_gru/gen_parallel_elements[0].new_elem/acc_h_reg_n_5562_[21]. Optimizations did not improve timing on the net.
INFO: [Physopt 32-81] Processed net u_gru/index_reg[1]_rep__0_n_5562. Replicated 3 times.
INFO: [Physopt 32-735] Processed net u_gru/index_reg[1]_rep__0_n_5562. Optimization improves timing on the net.
INFO: [Physopt 32-619] Estimated Timing Summary | WNS=-7.824 | TNS=-691.286 |
INFO: [Physopt 32-663] Processed net u_gru/r_t_storage_reg[11]_28[13].  Re-placed instance u_gru/r_t_storage_reg[11][13]
INFO: [Physopt 32-735] Processed net u_gru/r_t_storage_reg[11]_28[13]. Optimization improves timing on the net.
INFO: [Physopt 32-619] Estimated Timing Summary | WNS=-7.807 | TNS=-691.201 |
INFO: [Physopt 32-81] Processed net u_gru/index_reg[1]_rep__0_n_5562_repN_1. Replicated 1 times.
INFO: [Physopt 32-735] Processed net u_gru/index_reg[1]_rep__0_n_5562_repN_1. Optimization improves timing on the net.
INFO: [Physopt 32-619] Estimated Timing Summary | WNS=-7.804 | TNS=-691.186 |
INFO: [Physopt 32-702] Processed net u_gru/r_t_storage_reg[6]_30[2]. Optimizations did not improve timing on the net.
INFO: [Physopt 32-702] Processed net u_gru/gen_parallel_elements[0].new_elem/gen_mult_h[13].mult_h_inst/in4[21]. Optimizations did not improve timing on the net.
INFO: [Physopt 32-702] Processed net u_gru/gen_parallel_elements[0].new_elem/gen_mult_h[13].mult_h_inst/acc_h_reg[19]_i_2__1_n_5562. Optimizations did not improve timing on the net.
INFO: [Physopt 32-702] Processed net u_gru/gen_parallel_elements[0].new_elem/gen_mult_h[13].mult_h_inst/acc_h[19]_i_7__1_n_5562. Optimizations did not improve timing on the net.
INFO: [Physopt 32-710] Processed net u_gru/gen_parallel_elements[0].new_elem/gen_mult_h[13].mult_h_inst/acc_h[19]_i_7__1_n_5562. Critical path length was reduced through logic transformation on cell u_gru/gen_parallel_elements[0].new_elem/gen_mult_h[13].mult_h_inst/acc_h[19]_i_7__1_comp.
INFO: [Physopt 32-735] Processed net u_gru/gen_parallel_elements[0].new_elem/gen_mult_h[13].mult_h_inst/acc_h[19]_i_3__1_n_5562. Optimization improves timing on the net.
INFO: [Physopt 32-619] Estimated Timing Summary | WNS=-7.737 | TNS=-690.851 |
INFO: [Physopt 32-702] Processed net u_gru/gen_parallel_elements[0].new_elem/gen_mult_h[3].mult_h_inst/CO[0]. Optimizations did not improve timing on the net.
INFO: [Physopt 32-702] Processed net u_gru/gen_parallel_elements[0].new_elem/gen_mult_h[3].mult_h_inst/acc_h_reg[11]_i_2__1_n_5562. Optimizations did not improve timing on the net.
INFO: [Physopt 32-702] Processed net u_gru/gen_parallel_elements[0].new_elem/gen_mult_h[3].mult_h_inst/acc_h_reg[7]_i_2__1_n_5562. Optimizations did not improve timing on the net.
INFO: [Physopt 32-702] Processed net u_gru/gen_parallel_elements[0].new_elem/gen_mult_h[3].mult_h_inst/acc_h_reg[3]_i_2__1_n_5562. Optimizations did not improve timing on the net.
INFO: [Physopt 32-702] Processed net u_gru/gen_parallel_elements[0].new_elem/gen_mult_h[3].mult_h_inst/acc_h[3]_i_6__1_n_5562. Optimizations did not improve timing on the net.
INFO: [Physopt 32-702] Processed net u_gru/gen_parallel_elements[0].new_elem/gen_mult_h[3].mult_h_inst/acc_h_reg[3]_i_16__1_n_5562. Optimizations did not improve timing on the net.
INFO: [Physopt 32-608] Optimized 1 net.  Swapped 12 pins.
INFO: [Physopt 32-735] Processed net u_gru/gen_parallel_elements[0].new_elem/gen_mult_h[7].mult_h_inst/full_product_15. Optimization improves timing on the net.
INFO: [Physopt 32-619] Estimated Timing Summary | WNS=-7.724 | TNS=-689.665 |
INFO: [Physopt 32-608] Optimized 1 net.  Swapped 18 pins.
INFO: [Physopt 32-735] Processed net u_gru/gen_parallel_elements[0].new_elem/gen_mult_h[13].mult_h_inst/acc_h[19]_i_3__1_n_5562. Optimization improves timing on the net.
INFO: [Physopt 32-619] Estimated Timing Summary | WNS=-7.723 | TNS=-689.660 |
INFO: [Physopt 32-702] Processed net u_gru/gen_parallel_elements[0].new_elem/gen_mult_h[3].mult_h_inst/acc_h[7]_i_5__1_n_5562. Optimizations did not improve timing on the net.
INFO: [Physopt 32-702] Processed net u_gru/gen_parallel_elements[0].new_elem/gen_mult_h[3].mult_h_inst/acc_h_reg[7]_i_13__1_n_5562. Optimizations did not improve timing on the net.
INFO: [Physopt 32-702] Processed net u_gru/gen_parallel_elements[0].new_elem/gen_mult_h[7].mult_h_inst/full_product_10. Optimizations did not improve timing on the net.
INFO: [Physopt 32-702] Processed net u_gru/gen_parallel_elements[0].new_elem/gen_mult_h[13].mult_h_inst/D[5]. Optimizations did not improve timing on the net.
INFO: [Physopt 32-702] Processed net u_gru/gen_parallel_elements[0].new_elem/gen_mult_h[6].mult_h_inst/P[5]. Optimizations did not improve timing on the net.
INFO: [Physopt 32-702] Processed net u_gru/gen_parallel_elements[0].new_elem/gen_gate[0].mult_gate_inst/A[2]. Optimizations did not improve timing on the net.
INFO: [Physopt 32-702] Processed net u_gru/gen_parallel_elements[0].new_elem/gen_gate[0].mult_gate_inst/full_product_i_52_n_5562. Optimizations did not improve timing on the net.
INFO: [Physopt 32-702] Processed net u_gru/gen_parallel_elements[0].new_elem/gen_gate[0].mult_gate_inst/full_product_i_86_n_5562. Optimizations did not improve timing on the net.
INFO: [Physopt 32-702] Processed net u_gru/gen_parallel_elements[0].new_elem/gen_gate[6].mult_gate_inst/P[12]. Optimizations did not improve timing on the net.
INFO: [Physopt 32-702] Processed net clk_IBUF. Optimizations did not improve timing on the net.
INFO: [Physopt 32-702] Processed net clk. Optimizations did not improve timing on the net.
INFO: [Physopt 32-702] Processed net u_gru/gen_parallel_elements[0].new_elem/acc_h_reg_n_5562_[21]. Optimizations did not improve timing on the net.
INFO: [Physopt 32-702] Processed net u_gru/r_t_storage_reg[6]_30[2]. Optimizations did not improve timing on the net.
INFO: [Physopt 32-702] Processed net u_gru/gen_parallel_elements[0].new_elem/gen_mult_h[13].mult_h_inst/in4[21]. Optimizations did not improve timing on the net.
INFO: [Physopt 32-702] Processed net u_gru/gen_parallel_elements[0].new_elem/gen_mult_h[3].mult_h_inst/acc_h[7]_i_5__1_n_5562. Optimizations did not improve timing on the net.
INFO: [Physopt 32-702] Processed net u_gru/gen_parallel_elements[0].new_elem/gen_mult_h[3].mult_h_inst/acc_h_reg[7]_i_13__1_n_5562. Optimizations did not improve timing on the net.
INFO: [Physopt 32-702] Processed net u_gru/gen_parallel_elements[0].new_elem/gen_mult_h[7].mult_h_inst/full_product_10. Optimizations did not improve timing on the net.
INFO: [Physopt 32-702] Processed net u_gru/gen_parallel_elements[0].new_elem/gen_mult_h[13].mult_h_inst/D[5]. Optimizations did not improve timing on the net.
INFO: [Physopt 32-702] Processed net u_gru/gen_parallel_elements[0].new_elem/gen_mult_h[6].mult_h_inst/P[5]. Optimizations did not improve timing on the net.
INFO: [Physopt 32-702] Processed net u_gru/gen_parallel_elements[0].new_elem/gen_gate[0].mult_gate_inst/A[2]. Optimizations did not improve timing on the net.
INFO: [Physopt 32-702] Processed net u_gru/gen_parallel_elements[0].new_elem/gen_gate[0].mult_gate_inst/full_product_i_52_n_5562. Optimizations did not improve timing on the net.
INFO: [Physopt 32-702] Processed net u_gru/gen_parallel_elements[0].new_elem/gen_gate[0].mult_gate_inst/full_product_i_86_n_5562. Optimizations did not improve timing on the net.
INFO: [Physopt 32-702] Processed net u_gru/gen_parallel_elements[0].new_elem/gen_gate[6].mult_gate_inst/P[12]. Optimizations did not improve timing on the net.
INFO: [Physopt 32-702] Processed net clk_IBUF. Optimizations did not improve timing on the net.
INFO: [Physopt 32-702] Processed net clk. Optimizations did not improve timing on the net.
INFO: [Physopt 32-619] Estimated Timing Summary | WNS=-7.723 | TNS=-689.660 |
Netlist sorting complete. Time (s): cpu = 00:00:00 ; elapsed = 00:00:00.019 . Memory (MB): peak = 2192.109 ; gain = 0.000
Phase 3 Critical Path Optimization | Checksum: 1abee1262

Time (s): cpu = 00:00:08 ; elapsed = 00:00:04 . Memory (MB): peak = 2192.109 ; gain = 10.199

Phase 4 Critical Path Optimization
INFO: [Physopt 32-619] Estimated Timing Summary | WNS=-7.723 | TNS=-689.660 |
INFO: [Physopt 32-702] Processed net u_gru/gen_parallel_elements[0].new_elem/acc_h_reg_n_5562_[21]. Optimizations did not improve timing on the net.
INFO: [Physopt 32-702] Processed net u_gru/r_t_storage_reg[6]_30[2]. Optimizations did not improve timing on the net.
INFO: [Physopt 32-702] Processed net u_gru/gen_parallel_elements[0].new_elem/gen_mult_h[13].mult_h_inst/in4[21]. Optimizations did not improve timing on the net.
INFO: [Physopt 32-702] Processed net u_gru/gen_parallel_elements[0].new_elem/gen_mult_h[13].mult_h_inst/acc_h_reg[19]_i_2__1_n_5562. Optimizations did not improve timing on the net.
INFO: [Physopt 32-702] Processed net u_gru/gen_parallel_elements[0].new_elem/gen_mult_h[3].mult_h_inst/CO[0]. Optimizations did not improve timing on the net.
INFO: [Physopt 32-702] Processed net u_gru/gen_parallel_elements[0].new_elem/gen_mult_h[3].mult_h_inst/acc_h_reg[11]_i_2__1_n_5562. Optimizations did not improve timing on the net.
INFO: [Physopt 32-702] Processed net u_gru/gen_parallel_elements[0].new_elem/gen_mult_h[3].mult_h_inst/acc_h_reg[7]_i_2__1_n_5562. Optimizations did not improve timing on the net.
INFO: [Physopt 32-702] Processed net u_gru/gen_parallel_elements[0].new_elem/gen_mult_h[3].mult_h_inst/acc_h[7]_i_5__1_n_5562. Optimizations did not improve timing on the net.
INFO: [Physopt 32-702] Processed net u_gru/gen_parallel_elements[0].new_elem/gen_mult_h[3].mult_h_inst/acc_h_reg[7]_i_13__1_n_5562. Optimizations did not improve timing on the net.
INFO: [Physopt 32-702] Processed net u_gru/gen_parallel_elements[0].new_elem/gen_mult_h[7].mult_h_inst/full_product_10. Optimizations did not improve timing on the net.
INFO: [Physopt 32-702] Processed net u_gru/gen_parallel_elements[0].new_elem/gen_mult_h[13].mult_h_inst/D[5]. Optimizations did not improve timing on the net.
INFO: [Physopt 32-702] Processed net u_gru/gen_parallel_elements[0].new_elem/gen_mult_h[6].mult_h_inst/P[5]. Optimizations did not improve timing on the net.
INFO: [Physopt 32-702] Processed net u_gru/gen_parallel_elements[0].new_elem/gen_gate[0].mult_gate_inst/A[2]. Optimizations did not improve timing on the net.
INFO: [Physopt 32-702] Processed net u_gru/gen_parallel_elements[0].new_elem/gen_gate[0].mult_gate_inst/full_product_i_52_n_5562. Optimizations did not improve timing on the net.
INFO: [Physopt 32-702] Processed net u_gru/gen_parallel_elements[0].new_elem/gen_gate[0].mult_gate_inst/full_product_i_86_n_5562. Optimizations did not improve timing on the net.
INFO: [Physopt 32-702] Processed net u_gru/gen_parallel_elements[0].new_elem/gen_gate[6].mult_gate_inst/P[12]. Optimizations did not improve timing on the net.
INFO: [Physopt 32-702] Processed net clk_IBUF. Optimizations did not improve timing on the net.
INFO: [Physopt 32-702] Processed net clk. Optimizations did not improve timing on the net.
INFO: [Physopt 32-702] Processed net u_gru/gen_parallel_elements[0].new_elem/acc_h_reg_n_5562_[21]. Optimizations did not improve timing on the net.
INFO: [Physopt 32-702] Processed net u_gru/r_t_storage_reg[6]_30[2]. Optimizations did not improve timing on the net.
INFO: [Physopt 32-702] Processed net u_gru/gen_parallel_elements[0].new_elem/gen_mult_h[13].mult_h_inst/in4[21]. Optimizations did not improve timing on the net.
INFO: [Physopt 32-702] Processed net u_gru/gen_parallel_elements[0].new_elem/gen_mult_h[3].mult_h_inst/acc_h[7]_i_5__1_n_5562. Optimizations did not improve timing on the net.
INFO: [Physopt 32-702] Processed net u_gru/gen_parallel_elements[0].new_elem/gen_mult_h[3].mult_h_inst/acc_h_reg[7]_i_13__1_n_5562. Optimizations did not improve timing on the net.
INFO: [Physopt 32-702] Processed net u_gru/gen_parallel_elements[0].new_elem/gen_mult_h[7].mult_h_inst/full_product_10. Optimizations did not improve timing on the net.
INFO: [Physopt 32-702] Processed net u_gru/gen_parallel_elements[0].new_elem/gen_mult_h[13].mult_h_inst/D[5]. Optimizations did not improve timing on the net.
INFO: [Physopt 32-702] Processed net u_gru/gen_parallel_elements[0].new_elem/gen_mult_h[6].mult_h_inst/P[5]. Optimizations did not improve timing on the net.
INFO: [Physopt 32-702] Processed net u_gru/gen_parallel_elements[0].new_elem/gen_gate[0].mult_gate_inst/A[2]. Optimizations did not improve timing on the net.
INFO: [Physopt 32-702] Processed net u_gru/gen_parallel_elements[0].new_elem/gen_gate[0].mult_gate_inst/full_product_i_52_n_5562. Optimizations did not improve timing on the net.
INFO: [Physopt 32-702] Processed net u_gru/gen_parallel_elements[0].new_elem/gen_gate[0].mult_gate_inst/full_product_i_86_n_5562. Optimizations did not improve timing on the net.
INFO: [Physopt 32-702] Processed net u_gru/gen_parallel_elements[0].new_elem/gen_gate[6].mult_gate_inst/P[12]. Optimizations did not improve timing on the net.
INFO: [Physopt 32-702] Processed net clk_IBUF. Optimizations did not improve timing on the net.
INFO: [Physopt 32-702] Processed net clk. Optimizations did not improve timing on the net.
INFO: [Physopt 32-619] Estimated Timing Summary | WNS=-7.723 | TNS=-689.660 |
Netlist sorting complete. Time (s): cpu = 00:00:00 ; elapsed = 00:00:00.006 . Memory (MB): peak = 2223.332 ; gain = 0.000
Phase 4 Critical Path Optimization | Checksum: 1abee1262

Time (s): cpu = 00:00:11 ; elapsed = 00:00:06 . Memory (MB): peak = 2223.332 ; gain = 41.422
Netlist sorting complete. Time (s): cpu = 00:00:00 ; elapsed = 00:00:00.002 . Memory (MB): peak = 2223.332 ; gain = 0.000
INFO: [Physopt 32-603] Post Physical Optimization Timing Summary | WNS=-7.723 | TNS=-689.660 |

Summary of Physical Synthesis Optimizations
============================================


-------------------------------------------------------------------------------------------------------------------------------------------------------------
|  Optimization   |  WNS Gain (ns)  |  TNS Gain (ns)  |  Added Cells  |  Removed Cells  |  Optimized Cells/Nets  |  Dont Touch  |  Iterations  |  Elapsed   |
-------------------------------------------------------------------------------------------------------------------------------------------------------------
|  DSP Register   |          0.000  |          0.000  |            0  |              0  |                     0  |           0  |           1  |  00:00:00  |
|  Critical Path  |          0.151  |          1.915  |            4  |              0  |                     6  |           0  |           2  |  00:00:05  |
|  Total          |          0.151  |          1.915  |            4  |              0  |                     6  |           0  |           3  |  00:00:05  |
-------------------------------------------------------------------------------------------------------------------------------------------------------------


Netlist sorting complete. Time (s): cpu = 00:00:00 ; elapsed = 00:00:00.001 . Memory (MB): peak = 2223.332 ; gain = 0.000
Ending Physical Synthesis Task | Checksum: 220758769

Time (s): cpu = 00:00:11 ; elapsed = 00:00:06 . Memory (MB): peak = 2223.332 ; gain = 41.422
INFO: [Common 17-83] Releasing license: Implementation
282 Infos, 0 Warnings, 0 Critical Warnings and 0 Errors encountered.
phys_opt_design completed successfully
phys_opt_design: Time (s): cpu = 00:00:12 ; elapsed = 00:00:07 . Memory (MB): peak = 2223.332 ; gain = 52.910
INFO: [Timing 38-480] Writing timing data to binary archive.
Write ShapeDB Complete: Time (s): cpu = 00:00:00 ; elapsed = 00:00:00.015 . Memory (MB): peak = 2240.133 ; gain = 0.000
Wrote PlaceDB: Time (s): cpu = 00:00:02 ; elapsed = 00:00:00.762 . Memory (MB): peak = 2243.109 ; gain = 2.977
Wrote PulsedLatchDB: Time (s): cpu = 00:00:00 ; elapsed = 00:00:00 . Memory (MB): peak = 2243.109 ; gain = 0.000
Writing XDEF routing.
Writing XDEF routing logical nets.
Writing XDEF routing special nets.
Wrote RouteStorage: Time (s): cpu = 00:00:00 ; elapsed = 00:00:00.022 . Memory (MB): peak = 2243.109 ; gain = 0.000
Wrote Netlist Cache: Time (s): cpu = 00:00:00 ; elapsed = 00:00:00.015 . Memory (MB): peak = 2243.109 ; gain = 0.000
Wrote Device Cache: Time (s): cpu = 00:00:00 ; elapsed = 00:00:00.005 . Memory (MB): peak = 2243.109 ; gain = 0.000
Write Physdb Complete: Time (s): cpu = 00:00:02 ; elapsed = 00:00:00.818 . Memory (MB): peak = 2243.109 ; gain = 2.977
INFO: [Common 17-1381] The checkpoint 'C:/Users/ajrbe/Documents/School/Thesis/BCI/gru-hardware-implementation-and-optimization/actualImplementation/actualImplementation.runs/impl_1/top_physopt.dcp' has been generated.
Command: route_design
Attempting to get a license for feature 'Implementation' and/or device 'xc7a100t'
INFO: [Common 17-349] Got license for feature 'Implementation' and/or device 'xc7a100t'
INFO: [DRC 23-27] Running DRC with 2 threads
INFO: [Vivado_Tcl 4-198] DRC finished with 0 Errors
INFO: [Vivado_Tcl 4-199] Please refer to the DRC report (report_drc) for more information.
Running DRC as a precondition to command route_design
INFO: [DRC 23-27] Running DRC with 2 threads
INFO: [Vivado_Tcl 4-198] DRC finished with 0 Errors
INFO: [Vivado_Tcl 4-199] Please refer to the DRC report (report_drc) for more information.


Starting Routing Task
INFO: [Route 35-254] Multithreading enabled for route_design using a maximum of 8 CPUs

Phase 1 Build RT Design
Checksum: PlaceDB: a180e2a4 ConstDB: 0 ShapeSum: be029b4 RouteDB: b1d25f96
Post Restoration Checksum: NetGraph: db3c5434 | NumContArr: c6432359 | Constraints: c2a8fa9d | Timing: c2a8fa9d
Phase 1 Build RT Design | Checksum: 326d16cc7

Time (s): cpu = 00:00:46 ; elapsed = 00:00:37 . Memory (MB): peak = 2407.480 ; gain = 145.504

Phase 2 Router Initialization

Phase 2.1 Fix Topology Constraints
Phase 2.1 Fix Topology Constraints | Checksum: 326d16cc7

Time (s): cpu = 00:00:46 ; elapsed = 00:00:37 . Memory (MB): peak = 2407.480 ; gain = 145.504

Phase 2.2 Pre Route Cleanup
Phase 2.2 Pre Route Cleanup | Checksum: 326d16cc7

Time (s): cpu = 00:00:46 ; elapsed = 00:00:37 . Memory (MB): peak = 2407.480 ; gain = 145.504
 Number of Nodes with overlaps = 0

Phase 2.3 Update Timing
Phase 2.3 Update Timing | Checksum: 2104475da

Time (s): cpu = 00:00:49 ; elapsed = 00:00:39 . Memory (MB): peak = 2446.977 ; gain = 185.000
INFO: [Route 35-416] Intermediate Timing Summary | WNS=-7.758 | TNS=-681.819| WHS=-0.549 | THS=-18.942|


Router Utilization Summary
  Global Vertical Routing Utilization    = 0 %
  Global Horizontal Routing Utilization  = 0 %
  Routable Net Status*
  *Does not include unroutable nets such as driverless and loadless.
  Run report_route_status for detailed report.
  Number of Failed Nets               = 10216
    (Failed Nets is the sum of unrouted and partially routed nets)
  Number of Unrouted Nets             = 10216
  Number of Partially Routed Nets     = 0
  Number of Node Overlaps             = 0

Phase 2 Router Initialization | Checksum: 1e2b9afe7

Time (s): cpu = 00:00:51 ; elapsed = 00:00:40 . Memory (MB): peak = 2449.340 ; gain = 187.363

Phase 3 Global Routing
Phase 3 Global Routing | Checksum: 1e2b9afe7

Time (s): cpu = 00:00:51 ; elapsed = 00:00:40 . Memory (MB): peak = 2449.340 ; gain = 187.363

Phase 4 Initial Routing

Phase 4.1 Initial Net Routing Pass
Phase 4.1 Initial Net Routing Pass | Checksum: 34d361e95

Time (s): cpu = 00:00:53 ; elapsed = 00:00:41 . Memory (MB): peak = 2449.340 ; gain = 187.363
Phase 4 Initial Routing | Checksum: 34d361e95

Time (s): cpu = 00:00:53 ; elapsed = 00:00:41 . Memory (MB): peak = 2449.340 ; gain = 187.363
INFO: [Route 35-580] Design has 3 pins with tight setup and hold constraints.

The top 5 pins with tight setup and hold constraints:

+====================+===================+===========================================================+
| Launch Setup Clock | Launch Hold Clock | Pin                                                       |
+====================+===================+===========================================================+
| sys_clk            | sys_clk           | u_gru/gen_parallel_elements[0].reset_elem/acc_x_reg[24]/D |
| sys_clk            | sys_clk           | u_gru/gen_parallel_elements[0].reset_elem/acc_x_reg[23]/D |
| sys_clk            | sys_clk           | u_gru/gen_parallel_elements[0].reset_elem/acc_x_reg[8]/D  |
+--------------------+-------------------+-----------------------------------------------------------+

File with complete list of pins: tight_setup_hold_pins.txt


Phase 5 Rip-up And Reroute

Phase 5.1 Global Iteration 0
 Number of Nodes with overlaps = 1078
 Number of Nodes with overlaps = 341
 Number of Nodes with overlaps = 134
 Number of Nodes with overlaps = 49
 Number of Nodes with overlaps = 20
 Number of Nodes with overlaps = 12
 Number of Nodes with overlaps = 5
 Number of Nodes with overlaps = 0
INFO: [Route 35-416] Intermediate Timing Summary | WNS=-8.216 | TNS=-944.290| WHS=N/A    | THS=N/A    |

Phase 5.1 Global Iteration 0 | Checksum: 2310931b0

Time (s): cpu = 00:01:06 ; elapsed = 00:00:50 . Memory (MB): peak = 2482.363 ; gain = 220.387

Phase 5.2 Global Iteration 1
 Number of Nodes with overlaps = 250
 Number of Nodes with overlaps = 136
 Number of Nodes with overlaps = 77
 Number of Nodes with overlaps = 29
 Number of Nodes with overlaps = 10
 Number of Nodes with overlaps = 0
INFO: [Route 35-416] Intermediate Timing Summary | WNS=-8.254 | TNS=-944.681| WHS=N/A    | THS=N/A    |

Phase 5.2 Global Iteration 1 | Checksum: 2a4c09e54

Time (s): cpu = 00:01:17 ; elapsed = 00:00:56 . Memory (MB): peak = 2482.363 ; gain = 220.387
Phase 5 Rip-up And Reroute | Checksum: 2a4c09e54

Time (s): cpu = 00:01:17 ; elapsed = 00:00:56 . Memory (MB): peak = 2482.363 ; gain = 220.387

Phase 6 Delay and Skew Optimization

Phase 6.1 Delay CleanUp

Phase 6.1.1 Update Timing
Phase 6.1.1 Update Timing | Checksum: 28b631eae

Time (s): cpu = 00:01:18 ; elapsed = 00:00:56 . Memory (MB): peak = 2482.363 ; gain = 220.387
INFO: [Route 35-416] Intermediate Timing Summary | WNS=-8.128 | TNS=-936.830| WHS=N/A    | THS=N/A    |

 Number of Nodes with overlaps = 0
Phase 6.1 Delay CleanUp | Checksum: 23ece3884

Time (s): cpu = 00:01:55 ; elapsed = 00:01:04 . Memory (MB): peak = 2956.375 ; gain = 694.398

Phase 6.2 Clock Skew Optimization
Phase 6.2 Clock Skew Optimization | Checksum: 23ece3884

Time (s): cpu = 00:01:55 ; elapsed = 00:01:04 . Memory (MB): peak = 2956.375 ; gain = 694.398
Phase 6 Delay and Skew Optimization | Checksum: 23ece3884

Time (s): cpu = 00:01:55 ; elapsed = 00:01:04 . Memory (MB): peak = 2956.375 ; gain = 694.398

Phase 7 Post Hold Fix

Phase 7.1 Hold Fix Iter
INFO: [Route 35-416] Intermediate Timing Summary | WNS=-8.128 | TNS=-811.617| WHS=0.045  | THS=0.000  |

Phase 7.1 Hold Fix Iter | Checksum: 20e2da226

Time (s): cpu = 00:01:56 ; elapsed = 00:01:04 . Memory (MB): peak = 2956.375 ; gain = 694.398
Phase 7 Post Hold Fix | Checksum: 20e2da226

Time (s): cpu = 00:01:56 ; elapsed = 00:01:04 . Memory (MB): peak = 2956.375 ; gain = 694.398

Phase 8 Route finalize

Router Utilization Summary
  Global Vertical Routing Utilization    = 4.83101 %
  Global Horizontal Routing Utilization  = 5.48821 %
  Routable Net Status*
  *Does not include unroutable nets such as driverless and loadless.
  Run report_route_status for detailed report.
  Number of Failed Nets               = 0
    (Failed Nets is the sum of unrouted and partially routed nets)
  Number of Unrouted Nets             = 0
  Number of Partially Routed Nets     = 0
  Number of Node Overlaps             = 0


--GLOBAL Congestion:
Utilization threshold used for congestion level computation: 0.85
Congestion Report
North Dir 1x1 Area, Max Cong = 64.8649%, No Congested Regions.
South Dir 1x1 Area, Max Cong = 58.5586%, No Congested Regions.
East Dir 1x1 Area, Max Cong = 57.3529%, No Congested Regions.
West Dir 1x1 Area, Max Cong = 57.3529%, No Congested Regions.

------------------------------
Reporting congestion hotspots
------------------------------
Direction: North
----------------
Congested clusters found at Level 0
Effective congestion level: 0 Aspect Ratio: 1 Sparse Ratio: 0
Direction: South
----------------
Congested clusters found at Level 0
Effective congestion level: 0 Aspect Ratio: 1 Sparse Ratio: 0
Direction: East
----------------
Congested clusters found at Level 0
Effective congestion level: 0 Aspect Ratio: 1 Sparse Ratio: 0
Direction: West
----------------
Congested clusters found at Level 0
Effective congestion level: 0 Aspect Ratio: 1 Sparse Ratio: 0

Phase 8 Route finalize | Checksum: 20e2da226

Time (s): cpu = 00:01:56 ; elapsed = 00:01:04 . Memory (MB): peak = 2956.375 ; gain = 694.398

Phase 9 Verifying routed nets

 Verification completed successfully
Phase 9 Verifying routed nets | Checksum: 20e2da226

Time (s): cpu = 00:01:57 ; elapsed = 00:01:04 . Memory (MB): peak = 2956.375 ; gain = 694.398

Phase 10 Depositing Routes
Phase 10 Depositing Routes | Checksum: 1d8afd486

Time (s): cpu = 00:01:57 ; elapsed = 00:01:05 . Memory (MB): peak = 2956.375 ; gain = 694.398

Phase 11 Post Process Routing
Phase 11 Post Process Routing | Checksum: 1d8afd486

Time (s): cpu = 00:01:57 ; elapsed = 00:01:05 . Memory (MB): peak = 2956.375 ; gain = 694.398

Phase 12 Post Router Timing
INFO: [Route 35-57] Estimated Timing Summary | WNS=-8.128 | TNS=-811.617| WHS=0.045  | THS=0.000  |

WARNING: [Route 35-328] Router estimated timing not met.
Resolution: For a complete and accurate timing signoff, report_timing_summary must be run after route_design. Alternatively, route_design can be run with the -timing_summary option to enable a complete timing signoff at the end of route_design.
Phase 12 Post Router Timing | Checksum: 1d8afd486

Time (s): cpu = 00:01:57 ; elapsed = 00:01:05 . Memory (MB): peak = 2956.375 ; gain = 694.398
Total Elapsed time in route_design: 64.786 secs

Phase 13 Post-Route Event Processing
Phase 13 Post-Route Event Processing | Checksum: 153c6129a

Time (s): cpu = 00:01:57 ; elapsed = 00:01:05 . Memory (MB): peak = 2956.375 ; gain = 694.398
INFO: [Route 35-16] Router Completed Successfully
Ending Routing Task | Checksum: 153c6129a

Time (s): cpu = 00:01:57 ; elapsed = 00:01:05 . Memory (MB): peak = 2956.375 ; gain = 694.398

Routing Is Done.
INFO: [Common 17-83] Releasing license: Implementation
301 Infos, 1 Warnings, 0 Critical Warnings and 0 Errors encountered.
route_design completed successfully
route_design: Time (s): cpu = 00:02:01 ; elapsed = 00:01:07 . Memory (MB): peak = 2956.375 ; gain = 713.266
INFO: [Vivado 12-24828] Executing command : report_drc -file top_drc_routed.rpt -pb top_drc_routed.pb -rpx top_drc_routed.rpx
Command: report_drc -file top_drc_routed.rpt -pb top_drc_routed.pb -rpx top_drc_routed.rpx
INFO: [IP_Flow 19-1839] IP Catalog is up to date.
INFO: [DRC 23-27] Running DRC with 2 threads
INFO: [Vivado_Tcl 2-168] The results of DRC are in file C:/Users/ajrbe/Documents/School/Thesis/BCI/gru-hardware-implementation-and-optimization/actualImplementation/actualImplementation.runs/impl_1/top_drc_routed.rpt.
report_drc completed successfully
INFO: [Vivado 12-24828] Executing command : report_methodology -file top_methodology_drc_routed.rpt -pb top_methodology_drc_routed.pb -rpx top_methodology_drc_routed.rpx
Command: report_methodology -file top_methodology_drc_routed.rpt -pb top_methodology_drc_routed.pb -rpx top_methodology_drc_routed.rpx
INFO: [Timing 38-35] Done setting XDC timing constraints.
INFO: [DRC 23-133] Running Methodology with 2 threads
INFO: [Vivado_Tcl 2-1520] The results of Report Methodology are in file C:/Users/ajrbe/Documents/School/Thesis/BCI/gru-hardware-implementation-and-optimization/actualImplementation/actualImplementation.runs/impl_1/top_methodology_drc_routed.rpt.
report_methodology completed successfully
INFO: [Vivado 12-24828] Executing command : report_timing_summary -max_paths 10 -report_unconstrained -file top_timing_summary_routed.rpt -pb top_timing_summary_routed.pb -rpx top_timing_summary_routed.rpx -warn_on_violation 
INFO: [Timing 38-35] Done setting XDC timing constraints.
INFO: [Timing 38-91] UpdateTimingParams: Speed grade: -1, Delay Type: min_max.
INFO: [Timing 38-191] Multithreading enabled for timing update using a maximum of 2 CPUs
CRITICAL WARNING: [Timing 38-282] The design failed to meet the timing requirements. Please see the timing summary report for details on the timing violations.
INFO: [Vivado 12-24838] Running report commands "report_incremental_reuse, report_route_status" in parallel.
Running report generation with 2 threads.
INFO: [Vivado 12-24828] Executing command : report_incremental_reuse -file top_incremental_reuse_routed.rpt
INFO: [Vivado_Tcl 4-1062] Incremental flow is disabled. No incremental reuse Info to report.
INFO: [Vivado 12-24828] Executing command : report_route_status -file top_route_status.rpt -pb top_route_status.pb
INFO: [Vivado 12-24828] Executing command : report_power -file top_power_routed.rpt -pb top_power_summary_routed.pb -rpx top_power_routed.rpx
Command: report_power -file top_power_routed.rpt -pb top_power_summary_routed.pb -rpx top_power_routed.rpx
Running Vector-less Activity Propagation...

Finished Running Vector-less Activity Propagation
318 Infos, 1 Warnings, 1 Critical Warnings and 0 Errors encountered.
report_power completed successfully
INFO: [Vivado 12-24828] Executing command : report_clock_utilization -file top_clock_utilization_routed.rpt
WARNING: [Device 21-9320] Failed to find the Oracle tile group with name 'HSR_BOUNDARY_TOP'. This is required for Clock regions and Virtual grid.
WARNING: [Device 21-2174] Failed to initialize Virtual grid.
INFO: [Vivado 12-24828] Executing command : report_bus_skew -warn_on_violation -file top_bus_skew_routed.rpt -pb top_bus_skew_routed.pb -rpx top_bus_skew_routed.rpx
INFO: [Timing 38-91] UpdateTimingParams: Speed grade: -1, Delay Type: min_max.
INFO: [Timing 38-191] Multithreading enabled for timing update using a maximum of 2 CPUs
generate_parallel_reports: Time (s): cpu = 00:00:13 ; elapsed = 00:00:09 . Memory (MB): peak = 2956.375 ; gain = 0.000
INFO: [Timing 38-480] Writing timing data to binary archive.
Write ShapeDB Complete: Time (s): cpu = 00:00:00 ; elapsed = 00:00:00.012 . Memory (MB): peak = 2956.375 ; gain = 0.000
Wrote PlaceDB: Time (s): cpu = 00:00:02 ; elapsed = 00:00:01 . Memory (MB): peak = 2956.375 ; gain = 0.000
Wrote PulsedLatchDB: Time (s): cpu = 00:00:00 ; elapsed = 00:00:00 . Memory (MB): peak = 2956.375 ; gain = 0.000
Writing XDEF routing.
Writing XDEF routing logical nets.
Writing XDEF routing special nets.
Wrote RouteStorage: Time (s): cpu = 00:00:01 ; elapsed = 00:00:00.173 . Memory (MB): peak = 2956.375 ; gain = 0.000
Wrote Netlist Cache: Time (s): cpu = 00:00:00 ; elapsed = 00:00:00.011 . Memory (MB): peak = 2956.375 ; gain = 0.000
Wrote Device Cache: Time (s): cpu = 00:00:00 ; elapsed = 00:00:00.004 . Memory (MB): peak = 2956.375 ; gain = 0.000
Write Physdb Complete: Time (s): cpu = 00:00:03 ; elapsed = 00:00:01 . Memory (MB): peak = 2956.375 ; gain = 0.000
INFO: [Common 17-1381] The checkpoint 'C:/Users/ajrbe/Documents/School/Thesis/BCI/gru-hardware-implementation-and-optimization/actualImplementation/actualImplementation.runs/impl_1/top_routed.dcp' has been generated.
INFO: [Common 17-206] Exiting Vivado at Sun Mar  1 10:30:11 2026...
