Copyright 1986-2022 Xilinx, Inc. All Rights Reserved. Copyright 2022-2024 Advanced Micro Devices, Inc. All Rights Reserved.
---------------------------------------------------------------------------------------------------------------------------------------------
| Tool Version : Vivado v.2024.1 (win64) Build 5076996 Wed May 22 18:37:14 MDT 2024
| Date         : Sun Mar  1 11:34:51 2026
| Host         : hiccup running 64-bit major release  (build 9200)
| Command      : report_drc -file top_drc_routed.rpt -pb top_drc_routed.pb -rpx top_drc_routed.rpx
| Design       : top
| Device       : xc7a100tcsg324-1
| Speed File   : -1
| Design State : Fully Routed
---------------------------------------------------------------------------------------------------------------------------------------------

Report DRC

Table of Contents
-----------------
1. REPORT SUMMARY
2. REPORT DETAILS

1. REPORT SUMMARY
-----------------
            Netlist: netlist
          Floorplan: design_1
      Design limits: <entire design considered>
           Ruledeck: default
             Max violations: <unlimited>
             Violations found: 24
+--------+----------+------------------------+------------+
| Rule   | Severity | Description            | Violations |
+--------+----------+------------------------+------------+
| DPIP-1 | Warning  | Input pipelining       | 15         |
| DPOP-2 | Warning  | MREG Output pipelining | 9          |
+--------+----------+------------------------+------------+

2. REPORT DETAILS
-----------------
DPIP-1#1 Warning
Input pipelining  
DSP u_gru/gen_parallel_elements[0].hidden_elem/mult_term1/full_product input u_gru/gen_parallel_elements[0].hidden_elem/mult_term1/full_product/A[29:0] is not pipelined. Pipelining DSP48 input will improve performance.
Related violations: <none>

DPIP-1#2 Warning
Input pipelining  
DSP u_gru/gen_parallel_elements[0].hidden_elem/mult_term1/full_product input u_gru/gen_parallel_elements[0].hidden_elem/mult_term1/full_product/B[17:0] is not pipelined. Pipelining DSP48 input will improve performance.
Related violations: <none>

DPIP-1#3 Warning
Input pipelining  
DSP u_gru/gen_parallel_elements[0].hidden_elem/mult_term2/full_product input u_gru/gen_parallel_elements[0].hidden_elem/mult_term2/full_product/A[29:0] is not pipelined. Pipelining DSP48 input will improve performance.
Related violations: <none>

DPIP-1#4 Warning
Input pipelining  
DSP u_gru/gen_parallel_elements[0].hidden_elem/mult_term2/full_product input u_gru/gen_parallel_elements[0].hidden_elem/mult_term2/full_product/B[17:0] is not pipelined. Pipelining DSP48 input will improve performance.
Related violations: <none>

DPIP-1#5 Warning
Input pipelining  
DSP u_gru/gen_parallel_elements[0].new_elem/mult_gate/full_product input u_gru/gen_parallel_elements[0].new_elem/mult_gate/full_product/A[29:0] is not pipelined. Pipelining DSP48 input will improve performance.
Related violations: <none>

DPIP-1#6 Warning
Input pipelining  
DSP u_gru/gen_parallel_elements[0].new_elem/mult_gate/full_product input u_gru/gen_parallel_elements[0].new_elem/mult_gate/full_product/B[17:0] is not pipelined. Pipelining DSP48 input will improve performance.
Related violations: <none>

DPIP-1#7 Warning
Input pipelining  
DSP u_gru/gen_parallel_elements[0].new_elem/mult_main/full_product input u_gru/gen_parallel_elements[0].new_elem/mult_main/full_product/B[17:0] is not pipelined. Pipelining DSP48 input will improve performance.
Related violations: <none>

DPIP-1#8 Warning
Input pipelining  
DSP u_gru/gen_parallel_elements[0].new_elem/tanh_inst/sig_inst/mult_full input u_gru/gen_parallel_elements[0].new_elem/tanh_inst/sig_inst/mult_full/A[29:0] is not pipelined. Pipelining DSP48 input will improve performance.
Related violations: <none>

DPIP-1#9 Warning
Input pipelining  
DSP u_gru/gen_parallel_elements[0].new_elem/tanh_inst/sig_inst/mult_full input u_gru/gen_parallel_elements[0].new_elem/tanh_inst/sig_inst/mult_full/B[17:0] is not pipelined. Pipelining DSP48 input will improve performance.
Related violations: <none>

DPIP-1#10 Warning
Input pipelining  
DSP u_gru/gen_parallel_elements[0].reset_elem/mult_inst/full_product input u_gru/gen_parallel_elements[0].reset_elem/mult_inst/full_product/B[17:0] is not pipelined. Pipelining DSP48 input will improve performance.
Related violations: <none>

DPIP-1#11 Warning
Input pipelining  
DSP u_gru/gen_parallel_elements[0].reset_elem/sigmoid_inst/mult_full input u_gru/gen_parallel_elements[0].reset_elem/sigmoid_inst/mult_full/A[29:0] is not pipelined. Pipelining DSP48 input will improve performance.
Related violations: <none>

DPIP-1#12 Warning
Input pipelining  
DSP u_gru/gen_parallel_elements[0].reset_elem/sigmoid_inst/mult_full input u_gru/gen_parallel_elements[0].reset_elem/sigmoid_inst/mult_full/B[17:0] is not pipelined. Pipelining DSP48 input will improve performance.
Related violations: <none>

DPIP-1#13 Warning
Input pipelining  
DSP u_gru/gen_parallel_elements[0].update_elem/mult_inst/full_product input u_gru/gen_parallel_elements[0].update_elem/mult_inst/full_product/B[17:0] is not pipelined. Pipelining DSP48 input will improve performance.
Related violations: <none>

DPIP-1#14 Warning
Input pipelining  
DSP u_gru/gen_parallel_elements[0].update_elem/sigmoid_inst/mult_full input u_gru/gen_parallel_elements[0].update_elem/sigmoid_inst/mult_full/A[29:0] is not pipelined. Pipelining DSP48 input will improve performance.
Related violations: <none>

DPIP-1#15 Warning
Input pipelining  
DSP u_gru/gen_parallel_elements[0].update_elem/sigmoid_inst/mult_full input u_gru/gen_parallel_elements[0].update_elem/sigmoid_inst/mult_full/B[17:0] is not pipelined. Pipelining DSP48 input will improve performance.
Related violations: <none>

DPOP-2#1 Warning
MREG Output pipelining  
DSP u_gru/gen_parallel_elements[0].hidden_elem/mult_term1/full_product multiplier stage u_gru/gen_parallel_elements[0].hidden_elem/mult_term1/full_product/P[47:0] is not pipelined (MREG=0). Pipelining the multiplier function will improve performance and will save significant power so it is suggested whenever possible to fully pipeline this function.  If this multiplier was inferred, it is suggested to describe an additional register stage after this function.  If there is no registered adder/accumulator following the multiply function, two pipeline stages are suggested to allow both the MREG and PREG registers to be used.  If the DSP48 was instantiated in the design, it is suggested to set both the MREG and PREG attributes to 1 when performing multiply functions.
Related violations: <none>

DPOP-2#2 Warning
MREG Output pipelining  
DSP u_gru/gen_parallel_elements[0].hidden_elem/mult_term2/full_product multiplier stage u_gru/gen_parallel_elements[0].hidden_elem/mult_term2/full_product/P[47:0] is not pipelined (MREG=0). Pipelining the multiplier function will improve performance and will save significant power so it is suggested whenever possible to fully pipeline this function.  If this multiplier was inferred, it is suggested to describe an additional register stage after this function.  If there is no registered adder/accumulator following the multiply function, two pipeline stages are suggested to allow both the MREG and PREG registers to be used.  If the DSP48 was instantiated in the design, it is suggested to set both the MREG and PREG attributes to 1 when performing multiply functions.
Related violations: <none>

DPOP-2#3 Warning
MREG Output pipelining  
DSP u_gru/gen_parallel_elements[0].new_elem/mult_gate/full_product multiplier stage u_gru/gen_parallel_elements[0].new_elem/mult_gate/full_product/P[47:0] is not pipelined (MREG=0). Pipelining the multiplier function will improve performance and will save significant power so it is suggested whenever possible to fully pipeline this function.  If this multiplier was inferred, it is suggested to describe an additional register stage after this function.  If there is no registered adder/accumulator following the multiply function, two pipeline stages are suggested to allow both the MREG and PREG registers to be used.  If the DSP48 was instantiated in the design, it is suggested to set both the MREG and PREG attributes to 1 when performing multiply functions.
Related violations: <none>

DPOP-2#4 Warning
MREG Output pipelining  
DSP u_gru/gen_parallel_elements[0].new_elem/mult_main/full_product multiplier stage u_gru/gen_parallel_elements[0].new_elem/mult_main/full_product/P[47:0] is not pipelined (MREG=0). Pipelining the multiplier function will improve performance and will save significant power so it is suggested whenever possible to fully pipeline this function.  If this multiplier was inferred, it is suggested to describe an additional register stage after this function.  If there is no registered adder/accumulator following the multiply function, two pipeline stages are suggested to allow both the MREG and PREG registers to be used.  If the DSP48 was instantiated in the design, it is suggested to set both the MREG and PREG attributes to 1 when performing multiply functions.
Related violations: <none>

DPOP-2#5 Warning
MREG Output pipelining  
DSP u_gru/gen_parallel_elements[0].new_elem/tanh_inst/sig_inst/mult_full multiplier stage u_gru/gen_parallel_elements[0].new_elem/tanh_inst/sig_inst/mult_full/P[47:0] is not pipelined (MREG=0). Pipelining the multiplier function will improve performance and will save significant power so it is suggested whenever possible to fully pipeline this function.  If this multiplier was inferred, it is suggested to describe an additional register stage after this function.  If there is no registered adder/accumulator following the multiply function, two pipeline stages are suggested to allow both the MREG and PREG registers to be used.  If the DSP48 was instantiated in the design, it is suggested to set both the MREG and PREG attributes to 1 when performing multiply functions.
Related violations: <none>

DPOP-2#6 Warning
MREG Output pipelining  
DSP u_gru/gen_parallel_elements[0].reset_elem/mult_inst/full_product multiplier stage u_gru/gen_parallel_elements[0].reset_elem/mult_inst/full_product/P[47:0] is not pipelined (MREG=0). Pipelining the multiplier function will improve performance and will save significant power so it is suggested whenever possible to fully pipeline this function.  If this multiplier was inferred, it is suggested to describe an additional register stage after this function.  If there is no registered adder/accumulator following the multiply function, two pipeline stages are suggested to allow both the MREG and PREG registers to be used.  If the DSP48 was instantiated in the design, it is suggested to set both the MREG and PREG attributes to 1 when performing multiply functions.
Related violations: <none>

DPOP-2#7 Warning
MREG Output pipelining  
DSP u_gru/gen_parallel_elements[0].reset_elem/sigmoid_inst/mult_full multiplier stage u_gru/gen_parallel_elements[0].reset_elem/sigmoid_inst/mult_full/P[47:0] is not pipelined (MREG=0). Pipelining the multiplier function will improve performance and will save significant power so it is suggested whenever possible to fully pipeline this function.  If this multiplier was inferred, it is suggested to describe an additional register stage after this function.  If there is no registered adder/accumulator following the multiply function, two pipeline stages are suggested to allow both the MREG and PREG registers to be used.  If the DSP48 was instantiated in the design, it is suggested to set both the MREG and PREG attributes to 1 when performing multiply functions.
Related violations: <none>

DPOP-2#8 Warning
MREG Output pipelining  
DSP u_gru/gen_parallel_elements[0].update_elem/mult_inst/full_product multiplier stage u_gru/gen_parallel_elements[0].update_elem/mult_inst/full_product/P[47:0] is not pipelined (MREG=0). Pipelining the multiplier function will improve performance and will save significant power so it is suggested whenever possible to fully pipeline this function.  If this multiplier was inferred, it is suggested to describe an additional register stage after this function.  If there is no registered adder/accumulator following the multiply function, two pipeline stages are suggested to allow both the MREG and PREG registers to be used.  If the DSP48 was instantiated in the design, it is suggested to set both the MREG and PREG attributes to 1 when performing multiply functions.
Related violations: <none>

DPOP-2#9 Warning
MREG Output pipelining  
DSP u_gru/gen_parallel_elements[0].update_elem/sigmoid_inst/mult_full multiplier stage u_gru/gen_parallel_elements[0].update_elem/sigmoid_inst/mult_full/P[47:0] is not pipelined (MREG=0). Pipelining the multiplier function will improve performance and will save significant power so it is suggested whenever possible to fully pipeline this function.  If this multiplier was inferred, it is suggested to describe an additional register stage after this function.  If there is no registered adder/accumulator following the multiply function, two pipeline stages are suggested to allow both the MREG and PREG registers to be used.  If the DSP48 was instantiated in the design, it is suggested to set both the MREG and PREG attributes to 1 when performing multiply functions.
Related violations: <none>


