#
# An unexpected error has occurred (11)
#
Stack:
/lib/x86_64-linux-gnu/libc.so.6(+0x43090) [0x7f2ce0cd7090]
/tools/Xilinx/Vivado/2024.1/lib/lnx64.o/librdi_synth.so(HARTNlUtil::isCarryInst(NInst&)+0x10c) [0x7f2caa7c3b4c]
/tools/Xilinx/Vivado/2024.1/lib/lnx64.o/librdi_synth.so(HARTNNetDelayReader::getCellNameMapping[abi:cxx11](NInst)+0x313) [0x7f2ca9c20543]
/tools/Xilinx/Vivado/2024.1/lib/lnx64.o/librdi_synth.so(HARTTDelayCalc::updatePinDelay(TTime&, TNetInfo*, TNDesC*, TNPinC*)+0xa96) [0x7f2ca9c26856]
/tools/Xilinx/Vivado/2024.1/lib/lnx64.o/librdi_synth.so(TNPinC::updateDriverAndLoadingPins(int, TNetInfo&, bool)+0x5b1) [0x7f2cab2882d1]
/tools/Xilinx/Vivado/2024.1/lib/lnx64.o/librdi_synth.so(TNPinC::updateDriverAndNetArcs(bool)+0x1a3) [0x7f2cab296043]
/tools/Xilinx/Vivado/2024.1/lib/lnx64.o/librdi_synth.so(TNPinC::slew(TBiIn)+0x256) [0x7f2cab297166]
/tools/Xilinx/Vivado/2024.1/lib/lnx64.o/librdi_synth.so(TNInstC::getVal(TVal (*) [2], TLibDelayList const*, TArcType, TNPinC*, TNPinC*, bool) const+0x92) [0x7f2cab272392]
/tools/Xilinx/Vivado/2024.1/lib/lnx64.o/librdi_synth.so(TNInstC::computeDelayAndSlew(BRFTime&, RF<TTimeShort>&, bool, int, int, TLibPin*, DdNode*, bool)+0xf0) [0x7f2cab2726b0]
/tools/Xilinx/Vivado/2024.1/lib/lnx64.o/librdi_synth.so(TNInstC::updateDrvArcs(int, bool, bool)+0x80a) [0x7f2cab27522a]
/tools/Xilinx/Vivado/2024.1/lib/lnx64.o/librdi_synth.so(TNPinC::updateDrvArcs(bool, bool)+0x6a) [0x7f2cab287b8a]
/tools/Xilinx/Vivado/2024.1/lib/lnx64.o/librdi_synth.so(TNPinC::updateDriverAndLoadingPins(int, TNetInfo&, bool)+0x191) [0x7f2cab287eb1]
/tools/Xilinx/Vivado/2024.1/lib/lnx64.o/librdi_synth.so(TNPinC::updateDriverAndNetArcs(bool)+0x1a3) [0x7f2cab296043]
/tools/Xilinx/Vivado/2024.1/lib/lnx64.o/librdi_synth.so(TNPinC::slew(TBiIn)+0x256) [0x7f2cab297166]
/tools/Xilinx/Vivado/2024.1/lib/lnx64.o/librdi_synth.so(TGenDelayArc::setSlewVal(int, TNPinC const*)+0x19) [0x7f2cab24d189]
/tools/Xilinx/Vivado/2024.1/lib/lnx64.o/librdi_synth.so(TGenDelayArc::TGenDelayArc(TLibDelayList const*, bool, int, TNPinC const*, TNPinC const*, UHashMap<TNPinC const*, int, TNPinC const*, UEKey<TNPinC const*> > const&, TMode*, int, bool)+0x285) [0x7f2cab24d4d5]
/tools/Xilinx/Vivado/2024.1/lib/lnx64.o/librdi_synth.so(TGenChar::getDelayArc(TLibDelayList const*, bool, int, TNPinC const*, TNPinC const*, TMode*, int, bool)+0x6a) [0x7f2cab2e2a3a]
/tools/Xilinx/Vivado/2024.1/lib/lnx64.o/librdi_synth.so(TGenDelayTmp::add(TTime, TNInstC*, int, int, TLibDelayList const*, TArcType, TGenChar*, int, TMode*, UList<TTag*, UListNode<TTag*>, TTag*, UEValue<TTag*, UListNode<TTag*> > >&)+0x2c0) [0x7f2cab24a6d0]
/tools/Xilinx/Vivado/2024.1/lib/lnx64.o/librdi_synth.so(TGenDelaysTmp::addDelays(TGenDelaysTmp const*, TTime, TNInstC*, int, int, TLibDelayList const*, TArcType, TGenChar*, int, TMode*, UList<TTag*, UListNode<TTag*>, TTag*, UEValue<TTag*, UListNode<TTag*> > >&)+0xb6) [0x7f2cab24ec06]
/tools/Xilinx/Vivado/2024.1/lib/lnx64.o/librdi_synth.so(TGenDelaysTmpArray::addDelays(TGenDelaysTmpArray*, TTime, TNInstC*, int, int, TLibDelayList const*, TArcType, TGenChar*, int, UList<TTag*, UListNode<TTag*>, TTag*, UEValue<TTag*, UListNode<TTag*> > >&)+0x4f2) [0x7f2cab24f7e2]
/tools/Xilinx/Vivado/2024.1/lib/lnx64.o/librdi_synth.so(TGenPinTmp::addDelays(TGenPinTmp const*, TTime, TGenChar*, TNInstC*, int, int, TLibDelayList const*, TArcType, bool, UList<TTag*, UListNode<TTag*>, TTag*, UEValue<TTag*, UListNode<TTag*> > >&)+0x12d) [0x7f2cab24fadd]
/tools/Xilinx/Vivado/2024.1/lib/lnx64.o/librdi_synth.so(TGenChar::propagateLoadPin(TNPinC*, TGenPinTmp*, TNPinC*, int, TGenPinTmp*&)+0x9b6) [0x7f2cab2e39f6]
/tools/Xilinx/Vivado/2024.1/lib/lnx64.o/librdi_synth.so(TGenChar::propagate(TNPinC*, TGenPinTmp*)+0x6c4) [0x7f2cab2e5234]
/tools/Xilinx/Vivado/2024.1/lib/lnx64.o/librdi_synth.so(TGenChar::TGenChar(TNDesC*)+0x937) [0x7f2cab2e7617]
/tools/Xilinx/Vivado/2024.1/lib/lnx64.o/librdi_synth.so(TNGenC::tUpdate()+0xf4) [0x7f2cab26d374]
/tools/Xilinx/Vivado/2024.1/lib/lnx64.o/librdi_synth.so(TArcsToPinIterator::TArcsToPinIterator(TNPinC const*)+0x74f) [0x7f2cab28373f]
/tools/Xilinx/Vivado/2024.1/lib/lnx64.o/librdi_synth.so(TNPinC::needsInputViews() const+0x64) [0x7f2cab283884]
/tools/Xilinx/Vivado/2024.1/lib/lnx64.o/librdi_synth.so(TNDesC::processInvPins()+0x19d) [0x7f2cab2646ed]
/tools/Xilinx/Vivado/2024.1/lib/lnx64.o/librdi_synth.so(TNDesC::processInvNetQ(TNPinC*, TBiIn)+0x1c) [0x7f2cab264cdc]
/tools/Xilinx/Vivado/2024.1/lib/lnx64.o/librdi_synth.so(TNDesC::updateViews(bool, bool, TNPinC*, TBiIn)+0x24f) [0x7f2cab2650af]
/tools/Xilinx/Vivado/2024.1/lib/lnx64.o/librdi_synth.so(TNDesC::endGroups()+0x15) [0x7f2cab265595]
/tools/Xilinx/Vivado/2024.1/lib/lnx64.o/librdi_synth.so(TNDesC::worstSlack(bool)+0x1a) [0x7f2cab265d2a]
/tools/Xilinx/Vivado/2024.1/lib/lnx64.o/librdi_synth.so(NDes::worstSlack()+0x1b) [0x7f2cab265ddb]
/tools/Xilinx/Vivado/2024.1/lib/lnx64.o/librdi_synth.so(HARTNDb::cleanupNetlist(char const*)+0x127) [0x7f2ca9b635a7]
/tools/Xilinx/Vivado/2024.1/lib/lnx64.o/librdi_synth.so(+0x140ac25) [0x7f2ca9d08c25]
/tools/Xilinx/Vivado/2024.1/lib/lnx64.o/librdi_synth.so(+0x13623e5) [0x7f2ca9c603e5]
/tools/Xilinx/Vivado/2024.1/lib/lnx64.o/libtcl8.6.so(TclNRRunCallbacks+0x47) [0x7f2cdcfcd497]
/tools/Xilinx/Vivado/2024.1/lib/lnx64.o/librdi_commontasks.so(+0x25c6d1) [0x7f2cd6b006d1]
/tools/Xilinx/Vivado/2024.1/lib/lnx64.o/libtcl8.6.so(TclNRRunCallbacks+0x47) [0x7f2cdcfcd497]
/tools/Xilinx/Vivado/2024.1/lib/lnx64.o/librdi_commontasks.so(+0x25c6d1) [0x7f2cd6b006d1]
/tools/Xilinx/Vivado/2024.1/lib/lnx64.o/libtcl8.6.so(TclNRRunCallbacks+0x47) [0x7f2cdcfcd497]
/tools/Xilinx/Vivado/2024.1/lib/lnx64.o/libtcl8.6.so(+0x45309) [0x7f2cdcfcf309]
/tools/Xilinx/Vivado/2024.1/lib/lnx64.o/libtcl8.6.so(Tcl_FSEvalFileEx+0x1f8) [0x7f2cdd084ae8]
/tools/Xilinx/Vivado/2024.1/lib/lnx64.o/librdi_commontasks.so(+0x27c1d5) [0x7f2cd6b201d5]
/tools/Xilinx/Vivado/2024.1/lib/lnx64.o/librdi_common.so(+0xd85d9f) [0x7f2ce2036d9f]
/tools/Xilinx/Vivado/2024.1/lib/lnx64.o/libtcl8.6.so(TclNRRunCallbacks+0x47) [0x7f2cdcfcd497]
/tools/Xilinx/Vivado/2024.1/lib/lnx64.o/libtcl8.6.so(+0x45309) [0x7f2cdcfcf309]
/tools/Xilinx/Vivado/2024.1/lib/lnx64.o/libtcl8.6.so(Tcl_FSEvalFileEx+0x1f8) [0x7f2cdd084ae8]
/tools/Xilinx/Vivado/2024.1/lib/lnx64.o/librdi_commontasks.so(+0x27c1d5) [0x7f2cd6b201d5]
/tools/Xilinx/Vivado/2024.1/lib/lnx64.o/librdi_common.so(+0xd85d9f) [0x7f2ce2036d9f]
/tools/Xilinx/Vivado/2024.1/lib/lnx64.o/libtcl8.6.so(TclNRRunCallbacks+0x47) [0x7f2cdcfcd497]
/tools/Xilinx/Vivado/2024.1/lib/lnx64.o/librdi_commontasks.so(+0x25c6d1) [0x7f2cd6b006d1]
/tools/Xilinx/Vivado/2024.1/lib/lnx64.o/libtcl8.6.so(TclNRRunCallbacks+0x47) [0x7f2cdcfcd497]
/tools/Xilinx/Vivado/2024.1/lib/lnx64.o/librdi_common.so(hdi::tcltasks::task_manager::eval_in_tcl(Tcl_Interp*, Tcl_Obj*, char const*, bool)+0x7ad) [0x7f2ce203515d]
/tools/Xilinx/Vivado/2024.1/lib/lnx64.o/librdi_synth.so(HARTSWorker::runInternal()+0xe5) [0x7f2caa8567a5]
/tools/Xilinx/Vivado/2024.1/lib/lnx64.o/librdi_synth.so(HARTSWorker::runJob(HARTSWorkerConfig&)+0x3f) [0x7f2caa857f5f]
/tools/Xilinx/Vivado/2024.1/lib/lnx64.o/librdi_synth.so(HARTSWorker::mainLoop()+0x8b) [0x7f2caa859c4b]
/tools/Xilinx/Vivado/2024.1/lib/lnx64.o/librdi_synth.so(HARTNDb::parallelListen(char const*, char const*, char const*)+0x39) [0x7f2ca9bdcce9]
/tools/Xilinx/Vivado/2024.1/lib/lnx64.o/librdi_synth.so(+0x14a4a74) [0x7f2ca9da2a74]
/tools/Xilinx/Vivado/2024.1/lib/lnx64.o/librdi_synth.so(+0x13623e5) [0x7f2ca9c603e5]
/tools/Xilinx/Vivado/2024.1/lib/lnx64.o/libtcl8.6.so(TclNRRunCallbacks+0x47) [0x7f2cdcfcd497]
/tools/Xilinx/Vivado/2024.1/lib/lnx64.o/librdi_commontasks.so(+0x25c62e) [0x7f2cd6b0062e]
/tools/Xilinx/Vivado/2024.1/lib/lnx64.o/libtcl8.6.so(TclNRRunCallbacks+0x47) [0x7f2cdcfcd497]
/tools/Xilinx/Vivado/2024.1/lib/lnx64.o/libtcl8.6.so(+0x45309) [0x7f2cdcfcf309]
/tools/Xilinx/Vivado/2024.1/lib/lnx64.o/libtcl8.6.so(Tcl_FSEvalFileEx+0x1f8) [0x7f2cdd084ae8]
/tools/Xilinx/Vivado/2024.1/lib/lnx64.o/librdi_commontasks.so(+0x27c1d5) [0x7f2cd6b201d5]
/tools/Xilinx/Vivado/2024.1/lib/lnx64.o/librdi_common.so(+0xd85d9f) [0x7f2ce2036d9f]
/tools/Xilinx/Vivado/2024.1/lib/lnx64.o/libtcl8.6.so(TclNRRunCallbacks+0x47) [0x7f2cdcfcd497]
/tools/Xilinx/Vivado/2024.1/lib/lnx64.o/librdi_commontasks.so(+0x2c4bad) [0x7f2cd6b68bad]
/tools/Xilinx/Vivado/2024.1/lib/lnx64.o/librdi_commontasks.so(+0x2c61df) [0x7f2cd6b6a1df]
/tools/Xilinx/Vivado/2024.1/lib/lnx64.o/librdi_common.so(+0xd85d9f) [0x7f2ce2036d9f]
/tools/Xilinx/Vivado/2024.1/lib/lnx64.o/libtcl8.6.so(TclNRRunCallbacks+0x47) [0x7f2cdcfcd497]
/tools/Xilinx/Vivado/2024.1/lib/lnx64.o/librdi_commonmain.so(+0xe6d2) [0x7f2ce12a46d2]
/tools/Xilinx/Vivado/2024.1/lib/lnx64.o/libtcl8.6.so(Tcl_MainEx+0x1a8) [0x7f2cdd08c038]
/tools/Xilinx/Vivado/2024.1/lib/lnx64.o/librdi_common.so(+0xdaf42b) [0x7f2ce206042b]
/lib/x86_64-linux-gnu/libpthread.so.0(+0x8609) [0x7f2ce0c79609]
/lib/x86_64-linux-gnu/libc.so.6(clone+0x43) [0x7f2ce0db3353]
