#-----------------------------------------------------------
# Vivado v2024.1 (64-bit)
# SW Build 5076996 on Wed May 22 18:36:09 MDT 2024
# IP Build 5075265 on Wed May 22 21:45:21 MDT 2024
# SharedData Build 5076995 on Wed May 22 18:29:18 MDT 2024
# Start of session at: Sat Dec 20 00:03:30 2025
# Process ID: 3057143
# Current directory: /home/lex/Documents/git/gru-hardware-implementation-and-optimization/optimizedImplementation
# Command line: vivado -mode batch -source run_vivado.tcl
# Log file: /home/lex/Documents/git/gru-hardware-implementation-and-optimization/optimizedImplementation/vivado.log
# Journal file: /home/lex/Documents/git/gru-hardware-implementation-and-optimization/optimizedImplementation/vivado.jou
# Running On        :Toothless
# Platform          :Ubuntu
# Operating System  :Ubuntu 20.04.6 LTS
# Processor Detail  :AMD Ryzen 5 7600X 6-Core Processor
# CPU Frequency     :2986.742 MHz
# CPU Physical cores:6
# CPU Logical cores :12
# Host memory       :32695 MB
# Swap memory       :2147 MB
# Total Virtual     :34842 MB
# Available Virtual :27786 MB
#-----------------------------------------------------------
source run_vivado.tcl
# set proj_name gru_proj
# set proj_dir ./vivado_proj
# set part_name xcu250-figd2104-2L-e
# set top_module top_level
# set tb_module gru_tb
# if { [file exists $proj_dir] } {
#     file delete -force $proj_dir
# }
# create_project $proj_name $proj_dir -part $part_name
# add_files /home/lex/Documents/git/gru-hardware-implementation-and-optimization/optimizedImplementation/top_level.sv
# add_files /home/lex/Documents/git/gru-hardware-implementation-and-optimization/optimizedImplementation/tanh.sv
# add_files /home/lex/Documents/git/gru-hardware-implementation-and-optimization/optimizedImplementation/mult.sv
# add_files /home/lex/Documents/git/gru-hardware-implementation-and-optimization/optimizedImplementation/sigmoid.sv
# add_files /home/lex/Documents/git/gru-hardware-implementation-and-optimization/optimizedImplementation/gru_cell_parallel.sv
# add_files /home/lex/Documents/git/gru-hardware-implementation-and-optimization/optimizedImplementation/gru_hidden_state_element.sv
# add_files /home/lex/Documents/git/gru-hardware-implementation-and-optimization/optimizedImplementation/gru_new_gate_element.sv
# add_files /home/lex/Documents/git/gru-hardware-implementation-and-optimization/optimizedImplementation/gru_reset_gate_element.sv
# add_files /home/lex/Documents/git/gru-hardware-implementation-and-optimization/optimizedImplementation/gru_update_gate_element.sv
# add_files -fileset sim_1 /home/lex/Documents/git/gru-hardware-implementation-and-optimization/optimizedImplementation/gru_tb.sv
# read_xdc /home/lex/Documents/git/gru-hardware-implementation-and-optimization/optimizedImplementation/constraints.xdc
# foreach sv_file [glob -nocomplain /home/lex/Documents/git/gru-hardware-implementation-and-optimization/optimizedImplementation/*.sv] {
#     if {[file tail $sv_file] ne "gru_tb.sv"} {
#         set_property file_type {SystemVerilog} [get_files $sv_file]
#     }
# }
# set_property top $top_module [current_fileset]
# update_compile_order -fileset sources_1
# set_property top $tb_module [get_filesets sim_1]
# update_compile_order -fileset sim_1
# set_property -name {xsim.simulate.runtime} -value {1000ns} -objects [get_filesets sim_1]
# launch_simulation -mode behavioral
Command: launch_simulation  -mode behavioral
INFO: [Vivado 12-12493] Simulation top is 'gru_tb'
INFO: [Vivado 12-5682] Launching behavioral simulation in '/home/lex/Documents/git/gru-hardware-implementation-and-optimization/optimizedImplementation/vivado_proj/gru_proj.sim/sim_1/behav/xsim'
INFO: [SIM-utils-51] Simulation object is 'sim_1'
INFO: [SIM-utils-72] Using boost library from '/tools/Xilinx/Vivado/2024.1/tps/boost_1_72_0'
INFO: [SIM-utils-54] Inspecting design source files for 'gru_tb' in fileset 'sim_1'...
INFO: [USF-XSim-97] Finding global include files...
INFO: [USF-XSim-98] Fetching design files from 'sim_1'...
INFO: [USF-XSim-2] XSim::Compile design
INFO: [USF-XSim-61] Executing 'COMPILE and ANALYZE' step in '/home/lex/Documents/git/gru-hardware-implementation-and-optimization/optimizedImplementation/vivado_proj/gru_proj.sim/sim_1/behav/xsim'
xvlog --incr --relax -L uvm -prj gru_tb_vlog.prj
INFO: [VRFC 10-2263] Analyzing SystemVerilog file "/home/lex/Documents/git/gru-hardware-implementation-and-optimization/optimizedImplementation/gru_cell_parallel.sv" into library xil_defaultlib
INFO: [VRFC 10-311] analyzing module gru_cell_parallel
INFO: [VRFC 10-2263] Analyzing SystemVerilog file "/home/lex/Documents/git/gru-hardware-implementation-and-optimization/optimizedImplementation/gru_hidden_state_element.sv" into library xil_defaultlib
INFO: [VRFC 10-311] analyzing module gru_hidden_state_element
INFO: [VRFC 10-2263] Analyzing SystemVerilog file "/home/lex/Documents/git/gru-hardware-implementation-and-optimization/optimizedImplementation/gru_new_gate_element.sv" into library xil_defaultlib
INFO: [VRFC 10-311] analyzing module gru_new_gate_element
INFO: [VRFC 10-2263] Analyzing SystemVerilog file "/home/lex/Documents/git/gru-hardware-implementation-and-optimization/optimizedImplementation/gru_reset_gate_element.sv" into library xil_defaultlib
INFO: [VRFC 10-311] analyzing module gru_reset_gate_element
INFO: [VRFC 10-2263] Analyzing SystemVerilog file "/home/lex/Documents/git/gru-hardware-implementation-and-optimization/optimizedImplementation/gru_update_gate_element.sv" into library xil_defaultlib
INFO: [VRFC 10-311] analyzing module gru_update_gate_element
INFO: [VRFC 10-2263] Analyzing SystemVerilog file "/home/lex/Documents/git/gru-hardware-implementation-and-optimization/optimizedImplementation/mult.sv" into library xil_defaultlib
INFO: [VRFC 10-311] analyzing module mult
INFO: [VRFC 10-2263] Analyzing SystemVerilog file "/home/lex/Documents/git/gru-hardware-implementation-and-optimization/optimizedImplementation/sigmoid.sv" into library xil_defaultlib
INFO: [VRFC 10-311] analyzing module sigmoid
INFO: [VRFC 10-2263] Analyzing SystemVerilog file "/home/lex/Documents/git/gru-hardware-implementation-and-optimization/optimizedImplementation/tanh.sv" into library xil_defaultlib
INFO: [VRFC 10-311] analyzing module tanh
INFO: [VRFC 10-2263] Analyzing SystemVerilog file "/home/lex/Documents/git/gru-hardware-implementation-and-optimization/optimizedImplementation/gru_tb.sv" into library xil_defaultlib
INFO: [VRFC 10-311] analyzing module gru_tb
INFO: [VRFC 10-2263] Analyzing Verilog file "/home/lex/Documents/git/gru-hardware-implementation-and-optimization/optimizedImplementation/vivado_proj/gru_proj.sim/sim_1/behav/xsim/glbl.v" into library xil_defaultlib
INFO: [VRFC 10-311] analyzing module glbl
Waiting for jobs to finish...
No pending jobs, compilation finished.
INFO: [USF-XSim-69] 'compile' step finished in '1' seconds
INFO: [USF-XSim-3] XSim::Elaborate design
INFO: [USF-XSim-61] Executing 'ELABORATE' step in '/home/lex/Documents/git/gru-hardware-implementation-and-optimization/optimizedImplementation/vivado_proj/gru_proj.sim/sim_1/behav/xsim'
xelab --incr --debug typical --relax --mt 8 -L xil_defaultlib -L uvm -L unisims_ver -L unimacro_ver -L secureip --snapshot gru_tb_behav xil_defaultlib.gru_tb xil_defaultlib.glbl -log elaborate.log
Vivado Simulator v2024.1
Copyright 1986-2022 Xilinx, Inc. All Rights Reserved.
Copyright 2022-2024 Advanced Micro Devices, Inc. All Rights Reserved.
Running: /tools/Xilinx/Vivado/2024.1/bin/unwrapped/lnx64.o/xelab --incr --debug typical --relax --mt 8 -L xil_defaultlib -L uvm -L unisims_ver -L unimacro_ver -L secureip --snapshot gru_tb_behav xil_defaultlib.gru_tb xil_defaultlib.glbl -log elaborate.log 
Using 8 slave threads.
Starting static elaboration
Pass Through NonSizing Optimizer
Completed static elaboration
Starting simulation data flow analysis
WARNING: [XSIM 43-4099] "/home/lex/Documents/git/gru-hardware-implementation-and-optimization/optimizedImplementation/gru_cell_parallel.sv" Line 5. Module gru_cell_parallel(DATA_WIDTH=21) doesn't have a timescale but at least one module in design has a timescale.
WARNING: [XSIM 43-4099] "/home/lex/Documents/git/gru-hardware-implementation-and-optimization/optimizedImplementation/gru_reset_gate_element.sv" Line 5. Module gru_reset_gate_element(D=64,H=16,INT_BITS=10,FRAC_BITS=11,DATA_WIDTH=21) doesn't have a timescale but at least one module in design has a timescale.
WARNING: [XSIM 43-4099] "/home/lex/Documents/git/gru-hardware-implementation-and-optimization/optimizedImplementation/gru_update_gate_element.sv" Line 5. Module gru_update_gate_element(D=64,H=16,INT_BITS=10,FRAC_BITS=11,DATA_WIDTH=21) doesn't have a timescale but at least one module in design has a timescale.
WARNING: [XSIM 43-4099] "/home/lex/Documents/git/gru-hardware-implementation-and-optimization/optimizedImplementation/gru_new_gate_element.sv" Line 5. Module gru_new_gate_element(D=64,H=16,INT_BITS=10,FRAC_BITS=11,DATA_WIDTH=21) doesn't have a timescale but at least one module in design has a timescale.
WARNING: [XSIM 43-4099] "/home/lex/Documents/git/gru-hardware-implementation-and-optimization/optimizedImplementation/gru_hidden_state_element.sv" Line 5. Module gru_hidden_state_element(INT_BITS=10,FRAC_BITS=11,DATA_WIDTH=21) doesn't have a timescale but at least one module in design has a timescale.
WARNING: [XSIM 43-4099] "/home/lex/Documents/git/gru-hardware-implementation-and-optimization/optimizedImplementation/gru_cell_parallel.sv" Line 5. Module gru_cell_parallel(DATA_WIDTH=21) doesn't have a timescale but at least one module in design has a timescale.
WARNING: [XSIM 43-4099] "/home/lex/Documents/git/gru-hardware-implementation-and-optimization/optimizedImplementation/gru_reset_gate_element.sv" Line 5. Module gru_reset_gate_element(D=64,H=16,INT_BITS=10,FRAC_BITS=11,DATA_WIDTH=21) doesn't have a timescale but at least one module in design has a timescale.
WARNING: [XSIM 43-4099] "/home/lex/Documents/git/gru-hardware-implementation-and-optimization/optimizedImplementation/gru_update_gate_element.sv" Line 5. Module gru_update_gate_element(D=64,H=16,INT_BITS=10,FRAC_BITS=11,DATA_WIDTH=21) doesn't have a timescale but at least one module in design has a timescale.
WARNING: [XSIM 43-4099] "/home/lex/Documents/git/gru-hardware-implementation-and-optimization/optimizedImplementation/gru_new_gate_element.sv" Line 5. Module gru_new_gate_element(D=64,H=16,INT_BITS=10,FRAC_BITS=11,DATA_WIDTH=21) doesn't have a timescale but at least one module in design has a timescale.
WARNING: [XSIM 43-4099] "/home/lex/Documents/git/gru-hardware-implementation-and-optimization/optimizedImplementation/gru_hidden_state_element.sv" Line 5. Module gru_hidden_state_element(INT_BITS=10,FRAC_BITS=11,DATA_WIDTH=21) doesn't have a timescale but at least one module in design has a timescale.
Completed simulation data flow analysis
Time Resolution for simulation is 1ps
Compiling module xil_defaultlib.mult(INT_WIDTH=10,FRAC_WIDTH=11)
Compiling module xil_defaultlib.sigmoid(INT_WIDTH=10,FRAC_WIDTH=...
Compiling module xil_defaultlib.gru_reset_gate_element(D=64,H=16...
Compiling module xil_defaultlib.gru_update_gate_element(D=64,H=1...
Compiling module xil_defaultlib.tanh(INT_WIDTH=10,FRAC_WIDTH=11)
Compiling module xil_defaultlib.gru_new_gate_element(D=64,H=16,I...
Compiling module xil_defaultlib.gru_hidden_state_element(INT_BIT...
Compiling module xil_defaultlib.gru_cell_parallel(DATA_WIDTH=21)
Compiling module xil_defaultlib.gru_tb
Compiling module xil_defaultlib.glbl
Built simulation snapshot gru_tb_behav
INFO: [USF-XSim-69] 'elaborate' step finished in '3' seconds
INFO: [USF-XSim-4] XSim::Simulate design
INFO: [USF-XSim-61] Executing 'SIMULATE' step in '/home/lex/Documents/git/gru-hardware-implementation-and-optimization/optimizedImplementation/vivado_proj/gru_proj.sim/sim_1/behav/xsim'
INFO: [USF-XSim-98] *** Running xsim
   with args "gru_tb_behav -key {Behavioral:sim_1:Functional:gru_tb} -tclbatch {gru_tb.tcl} -log {simulate.log}"
INFO: [USF-XSim-8] Loading simulator feature
Time resolution is 1 ps
source gru_tb.tcl
## set curr_wave [current_wave_config]
## if { [string length $curr_wave] == 0 } {
##   if { [llength [get_objects]] > 0} {
##     add_wave /
##     set_property needs_save false [current_wave_config]
##   } else {
##      send_msg_id Add_Wave-1 WARNING "No top level signals found. Simulator will start without a wave window. If you want to open a wave window go to 'File->New Waveform Configuration' or type 'create_wave_config' in the TCL console."
##   }
## }
## run 1000ns
INFO: [USF-XSim-96] XSim completed. Design snapshot 'gru_tb_behav' loaded.
INFO: [USF-XSim-97] XSim simulation ran for 1000ns
launch_simulation: Time (s): cpu = 00:00:08 ; elapsed = 00:00:05 . Memory (MB): peak = 1476.914 ; gain = 61.324 ; free physical = 18946 ; free virtual = 26158
# run 5000us

==========================================================
Simulation Complete
==========================================================
Test Vectors:   100
Total Cycles:   8400
Average Cycles: 84.00
==========================================================
Output file:    output_d64_h16_dw21_fb11_np1.txt
Cycles file:    cycles_d64_h16_dw21_fb11_np1.txt
==========================================================
$finish called at time : 93145 ns : File "/home/lex/Documents/git/gru-hardware-implementation-and-optimization/optimizedImplementation/gru_tb.sv" Line 16325
# close_sim -force
INFO: [Simtcl 6-16] Simulation closed
# after 500
# synth_design -top $top_module -part $part_name
Command: synth_design -top top_level -part xcu250-figd2104-2L-e
Starting synth_design
Attempting to get a license for feature 'Synthesis' and/or device 'xcu250'
INFO: [Common 17-349] Got license for feature 'Synthesis' and/or device 'xcu250'
INFO: [Device 21-403] Loading part xcu250-figd2104-2L-e
INFO: [Synth 8-7079] Multithreading enabled for synth_design using a maximum of 4 processes.
INFO: [Synth 8-7078] Launching helper process for spawning children vivado processes
INFO: [Synth 8-7075] Helper process launched with PID 3057280
---------------------------------------------------------------------------------
Starting RTL Elaboration : Time (s): cpu = 00:00:02 ; elapsed = 00:00:02 . Memory (MB): peak = 3018.699 ; gain = 396.711 ; free physical = 17140 ; free virtual = 24352
---------------------------------------------------------------------------------
INFO: [Synth 8-6157] synthesizing module 'top_level' [/home/lex/Documents/git/gru-hardware-implementation-and-optimization/optimizedImplementation/top_level.sv:5]
INFO: [Synth 8-6157] synthesizing module 'gru_cell_parallel' [/home/lex/Documents/git/gru-hardware-implementation-and-optimization/optimizedImplementation/gru_cell_parallel.sv:5]
	Parameter D bound to: 32'sb00000000000000000000000001000000 
	Parameter H bound to: 32'sb00000000000000000000000000010000 
	Parameter FRAC_BITS bound to: 32'sb00000000000000000000000000001001 
	Parameter DATA_WIDTH bound to: 32'sb00000000000000000000000000001111 
	Parameter NUM_PARALLEL bound to: 32'sb00000000000000000000000000001000 
INFO: [Synth 8-6157] synthesizing module 'gru_reset_gate_element' [/home/lex/Documents/git/gru-hardware-implementation-and-optimization/optimizedImplementation/gru_reset_gate_element.sv:5]
	Parameter D bound to: 32'sb00000000000000000000000001000000 
	Parameter H bound to: 32'sb00000000000000000000000000010000 
	Parameter INT_BITS bound to: 32'sb00000000000000000000000000001010 
	Parameter FRAC_BITS bound to: 32'sb00000000000000000000000000001001 
	Parameter DATA_WIDTH bound to: 32'sb00000000000000000000000000001111 
INFO: [Synth 8-6157] synthesizing module 'mult' [/home/lex/Documents/git/gru-hardware-implementation-and-optimization/optimizedImplementation/mult.sv:4]
	Parameter INT_WIDTH bound to: 10 - type: integer 
	Parameter FRAC_WIDTH bound to: 9 - type: integer 
INFO: [Synth 8-6155] done synthesizing module 'mult' (0#1) [/home/lex/Documents/git/gru-hardware-implementation-and-optimization/optimizedImplementation/mult.sv:4]
WARNING: [Synth 8-689] width (15) of port connection 'a' does not match port width (19) of module 'mult' [/home/lex/Documents/git/gru-hardware-implementation-and-optimization/optimizedImplementation/gru_reset_gate_element.sv:61]
WARNING: [Synth 8-689] width (15) of port connection 'b' does not match port width (19) of module 'mult' [/home/lex/Documents/git/gru-hardware-implementation-and-optimization/optimizedImplementation/gru_reset_gate_element.sv:62]
WARNING: [Synth 8-689] width (15) of port connection 'y' does not match port width (19) of module 'mult' [/home/lex/Documents/git/gru-hardware-implementation-and-optimization/optimizedImplementation/gru_reset_gate_element.sv:63]
WARNING: [Synth 8-689] width (15) of port connection 'a' does not match port width (19) of module 'mult' [/home/lex/Documents/git/gru-hardware-implementation-and-optimization/optimizedImplementation/gru_reset_gate_element.sv:61]
WARNING: [Synth 8-689] width (15) of port connection 'b' does not match port width (19) of module 'mult' [/home/lex/Documents/git/gru-hardware-implementation-and-optimization/optimizedImplementation/gru_reset_gate_element.sv:62]
WARNING: [Synth 8-689] width (15) of port connection 'y' does not match port width (19) of module 'mult' [/home/lex/Documents/git/gru-hardware-implementation-and-optimization/optimizedImplementation/gru_reset_gate_element.sv:63]
WARNING: [Synth 8-689] width (15) of port connection 'a' does not match port width (19) of module 'mult' [/home/lex/Documents/git/gru-hardware-implementation-and-optimization/optimizedImplementation/gru_reset_gate_element.sv:61]
WARNING: [Synth 8-689] width (15) of port connection 'b' does not match port width (19) of module 'mult' [/home/lex/Documents/git/gru-hardware-implementation-and-optimization/optimizedImplementation/gru_reset_gate_element.sv:62]
WARNING: [Synth 8-689] width (15) of port connection 'y' does not match port width (19) of module 'mult' [/home/lex/Documents/git/gru-hardware-implementation-and-optimization/optimizedImplementation/gru_reset_gate_element.sv:63]
WARNING: [Synth 8-689] width (15) of port connection 'a' does not match port width (19) of module 'mult' [/home/lex/Documents/git/gru-hardware-implementation-and-optimization/optimizedImplementation/gru_reset_gate_element.sv:61]
WARNING: [Synth 8-689] width (15) of port connection 'b' does not match port width (19) of module 'mult' [/home/lex/Documents/git/gru-hardware-implementation-and-optimization/optimizedImplementation/gru_reset_gate_element.sv:62]
WARNING: [Synth 8-689] width (15) of port connection 'y' does not match port width (19) of module 'mult' [/home/lex/Documents/git/gru-hardware-implementation-and-optimization/optimizedImplementation/gru_reset_gate_element.sv:63]
WARNING: [Synth 8-689] width (15) of port connection 'a' does not match port width (19) of module 'mult' [/home/lex/Documents/git/gru-hardware-implementation-and-optimization/optimizedImplementation/gru_reset_gate_element.sv:61]
WARNING: [Synth 8-689] width (15) of port connection 'b' does not match port width (19) of module 'mult' [/home/lex/Documents/git/gru-hardware-implementation-and-optimization/optimizedImplementation/gru_reset_gate_element.sv:62]
WARNING: [Synth 8-689] width (15) of port connection 'y' does not match port width (19) of module 'mult' [/home/lex/Documents/git/gru-hardware-implementation-and-optimization/optimizedImplementation/gru_reset_gate_element.sv:63]
WARNING: [Synth 8-689] width (15) of port connection 'a' does not match port width (19) of module 'mult' [/home/lex/Documents/git/gru-hardware-implementation-and-optimization/optimizedImplementation/gru_reset_gate_element.sv:61]
WARNING: [Synth 8-689] width (15) of port connection 'b' does not match port width (19) of module 'mult' [/home/lex/Documents/git/gru-hardware-implementation-and-optimization/optimizedImplementation/gru_reset_gate_element.sv:62]
WARNING: [Synth 8-689] width (15) of port connection 'y' does not match port width (19) of module 'mult' [/home/lex/Documents/git/gru-hardware-implementation-and-optimization/optimizedImplementation/gru_reset_gate_element.sv:63]
WARNING: [Synth 8-689] width (15) of port connection 'a' does not match port width (19) of module 'mult' [/home/lex/Documents/git/gru-hardware-implementation-and-optimization/optimizedImplementation/gru_reset_gate_element.sv:61]
WARNING: [Synth 8-689] width (15) of port connection 'b' does not match port width (19) of module 'mult' [/home/lex/Documents/git/gru-hardware-implementation-and-optimization/optimizedImplementation/gru_reset_gate_element.sv:62]
WARNING: [Synth 8-689] width (15) of port connection 'y' does not match port width (19) of module 'mult' [/home/lex/Documents/git/gru-hardware-implementation-and-optimization/optimizedImplementation/gru_reset_gate_element.sv:63]
WARNING: [Synth 8-689] width (15) of port connection 'a' does not match port width (19) of module 'mult' [/home/lex/Documents/git/gru-hardware-implementation-and-optimization/optimizedImplementation/gru_reset_gate_element.sv:61]
WARNING: [Synth 8-689] width (15) of port connection 'b' does not match port width (19) of module 'mult' [/home/lex/Documents/git/gru-hardware-implementation-and-optimization/optimizedImplementation/gru_reset_gate_element.sv:62]
WARNING: [Synth 8-689] width (15) of port connection 'y' does not match port width (19) of module 'mult' [/home/lex/Documents/git/gru-hardware-implementation-and-optimization/optimizedImplementation/gru_reset_gate_element.sv:63]
WARNING: [Synth 8-689] width (15) of port connection 'a' does not match port width (19) of module 'mult' [/home/lex/Documents/git/gru-hardware-implementation-and-optimization/optimizedImplementation/gru_reset_gate_element.sv:61]
WARNING: [Synth 8-689] width (15) of port connection 'b' does not match port width (19) of module 'mult' [/home/lex/Documents/git/gru-hardware-implementation-and-optimization/optimizedImplementation/gru_reset_gate_element.sv:62]
WARNING: [Synth 8-689] width (15) of port connection 'y' does not match port width (19) of module 'mult' [/home/lex/Documents/git/gru-hardware-implementation-and-optimization/optimizedImplementation/gru_reset_gate_element.sv:63]
WARNING: [Synth 8-689] width (15) of port connection 'a' does not match port width (19) of module 'mult' [/home/lex/Documents/git/gru-hardware-implementation-and-optimization/optimizedImplementation/gru_reset_gate_element.sv:61]
WARNING: [Synth 8-689] width (15) of port connection 'b' does not match port width (19) of module 'mult' [/home/lex/Documents/git/gru-hardware-implementation-and-optimization/optimizedImplementation/gru_reset_gate_element.sv:62]
WARNING: [Synth 8-689] width (15) of port connection 'y' does not match port width (19) of module 'mult' [/home/lex/Documents/git/gru-hardware-implementation-and-optimization/optimizedImplementation/gru_reset_gate_element.sv:63]
WARNING: [Synth 8-689] width (15) of port connection 'a' does not match port width (19) of module 'mult' [/home/lex/Documents/git/gru-hardware-implementation-and-optimization/optimizedImplementation/gru_reset_gate_element.sv:61]
WARNING: [Synth 8-689] width (15) of port connection 'b' does not match port width (19) of module 'mult' [/home/lex/Documents/git/gru-hardware-implementation-and-optimization/optimizedImplementation/gru_reset_gate_element.sv:62]
WARNING: [Synth 8-689] width (15) of port connection 'y' does not match port width (19) of module 'mult' [/home/lex/Documents/git/gru-hardware-implementation-and-optimization/optimizedImplementation/gru_reset_gate_element.sv:63]
WARNING: [Synth 8-689] width (15) of port connection 'a' does not match port width (19) of module 'mult' [/home/lex/Documents/git/gru-hardware-implementation-and-optimization/optimizedImplementation/gru_reset_gate_element.sv:61]
WARNING: [Synth 8-689] width (15) of port connection 'b' does not match port width (19) of module 'mult' [/home/lex/Documents/git/gru-hardware-implementation-and-optimization/optimizedImplementation/gru_reset_gate_element.sv:62]
WARNING: [Synth 8-689] width (15) of port connection 'y' does not match port width (19) of module 'mult' [/home/lex/Documents/git/gru-hardware-implementation-and-optimization/optimizedImplementation/gru_reset_gate_element.sv:63]
WARNING: [Synth 8-689] width (15) of port connection 'a' does not match port width (19) of module 'mult' [/home/lex/Documents/git/gru-hardware-implementation-and-optimization/optimizedImplementation/gru_reset_gate_element.sv:61]
WARNING: [Synth 8-689] width (15) of port connection 'b' does not match port width (19) of module 'mult' [/home/lex/Documents/git/gru-hardware-implementation-and-optimization/optimizedImplementation/gru_reset_gate_element.sv:62]
WARNING: [Synth 8-689] width (15) of port connection 'y' does not match port width (19) of module 'mult' [/home/lex/Documents/git/gru-hardware-implementation-and-optimization/optimizedImplementation/gru_reset_gate_element.sv:63]
WARNING: [Synth 8-689] width (15) of port connection 'a' does not match port width (19) of module 'mult' [/home/lex/Documents/git/gru-hardware-implementation-and-optimization/optimizedImplementation/gru_reset_gate_element.sv:61]
WARNING: [Synth 8-689] width (15) of port connection 'b' does not match port width (19) of module 'mult' [/home/lex/Documents/git/gru-hardware-implementation-and-optimization/optimizedImplementation/gru_reset_gate_element.sv:62]
WARNING: [Synth 8-689] width (15) of port connection 'y' does not match port width (19) of module 'mult' [/home/lex/Documents/git/gru-hardware-implementation-and-optimization/optimizedImplementation/gru_reset_gate_element.sv:63]
WARNING: [Synth 8-689] width (15) of port connection 'a' does not match port width (19) of module 'mult' [/home/lex/Documents/git/gru-hardware-implementation-and-optimization/optimizedImplementation/gru_reset_gate_element.sv:61]
WARNING: [Synth 8-689] width (15) of port connection 'b' does not match port width (19) of module 'mult' [/home/lex/Documents/git/gru-hardware-implementation-and-optimization/optimizedImplementation/gru_reset_gate_element.sv:62]
WARNING: [Synth 8-689] width (15) of port connection 'y' does not match port width (19) of module 'mult' [/home/lex/Documents/git/gru-hardware-implementation-and-optimization/optimizedImplementation/gru_reset_gate_element.sv:63]
WARNING: [Synth 8-689] width (15) of port connection 'a' does not match port width (19) of module 'mult' [/home/lex/Documents/git/gru-hardware-implementation-and-optimization/optimizedImplementation/gru_reset_gate_element.sv:61]
WARNING: [Synth 8-689] width (15) of port connection 'b' does not match port width (19) of module 'mult' [/home/lex/Documents/git/gru-hardware-implementation-and-optimization/optimizedImplementation/gru_reset_gate_element.sv:62]
WARNING: [Synth 8-689] width (15) of port connection 'y' does not match port width (19) of module 'mult' [/home/lex/Documents/git/gru-hardware-implementation-and-optimization/optimizedImplementation/gru_reset_gate_element.sv:63]
WARNING: [Synth 8-689] width (15) of port connection 'a' does not match port width (19) of module 'mult' [/home/lex/Documents/git/gru-hardware-implementation-and-optimization/optimizedImplementation/gru_reset_gate_element.sv:61]
WARNING: [Synth 8-689] width (15) of port connection 'b' does not match port width (19) of module 'mult' [/home/lex/Documents/git/gru-hardware-implementation-and-optimization/optimizedImplementation/gru_reset_gate_element.sv:62]
WARNING: [Synth 8-689] width (15) of port connection 'y' does not match port width (19) of module 'mult' [/home/lex/Documents/git/gru-hardware-implementation-and-optimization/optimizedImplementation/gru_reset_gate_element.sv:63]
WARNING: [Synth 8-689] width (15) of port connection 'a' does not match port width (19) of module 'mult' [/home/lex/Documents/git/gru-hardware-implementation-and-optimization/optimizedImplementation/gru_reset_gate_element.sv:61]
WARNING: [Synth 8-689] width (15) of port connection 'b' does not match port width (19) of module 'mult' [/home/lex/Documents/git/gru-hardware-implementation-and-optimization/optimizedImplementation/gru_reset_gate_element.sv:62]
WARNING: [Synth 8-689] width (15) of port connection 'y' does not match port width (19) of module 'mult' [/home/lex/Documents/git/gru-hardware-implementation-and-optimization/optimizedImplementation/gru_reset_gate_element.sv:63]
WARNING: [Synth 8-689] width (15) of port connection 'a' does not match port width (19) of module 'mult' [/home/lex/Documents/git/gru-hardware-implementation-and-optimization/optimizedImplementation/gru_reset_gate_element.sv:61]
WARNING: [Synth 8-689] width (15) of port connection 'b' does not match port width (19) of module 'mult' [/home/lex/Documents/git/gru-hardware-implementation-and-optimization/optimizedImplementation/gru_reset_gate_element.sv:62]
WARNING: [Synth 8-689] width (15) of port connection 'y' does not match port width (19) of module 'mult' [/home/lex/Documents/git/gru-hardware-implementation-and-optimization/optimizedImplementation/gru_reset_gate_element.sv:63]
WARNING: [Synth 8-689] width (15) of port connection 'a' does not match port width (19) of module 'mult' [/home/lex/Documents/git/gru-hardware-implementation-and-optimization/optimizedImplementation/gru_reset_gate_element.sv:61]
WARNING: [Synth 8-689] width (15) of port connection 'b' does not match port width (19) of module 'mult' [/home/lex/Documents/git/gru-hardware-implementation-and-optimization/optimizedImplementation/gru_reset_gate_element.sv:62]
WARNING: [Synth 8-689] width (15) of port connection 'y' does not match port width (19) of module 'mult' [/home/lex/Documents/git/gru-hardware-implementation-and-optimization/optimizedImplementation/gru_reset_gate_element.sv:63]
WARNING: [Synth 8-689] width (15) of port connection 'a' does not match port width (19) of module 'mult' [/home/lex/Documents/git/gru-hardware-implementation-and-optimization/optimizedImplementation/gru_reset_gate_element.sv:61]
WARNING: [Synth 8-689] width (15) of port connection 'b' does not match port width (19) of module 'mult' [/home/lex/Documents/git/gru-hardware-implementation-and-optimization/optimizedImplementation/gru_reset_gate_element.sv:62]
WARNING: [Synth 8-689] width (15) of port connection 'y' does not match port width (19) of module 'mult' [/home/lex/Documents/git/gru-hardware-implementation-and-optimization/optimizedImplementation/gru_reset_gate_element.sv:63]
WARNING: [Synth 8-689] width (15) of port connection 'a' does not match port width (19) of module 'mult' [/home/lex/Documents/git/gru-hardware-implementation-and-optimization/optimizedImplementation/gru_reset_gate_element.sv:61]
WARNING: [Synth 8-689] width (15) of port connection 'b' does not match port width (19) of module 'mult' [/home/lex/Documents/git/gru-hardware-implementation-and-optimization/optimizedImplementation/gru_reset_gate_element.sv:62]
WARNING: [Synth 8-689] width (15) of port connection 'y' does not match port width (19) of module 'mult' [/home/lex/Documents/git/gru-hardware-implementation-and-optimization/optimizedImplementation/gru_reset_gate_element.sv:63]
WARNING: [Synth 8-689] width (15) of port connection 'a' does not match port width (19) of module 'mult' [/home/lex/Documents/git/gru-hardware-implementation-and-optimization/optimizedImplementation/gru_reset_gate_element.sv:61]
WARNING: [Synth 8-689] width (15) of port connection 'b' does not match port width (19) of module 'mult' [/home/lex/Documents/git/gru-hardware-implementation-and-optimization/optimizedImplementation/gru_reset_gate_element.sv:62]
WARNING: [Synth 8-689] width (15) of port connection 'y' does not match port width (19) of module 'mult' [/home/lex/Documents/git/gru-hardware-implementation-and-optimization/optimizedImplementation/gru_reset_gate_element.sv:63]
WARNING: [Synth 8-689] width (15) of port connection 'a' does not match port width (19) of module 'mult' [/home/lex/Documents/git/gru-hardware-implementation-and-optimization/optimizedImplementation/gru_reset_gate_element.sv:61]
WARNING: [Synth 8-689] width (15) of port connection 'b' does not match port width (19) of module 'mult' [/home/lex/Documents/git/gru-hardware-implementation-and-optimization/optimizedImplementation/gru_reset_gate_element.sv:62]
WARNING: [Synth 8-689] width (15) of port connection 'y' does not match port width (19) of module 'mult' [/home/lex/Documents/git/gru-hardware-implementation-and-optimization/optimizedImplementation/gru_reset_gate_element.sv:63]
WARNING: [Synth 8-689] width (15) of port connection 'a' does not match port width (19) of module 'mult' [/home/lex/Documents/git/gru-hardware-implementation-and-optimization/optimizedImplementation/gru_reset_gate_element.sv:61]
WARNING: [Synth 8-689] width (15) of port connection 'b' does not match port width (19) of module 'mult' [/home/lex/Documents/git/gru-hardware-implementation-and-optimization/optimizedImplementation/gru_reset_gate_element.sv:62]
WARNING: [Synth 8-689] width (15) of port connection 'y' does not match port width (19) of module 'mult' [/home/lex/Documents/git/gru-hardware-implementation-and-optimization/optimizedImplementation/gru_reset_gate_element.sv:63]
WARNING: [Synth 8-689] width (15) of port connection 'a' does not match port width (19) of module 'mult' [/home/lex/Documents/git/gru-hardware-implementation-and-optimization/optimizedImplementation/gru_reset_gate_element.sv:61]
WARNING: [Synth 8-689] width (15) of port connection 'b' does not match port width (19) of module 'mult' [/home/lex/Documents/git/gru-hardware-implementation-and-optimization/optimizedImplementation/gru_reset_gate_element.sv:62]
WARNING: [Synth 8-689] width (15) of port connection 'y' does not match port width (19) of module 'mult' [/home/lex/Documents/git/gru-hardware-implementation-and-optimization/optimizedImplementation/gru_reset_gate_element.sv:63]
WARNING: [Synth 8-689] width (15) of port connection 'a' does not match port width (19) of module 'mult' [/home/lex/Documents/git/gru-hardware-implementation-and-optimization/optimizedImplementation/gru_reset_gate_element.sv:61]
WARNING: [Synth 8-689] width (15) of port connection 'b' does not match port width (19) of module 'mult' [/home/lex/Documents/git/gru-hardware-implementation-and-optimization/optimizedImplementation/gru_reset_gate_element.sv:62]
WARNING: [Synth 8-689] width (15) of port connection 'y' does not match port width (19) of module 'mult' [/home/lex/Documents/git/gru-hardware-implementation-and-optimization/optimizedImplementation/gru_reset_gate_element.sv:63]
WARNING: [Synth 8-689] width (15) of port connection 'a' does not match port width (19) of module 'mult' [/home/lex/Documents/git/gru-hardware-implementation-and-optimization/optimizedImplementation/gru_reset_gate_element.sv:61]
WARNING: [Synth 8-689] width (15) of port connection 'b' does not match port width (19) of module 'mult' [/home/lex/Documents/git/gru-hardware-implementation-and-optimization/optimizedImplementation/gru_reset_gate_element.sv:62]
WARNING: [Synth 8-689] width (15) of port connection 'y' does not match port width (19) of module 'mult' [/home/lex/Documents/git/gru-hardware-implementation-and-optimization/optimizedImplementation/gru_reset_gate_element.sv:63]
WARNING: [Synth 8-689] width (15) of port connection 'a' does not match port width (19) of module 'mult' [/home/lex/Documents/git/gru-hardware-implementation-and-optimization/optimizedImplementation/gru_reset_gate_element.sv:61]
WARNING: [Synth 8-689] width (15) of port connection 'b' does not match port width (19) of module 'mult' [/home/lex/Documents/git/gru-hardware-implementation-and-optimization/optimizedImplementation/gru_reset_gate_element.sv:62]
WARNING: [Synth 8-689] width (15) of port connection 'y' does not match port width (19) of module 'mult' [/home/lex/Documents/git/gru-hardware-implementation-and-optimization/optimizedImplementation/gru_reset_gate_element.sv:63]
WARNING: [Synth 8-689] width (15) of port connection 'a' does not match port width (19) of module 'mult' [/home/lex/Documents/git/gru-hardware-implementation-and-optimization/optimizedImplementation/gru_reset_gate_element.sv:61]
WARNING: [Synth 8-689] width (15) of port connection 'b' does not match port width (19) of module 'mult' [/home/lex/Documents/git/gru-hardware-implementation-and-optimization/optimizedImplementation/gru_reset_gate_element.sv:62]
WARNING: [Synth 8-689] width (15) of port connection 'y' does not match port width (19) of module 'mult' [/home/lex/Documents/git/gru-hardware-implementation-and-optimization/optimizedImplementation/gru_reset_gate_element.sv:63]
WARNING: [Synth 8-689] width (15) of port connection 'a' does not match port width (19) of module 'mult' [/home/lex/Documents/git/gru-hardware-implementation-and-optimization/optimizedImplementation/gru_reset_gate_element.sv:61]
WARNING: [Synth 8-689] width (15) of port connection 'b' does not match port width (19) of module 'mult' [/home/lex/Documents/git/gru-hardware-implementation-and-optimization/optimizedImplementation/gru_reset_gate_element.sv:62]
WARNING: [Synth 8-689] width (15) of port connection 'y' does not match port width (19) of module 'mult' [/home/lex/Documents/git/gru-hardware-implementation-and-optimization/optimizedImplementation/gru_reset_gate_element.sv:63]
WARNING: [Synth 8-689] width (15) of port connection 'a' does not match port width (19) of module 'mult' [/home/lex/Documents/git/gru-hardware-implementation-and-optimization/optimizedImplementation/gru_reset_gate_element.sv:61]
WARNING: [Synth 8-689] width (15) of port connection 'b' does not match port width (19) of module 'mult' [/home/lex/Documents/git/gru-hardware-implementation-and-optimization/optimizedImplementation/gru_reset_gate_element.sv:62]
WARNING: [Synth 8-689] width (15) of port connection 'y' does not match port width (19) of module 'mult' [/home/lex/Documents/git/gru-hardware-implementation-and-optimization/optimizedImplementation/gru_reset_gate_element.sv:63]
WARNING: [Synth 8-689] width (15) of port connection 'a' does not match port width (19) of module 'mult' [/home/lex/Documents/git/gru-hardware-implementation-and-optimization/optimizedImplementation/gru_reset_gate_element.sv:61]
WARNING: [Synth 8-689] width (15) of port connection 'b' does not match port width (19) of module 'mult' [/home/lex/Documents/git/gru-hardware-implementation-and-optimization/optimizedImplementation/gru_reset_gate_element.sv:62]
WARNING: [Synth 8-689] width (15) of port connection 'y' does not match port width (19) of module 'mult' [/home/lex/Documents/git/gru-hardware-implementation-and-optimization/optimizedImplementation/gru_reset_gate_element.sv:63]
WARNING: [Synth 8-689] width (15) of port connection 'a' does not match port width (19) of module 'mult' [/home/lex/Documents/git/gru-hardware-implementation-and-optimization/optimizedImplementation/gru_reset_gate_element.sv:61]
INFO: [Common 17-14] Message 'Synth 8-689' appears 100 times and further instances of the messages will be disabled. Use the Tcl command set_msg_config to change the current settings.
INFO: [Synth 8-6157] synthesizing module 'sigmoid' [/home/lex/Documents/git/gru-hardware-implementation-and-optimization/optimizedImplementation/sigmoid.sv:3]
	Parameter INT_WIDTH bound to: 32'sb00000000000000000000000000001010 
	Parameter FRAC_WIDTH bound to: 32'sb00000000000000000000000000001001 
INFO: [Synth 8-6155] done synthesizing module 'sigmoid' (0#1) [/home/lex/Documents/git/gru-hardware-implementation-and-optimization/optimizedImplementation/sigmoid.sv:3]
INFO: [Synth 8-6155] done synthesizing module 'gru_reset_gate_element' (0#1) [/home/lex/Documents/git/gru-hardware-implementation-and-optimization/optimizedImplementation/gru_reset_gate_element.sv:5]
INFO: [Synth 8-6157] synthesizing module 'gru_update_gate_element' [/home/lex/Documents/git/gru-hardware-implementation-and-optimization/optimizedImplementation/gru_update_gate_element.sv:5]
	Parameter D bound to: 32'sb00000000000000000000000001000000 
	Parameter H bound to: 32'sb00000000000000000000000000010000 
	Parameter INT_BITS bound to: 32'sb00000000000000000000000000001010 
	Parameter FRAC_BITS bound to: 32'sb00000000000000000000000000001001 
	Parameter DATA_WIDTH bound to: 32'sb00000000000000000000000000001111 
INFO: [Synth 8-6155] done synthesizing module 'gru_update_gate_element' (0#1) [/home/lex/Documents/git/gru-hardware-implementation-and-optimization/optimizedImplementation/gru_update_gate_element.sv:5]
INFO: [Synth 8-6157] synthesizing module 'gru_new_gate_element' [/home/lex/Documents/git/gru-hardware-implementation-and-optimization/optimizedImplementation/gru_new_gate_element.sv:5]
	Parameter D bound to: 32'sb00000000000000000000000001000000 
	Parameter H bound to: 32'sb00000000000000000000000000010000 
	Parameter INT_BITS bound to: 32'sb00000000000000000000000000001010 
	Parameter FRAC_BITS bound to: 32'sb00000000000000000000000000001001 
	Parameter DATA_WIDTH bound to: 32'sb00000000000000000000000000001111 
INFO: [Synth 8-6157] synthesizing module 'tanh' [/home/lex/Documents/git/gru-hardware-implementation-and-optimization/optimizedImplementation/tanh.sv:1]
	Parameter INT_WIDTH bound to: 32'sb00000000000000000000000000001010 
	Parameter FRAC_WIDTH bound to: 32'sb00000000000000000000000000001001 
INFO: [Synth 8-6155] done synthesizing module 'tanh' (0#1) [/home/lex/Documents/git/gru-hardware-implementation-and-optimization/optimizedImplementation/tanh.sv:1]
INFO: [Synth 8-6155] done synthesizing module 'gru_new_gate_element' (0#1) [/home/lex/Documents/git/gru-hardware-implementation-and-optimization/optimizedImplementation/gru_new_gate_element.sv:5]
INFO: [Synth 8-6157] synthesizing module 'gru_hidden_state_element' [/home/lex/Documents/git/gru-hardware-implementation-and-optimization/optimizedImplementation/gru_hidden_state_element.sv:5]
	Parameter INT_BITS bound to: 32'sb00000000000000000000000000001010 
	Parameter FRAC_BITS bound to: 32'sb00000000000000000000000000001001 
	Parameter DATA_WIDTH bound to: 32'sb00000000000000000000000000001111 
INFO: [Synth 8-6155] done synthesizing module 'gru_hidden_state_element' (0#1) [/home/lex/Documents/git/gru-hardware-implementation-and-optimization/optimizedImplementation/gru_hidden_state_element.sv:5]
INFO: [Synth 8-6155] done synthesizing module 'gru_cell_parallel' (0#1) [/home/lex/Documents/git/gru-hardware-implementation-and-optimization/optimizedImplementation/gru_cell_parallel.sv:5]
INFO: [Synth 8-6155] done synthesizing module 'top_level' (0#1) [/home/lex/Documents/git/gru-hardware-implementation-and-optimization/optimizedImplementation/top_level.sv:5]
INFO: [Common 17-41] Interrupt caught. Command should exit soon.
1
INFO: [Common 17-83] Releasing license: Synthesis
26 Infos, 100 Warnings, 0 Critical Warnings and 1 Errors encountered.
synth_design failed
INFO: [Common 17-344] 'source' was cancelled
INFO: [Common 17-206] Exiting Vivado at Sat Dec 20 00:03:51 2025...
