INST gru_cell_parallel__GB27 PIN 85: INST gru_cell_parallel__GB27 PIN 117 TYPE 2 INST gru_cell_parallel__GB28 PIN 143 TYPE 4 INST gru_cell_parallel__GB26 PIN 2787 TYPE 4 INST gru_cell_parallel__GB25 PIN 1837 TYPE 4 INST gru_cell_parallel__GB24 PIN 1744 TYPE 4 INST gru_cell_parallel__GB23 PIN 6814 TYPE 4 INST gru_cell_parallel__GB22 PIN 3810 TYPE 4 INST gru_cell_parallel__GB21 PIN 3128 TYPE 4 INST gru_cell_parallel__GB20 PIN 2430 TYPE 4 INST gru_cell_parallel__GB19 PIN 1042 TYPE 4 INST gru_cell_parallel__GB18 PIN 5205 TYPE 4 INST gru_cell_parallel__GB17 PIN 3120 TYPE 4 INST gru_cell_parallel__GB16 PIN 2442 TYPE 4 INST gru_cell_parallel__GB15 PIN 2021 TYPE 4 INST gru_cell_parallel__GB14 PIN 7223 TYPE 4 INST gru_cell_parallel__GB13 PIN 2442 TYPE 4 INST gru_cell_parallel__GB12 PIN 1061 TYPE 4 INST gru_cell_parallel__GB11 PIN 5787 TYPE 4 INST gru_cell_parallel__GB10 PIN 1601 TYPE 4 INST gru_cell_parallel__GB9 PIN 1260 TYPE 4 INST gru_cell_parallel__GB8 PIN 2243 TYPE 4 INST gru_cell_parallel__GB7 PIN 1226 TYPE 4 INST gru_cell_parallel__GB6 PIN 1197 TYPE 4 INST gru_cell_parallel__GB5 PIN 4826 TYPE 4 INST gru_cell_parallel__GB4 PIN 2017 TYPE 4 INST gru_cell_parallel__GB3 PIN 3195 TYPE 4 INST gru_cell_parallel__GB1 PIN 3330 TYPE 4 INST gru_cell_parallel__GB0 PIN 373 TYPE 4
INST gru_cell_parallel__GB27 PIN 53: INST gru_cell_parallel__GB27 PIN 149 TYPE 2 INST gru_cell_parallel__GB28 PIN 175 TYPE 4 INST gru_cell_parallel__GB26 PIN 2783 TYPE 4 INST gru_cell_parallel__GB25 PIN 1841 TYPE 4 INST gru_cell_parallel__GB24 PIN 768 TYPE 4 INST gru_cell_parallel__GB23 PIN 6818 TYPE 4 INST gru_cell_parallel__GB22 PIN 2362 TYPE 4 INST gru_cell_parallel__GB21 PIN 3116 TYPE 4 INST gru_cell_parallel__GB20 PIN 2434 TYPE 4 INST gru_cell_parallel__GB19 PIN 2014 TYPE 4 INST gru_cell_parallel__GB18 PIN 5689 TYPE 4 INST gru_cell_parallel__GB17 PIN 3116 TYPE 4 INST gru_cell_parallel__GB16 PIN 982 TYPE 4 INST gru_cell_parallel__GB15 PIN 1057 TYPE 4 INST gru_cell_parallel__GB14 PIN 2647 TYPE 4 INST gru_cell_parallel__GB13 PIN 2194 TYPE 4 INST gru_cell_parallel__GB12 PIN 2029 TYPE 4 INST gru_cell_parallel__GB11 PIN 4335 TYPE 4 INST gru_cell_parallel__GB10 PIN 1117 TYPE 4 INST gru_cell_parallel__GB9 PIN 1748 TYPE 4 INST gru_cell_parallel__GB8 PIN 6732 TYPE 4 INST gru_cell_parallel__GB7 PIN 1954 TYPE 4 INST gru_cell_parallel__GB6 PIN 1441 TYPE 4 INST gru_cell_parallel__GB5 PIN 7985 TYPE 4 INST gru_cell_parallel__GB4 PIN 4917 TYPE 4 INST gru_cell_parallel__GB3 PIN 3923 TYPE 4 INST gru_cell_parallel__GB1 PIN 3082 TYPE 4 INST gru_cell_parallel__GB0 PIN 629 TYPE 4 INST gru_cell_parallel__GB27 PIN 213 TYPE 2 INST gru_cell_parallel__GB28 PIN 239 TYPE 4 INST gru_cell_parallel__GB26 PIN 1083 TYPE 4 INST gru_cell_parallel__GB25 PIN 2093 TYPE 4 INST gru_cell_parallel__GB24 PIN 1496 TYPE 4 INST gru_cell_parallel__GB23 PIN 2482 TYPE 4 INST gru_cell_parallel__GB22 PIN 3806 TYPE 4 INST gru_cell_parallel__GB21 PIN 3120 TYPE 4 INST gru_cell_parallel__GB20 PIN 978 TYPE 4 INST gru_cell_parallel__GB19 PIN 798 TYPE 4 INST gru_cell_parallel__GB18 PIN 6177 TYPE 4 INST gru_cell_parallel__GB17 PIN 3112 TYPE 4 INST gru_cell_parallel__GB16 PIN 1958 TYPE 4 INST gru_cell_parallel__GB15 PIN 2037 TYPE 4 INST gru_cell_parallel__GB14 PIN 7227 TYPE 4 INST gru_cell_parallel__GB13 PIN 1466 TYPE 4 INST gru_cell_parallel__GB12 PIN 1545 TYPE 4 INST gru_cell_parallel__GB11 PIN 4579 TYPE 4 INST gru_cell_parallel__GB10 PIN 873 TYPE 4 INST gru_cell_parallel__GB9 PIN 1504 TYPE 4 INST gru_cell_parallel__GB8 PIN 2487 TYPE 4 INST gru_cell_parallel__GB7 PIN 1958 TYPE 4 INST gru_cell_parallel__GB6 PIN 709 TYPE 4 INST gru_cell_parallel__GB5 PIN 6537 TYPE 4 INST gru_cell_parallel__GB4 PIN 2989 TYPE 4 INST gru_cell_parallel__GB3 PIN 3927 TYPE 4 INST gru_cell_parallel__GB1 PIN 4062 TYPE 4 INST gru_cell_parallel__GB0 PIN 625 TYPE 4 INST gru_cell_parallel__GB27 PIN 353 TYPE 2 INST gru_cell_parallel__GB28 PIN 313 TYPE 4 INST gru_cell_parallel__GB26 PIN 1091 TYPE 4 INST gru_cell_parallel__GB25 PIN 2085 TYPE 4 INST gru_cell_parallel__GB24 PIN 1748 TYPE 4 INST gru_cell_parallel__GB23 PIN 6570 TYPE 4 INST gru_cell_parallel__GB22 PIN 3822 TYPE 4 INST gru_cell_parallel__GB21 PIN 2392 TYPE 4 INST gru_cell_parallel__GB20 PIN 2442 TYPE 4 INST gru_cell_parallel__GB19 PIN 2010 TYPE 4 INST gru_cell_parallel__GB18 PIN 4481 TYPE 4 INST gru_cell_parallel__GB17 PIN 3124 TYPE 4 INST gru_cell_parallel__GB16 PIN 1470 TYPE 4 INST gru_cell_parallel__GB15 PIN 2025 TYPE 4 INST gru_cell_parallel__GB14 PIN 2403 TYPE 4 INST gru_cell_parallel__GB13 PIN 2438 TYPE 4 INST gru_cell_parallel__GB12 PIN 813 TYPE 4 INST gru_cell_parallel__GB11 PIN 2887 TYPE 4 INST gru_cell_parallel__GB10 PIN 1605 TYPE 4 INST gru_cell_parallel__GB9 PIN 1752 TYPE 4 INST gru_cell_parallel__GB8 PIN 1759 TYPE 4 INST gru_cell_parallel__GB7 PIN 2442 TYPE 4 INST gru_cell_parallel__GB6 PIN 1689 TYPE 4 INST gru_cell_parallel__GB5 PIN 6289 TYPE 4 INST gru_cell_parallel__GB4 PIN 2501 TYPE 4 INST gru_cell_parallel__GB3 PIN 3919 TYPE 4 INST gru_cell_parallel__GB1 PIN 3574 TYPE 4 INST gru_cell_parallel__GB0 PIN 633 TYPE 4
INST gru_cell_parallel__GB1 PIN 0: INST gru_cell_parallel__GB1 PIN 1 TYPE 2 INST gru_cell_parallel__GB27 PIN 929 TYPE 4
INST gru_cell_parallel__GB0 PIN 110: INST gru_cell_parallel__GB0 PIN 111 TYPE 2 INST gru_cell_parallel__GB27 PIN 944 TYPE 4
INST gru_cell_parallel__GB0 PIN 94: INST gru_cell_parallel__GB0 PIN 95 TYPE 2 INST gru_cell_parallel__GB27 PIN 959 TYPE 4
INST gru_cell_parallel__GB0 PIN 78: INST gru_cell_parallel__GB0 PIN 79 TYPE 2 INST gru_cell_parallel__GB27 PIN 974 TYPE 4
INST gru_cell_parallel__GB0 PIN 62: INST gru_cell_parallel__GB0 PIN 63 TYPE 2 INST gru_cell_parallel__GB27 PIN 989 TYPE 4
INST gru_cell_parallel__GB0 PIN 30: INST gru_cell_parallel__GB0 PIN 31 TYPE 2 INST gru_cell_parallel__GB27 PIN 1004 TYPE 4
INST gru_cell_parallel__GB0 PIN 46: INST gru_cell_parallel__GB0 PIN 47 TYPE 2 INST gru_cell_parallel__GB27 PIN 1019 TYPE 4
INST gru_cell_parallel__GB27 PIN 117: GENOME gru_cell_parallel__GB27 PIN 117
INST gru_cell_parallel__GB27 PIN 149: GENOME gru_cell_parallel__GB27 PIN 149
INST gru_cell_parallel__GB27 PIN 213: GENOME gru_cell_parallel__GB27 PIN 213
INST gru_cell_parallel__GB27 PIN 353: GENOME gru_cell_parallel__GB27 PIN 353
INST gru_cell_parallel__GB27 PIN 929: GENOME gru_cell_parallel__GB27 PIN 929 INST gru_cell_parallel__GB1 PIN 0 TYPE 5
INST gru_cell_parallel__GB27 PIN 928: GENOME gru_cell_parallel__GB27 PIN 928
INST gru_cell_parallel__GB27 PIN 944: GENOME gru_cell_parallel__GB27 PIN 944 INST gru_cell_parallel__GB0 PIN 110 TYPE 5
INST gru_cell_parallel__GB27 PIN 943: GENOME gru_cell_parallel__GB27 PIN 943
INST gru_cell_parallel__GB27 PIN 959: GENOME gru_cell_parallel__GB27 PIN 959 INST gru_cell_parallel__GB0 PIN 94 TYPE 5
INST gru_cell_parallel__GB27 PIN 958: GENOME gru_cell_parallel__GB27 PIN 958
INST gru_cell_parallel__GB27 PIN 974: GENOME gru_cell_parallel__GB27 PIN 974 INST gru_cell_parallel__GB0 PIN 78 TYPE 5
INST gru_cell_parallel__GB27 PIN 973: GENOME gru_cell_parallel__GB27 PIN 973
INST gru_cell_parallel__GB27 PIN 989: GENOME gru_cell_parallel__GB27 PIN 989 INST gru_cell_parallel__GB0 PIN 62 TYPE 5
INST gru_cell_parallel__GB27 PIN 988: GENOME gru_cell_parallel__GB27 PIN 988
INST gru_cell_parallel__GB27 PIN 1004: GENOME gru_cell_parallel__GB27 PIN 1004 INST gru_cell_parallel__GB0 PIN 30 TYPE 5
INST gru_cell_parallel__GB27 PIN 1003: GENOME gru_cell_parallel__GB27 PIN 1003
INST gru_cell_parallel__GB27 PIN 1019: GENOME gru_cell_parallel__GB27 PIN 1019 INST gru_cell_parallel__GB0 PIN 46 TYPE 5
INST gru_cell_parallel__GB27 PIN 1018: GENOME gru_cell_parallel__GB27 PIN 1018
GENOME NON_GENOME PIN 85: GENOME NON_GENOME PIN 117
GENOME NON_GENOME PIN 117: GENOME NON_GENOME PIN 85
GENOME NON_GENOME PIN 53: GENOME NON_GENOME PIN 149 GENOME NON_GENOME PIN 213 GENOME NON_GENOME PIN 353
GENOME NON_GENOME PIN 149: GENOME NON_GENOME PIN 53
GENOME NON_GENOME PIN 213: GENOME NON_GENOME PIN 53
GENOME NON_GENOME PIN 353: GENOME NON_GENOME PIN 53
GENOME NON_GENOME PIN 928: GENOME NON_GENOME PIN 929
GENOME NON_GENOME PIN 929: GENOME NON_GENOME PIN 928
GENOME NON_GENOME PIN 943: GENOME NON_GENOME PIN 944
GENOME NON_GENOME PIN 944: GENOME NON_GENOME PIN 943
GENOME NON_GENOME PIN 958: GENOME NON_GENOME PIN 959
GENOME NON_GENOME PIN 959: GENOME NON_GENOME PIN 958
GENOME NON_GENOME PIN 973: GENOME NON_GENOME PIN 974
GENOME NON_GENOME PIN 974: GENOME NON_GENOME PIN 973
GENOME NON_GENOME PIN 988: GENOME NON_GENOME PIN 989
GENOME NON_GENOME PIN 989: GENOME NON_GENOME PIN 988
GENOME NON_GENOME PIN 1003: GENOME NON_GENOME PIN 1004
GENOME NON_GENOME PIN 1004: GENOME NON_GENOME PIN 1003
GENOME NON_GENOME PIN 1018: GENOME NON_GENOME PIN 1019
GENOME NON_GENOME PIN 1019: GENOME NON_GENOME PIN 1018
INST gru_cell_parallel__GB0 PIN 31: GENOME gru_cell_parallel__GB0 PIN 31
INST gru_cell_parallel__GB0 PIN 47: GENOME gru_cell_parallel__GB0 PIN 47
INST gru_cell_parallel__GB0 PIN 63: GENOME gru_cell_parallel__GB0 PIN 63
INST gru_cell_parallel__GB0 PIN 79: GENOME gru_cell_parallel__GB0 PIN 79
INST gru_cell_parallel__GB0 PIN 95: GENOME gru_cell_parallel__GB0 PIN 95
INST gru_cell_parallel__GB0 PIN 111: GENOME gru_cell_parallel__GB0 PIN 111
INST gru_cell_parallel__GB0 PIN 373: GENOME gru_cell_parallel__GB0 PIN 373 INST gru_cell_parallel__GB27 PIN 85 TYPE 5
INST gru_cell_parallel__GB0 PIN 369: GENOME gru_cell_parallel__GB0 PIN 369
INST gru_cell_parallel__GB0 PIN 625: GENOME gru_cell_parallel__GB0 PIN 625 INST gru_cell_parallel__GB27 PIN 53 TYPE 5
INST gru_cell_parallel__GB0 PIN 621: GENOME gru_cell_parallel__GB0 PIN 621
INST gru_cell_parallel__GB0 PIN 629: GENOME gru_cell_parallel__GB0 PIN 629 INST gru_cell_parallel__GB27 PIN 53 TYPE 5
INST gru_cell_parallel__GB0 PIN 633: GENOME gru_cell_parallel__GB0 PIN 633 INST gru_cell_parallel__GB27 PIN 53 TYPE 5
GENOME NON_GENOME PIN 30: GENOME NON_GENOME PIN 31
GENOME NON_GENOME PIN 31: GENOME NON_GENOME PIN 30
GENOME NON_GENOME PIN 46: GENOME NON_GENOME PIN 47
GENOME NON_GENOME PIN 47: GENOME NON_GENOME PIN 46
GENOME NON_GENOME PIN 62: GENOME NON_GENOME PIN 63
GENOME NON_GENOME PIN 63: GENOME NON_GENOME PIN 62
GENOME NON_GENOME PIN 78: GENOME NON_GENOME PIN 79
GENOME NON_GENOME PIN 79: GENOME NON_GENOME PIN 78
GENOME NON_GENOME PIN 94: GENOME NON_GENOME PIN 95
GENOME NON_GENOME PIN 95: GENOME NON_GENOME PIN 94
GENOME NON_GENOME PIN 110: GENOME NON_GENOME PIN 111
GENOME NON_GENOME PIN 111: GENOME NON_GENOME PIN 110
GENOME NON_GENOME PIN 369: GENOME NON_GENOME PIN 373
GENOME NON_GENOME PIN 373: GENOME NON_GENOME PIN 369
GENOME NON_GENOME PIN 621: GENOME NON_GENOME PIN 625 GENOME NON_GENOME PIN 629 GENOME NON_GENOME PIN 633
GENOME NON_GENOME PIN 625: GENOME NON_GENOME PIN 621
GENOME NON_GENOME PIN 629: GENOME NON_GENOME PIN 621
GENOME NON_GENOME PIN 633: GENOME NON_GENOME PIN 621
INST gru_cell_parallel__GB1 PIN 1: GENOME gru_cell_parallel__GB1 PIN 1
INST gru_cell_parallel__GB1 PIN 3326: GENOME gru_cell_parallel__GB1 PIN 3326 INST gru_cell_parallel__GB27 PIN 53 TYPE 5
INST gru_cell_parallel__GB1 PIN 3082: GENOME gru_cell_parallel__GB1 PIN 3082
INST gru_cell_parallel__GB1 PIN 3574: GENOME gru_cell_parallel__GB1 PIN 3574 INST gru_cell_parallel__GB27 PIN 53 TYPE 5
INST gru_cell_parallel__GB1 PIN 4062: GENOME gru_cell_parallel__GB1 PIN 4062 INST gru_cell_parallel__GB27 PIN 53 TYPE 5
INST gru_cell_parallel__GB1 PIN 4066: GENOME gru_cell_parallel__GB1 PIN 4066 INST gru_cell_parallel__GB27 PIN 85 TYPE 5
INST gru_cell_parallel__GB1 PIN 3330: GENOME gru_cell_parallel__GB1 PIN 3330
GENOME NON_GENOME PIN 0: GENOME NON_GENOME PIN 1
GENOME NON_GENOME PIN 1: GENOME NON_GENOME PIN 0
GENOME NON_GENOME PIN 3082: GENOME NON_GENOME PIN 3326 GENOME NON_GENOME PIN 3574 GENOME NON_GENOME PIN 4062
GENOME NON_GENOME PIN 3326: GENOME NON_GENOME PIN 3082
GENOME NON_GENOME PIN 3574: GENOME NON_GENOME PIN 3082
GENOME NON_GENOME PIN 4062: GENOME NON_GENOME PIN 3082
GENOME NON_GENOME PIN 3330: GENOME NON_GENOME PIN 4066
GENOME NON_GENOME PIN 4066: GENOME NON_GENOME PIN 3330
INST gru_cell_parallel__GB28 PIN 175: GENOME gru_cell_parallel__GB28 PIN 175 INST gru_cell_parallel__GB27 PIN 53 TYPE 5
INST gru_cell_parallel__GB28 PIN 107: GENOME gru_cell_parallel__GB28 PIN 107
INST gru_cell_parallel__GB28 PIN 239: GENOME gru_cell_parallel__GB28 PIN 239 INST gru_cell_parallel__GB27 PIN 53 TYPE 5
INST gru_cell_parallel__GB28 PIN 271: GENOME gru_cell_parallel__GB28 PIN 271 INST gru_cell_parallel__GB27 PIN 85 TYPE 5
INST gru_cell_parallel__GB28 PIN 143: GENOME gru_cell_parallel__GB28 PIN 143
INST gru_cell_parallel__GB28 PIN 313: GENOME gru_cell_parallel__GB28 PIN 313 INST gru_cell_parallel__GB27 PIN 53 TYPE 5
GENOME NON_GENOME PIN 107: GENOME NON_GENOME PIN 175 GENOME NON_GENOME PIN 239 GENOME NON_GENOME PIN 313
GENOME NON_GENOME PIN 175: GENOME NON_GENOME PIN 107
GENOME NON_GENOME PIN 239: GENOME NON_GENOME PIN 107
GENOME NON_GENOME PIN 143: GENOME NON_GENOME PIN 271
GENOME NON_GENOME PIN 271: GENOME NON_GENOME PIN 143
GENOME NON_GENOME PIN 313: GENOME NON_GENOME PIN 107
INST gru_cell_parallel__GB26 PIN 1091: GENOME gru_cell_parallel__GB26 PIN 1091 INST gru_cell_parallel__GB27 PIN 53 TYPE 5
INST gru_cell_parallel__GB26 PIN 1083: GENOME gru_cell_parallel__GB26 PIN 1083
INST gru_cell_parallel__GB26 PIN 2779: GENOME gru_cell_parallel__GB26 PIN 2779 INST gru_cell_parallel__GB27 PIN 53 TYPE 5
INST gru_cell_parallel__GB26 PIN 2783: GENOME gru_cell_parallel__GB26 PIN 2783 INST gru_cell_parallel__GB27 PIN 53 TYPE 5
INST gru_cell_parallel__GB26 PIN 2787: GENOME gru_cell_parallel__GB26 PIN 2787 INST gru_cell_parallel__GB27 PIN 85 TYPE 5
INST gru_cell_parallel__GB26 PIN 1087: GENOME gru_cell_parallel__GB26 PIN 1087
GENOME NON_GENOME PIN 1083: GENOME NON_GENOME PIN 1091 GENOME NON_GENOME PIN 2779 GENOME NON_GENOME PIN 2783
GENOME NON_GENOME PIN 1091: GENOME NON_GENOME PIN 1083
GENOME NON_GENOME PIN 2779: GENOME NON_GENOME PIN 1083
GENOME NON_GENOME PIN 2783: GENOME NON_GENOME PIN 1083
GENOME NON_GENOME PIN 1087: GENOME NON_GENOME PIN 2787
GENOME NON_GENOME PIN 2787: GENOME NON_GENOME PIN 1087
INST gru_cell_parallel__GB25 PIN 1841: GENOME gru_cell_parallel__GB25 PIN 1841 INST gru_cell_parallel__GB27 PIN 53 TYPE 5
INST gru_cell_parallel__GB25 PIN 873: GENOME gru_cell_parallel__GB25 PIN 873
INST gru_cell_parallel__GB25 PIN 2085: GENOME gru_cell_parallel__GB25 PIN 2085 INST gru_cell_parallel__GB27 PIN 53 TYPE 5
INST gru_cell_parallel__GB25 PIN 2093: GENOME gru_cell_parallel__GB25 PIN 2093 INST gru_cell_parallel__GB27 PIN 53 TYPE 5
INST gru_cell_parallel__GB25 PIN 2097: GENOME gru_cell_parallel__GB25 PIN 2097 INST gru_cell_parallel__GB27 PIN 85 TYPE 5
INST gru_cell_parallel__GB25 PIN 1837: GENOME gru_cell_parallel__GB25 PIN 1837
GENOME NON_GENOME PIN 873: GENOME NON_GENOME PIN 1841 GENOME NON_GENOME PIN 2085 GENOME NON_GENOME PIN 2093 GENOME NON_GENOME PIN 1117 GENOME NON_GENOME PIN 1605 GENOME NON_GENOME PIN 2089
GENOME NON_GENOME PIN 1841: GENOME NON_GENOME PIN 873
GENOME NON_GENOME PIN 2085: GENOME NON_GENOME PIN 873
GENOME NON_GENOME PIN 2093: GENOME NON_GENOME PIN 873 GENOME NON_GENOME PIN 1601
GENOME NON_GENOME PIN 1837: GENOME NON_GENOME PIN 2097
GENOME NON_GENOME PIN 2097: GENOME NON_GENOME PIN 1837
INST gru_cell_parallel__GB24 PIN 1496: GENOME gru_cell_parallel__GB24 PIN 1496 INST gru_cell_parallel__GB27 PIN 53 TYPE 5
INST gru_cell_parallel__GB24 PIN 768: GENOME gru_cell_parallel__GB24 PIN 768
INST gru_cell_parallel__GB24 PIN 1744: GENOME gru_cell_parallel__GB24 PIN 1744 INST gru_cell_parallel__GB27 PIN 85 TYPE 5
INST gru_cell_parallel__GB24 PIN 1740: GENOME gru_cell_parallel__GB24 PIN 1740
INST gru_cell_parallel__GB24 PIN 1748: GENOME gru_cell_parallel__GB24 PIN 1748 INST gru_cell_parallel__GB27 PIN 53 TYPE 5
INST gru_cell_parallel__GB24 PIN 1992: GENOME gru_cell_parallel__GB24 PIN 1992 INST gru_cell_parallel__GB27 PIN 53 TYPE 5
GENOME NON_GENOME PIN 768: GENOME NON_GENOME PIN 1496 GENOME NON_GENOME PIN 1748 GENOME NON_GENOME PIN 1992 GENOME NON_GENOME PIN 1260
GENOME NON_GENOME PIN 1496: GENOME NON_GENOME PIN 768
GENOME NON_GENOME PIN 1740: GENOME NON_GENOME PIN 1744
GENOME NON_GENOME PIN 1744: GENOME NON_GENOME PIN 1740
GENOME NON_GENOME PIN 1748: GENOME NON_GENOME PIN 768 GENOME NON_GENOME PIN 1256
GENOME NON_GENOME PIN 1992: GENOME NON_GENOME PIN 768
INST gru_cell_parallel__GB23 PIN 2482: GENOME gru_cell_parallel__GB23 PIN 2482 INST gru_cell_parallel__GB27 PIN 53 TYPE 5
INST gru_cell_parallel__GB23 PIN 2238: GENOME gru_cell_parallel__GB23 PIN 2238
INST gru_cell_parallel__GB23 PIN 6570: GENOME gru_cell_parallel__GB23 PIN 6570 INST gru_cell_parallel__GB27 PIN 53 TYPE 5
INST gru_cell_parallel__GB23 PIN 6818: GENOME gru_cell_parallel__GB23 PIN 6818 INST gru_cell_parallel__GB27 PIN 53 TYPE 5
INST gru_cell_parallel__GB23 PIN 7062: GENOME gru_cell_parallel__GB23 PIN 7062 INST gru_cell_parallel__GB27 PIN 85 TYPE 5
INST gru_cell_parallel__GB23 PIN 6814: GENOME gru_cell_parallel__GB23 PIN 6814
GENOME NON_GENOME PIN 2238: GENOME NON_GENOME PIN 2482 GENOME NON_GENOME PIN 6570 GENOME NON_GENOME PIN 6818
GENOME NON_GENOME PIN 2482: GENOME NON_GENOME PIN 2238
GENOME NON_GENOME PIN 6570: GENOME NON_GENOME PIN 2238
GENOME NON_GENOME PIN 6818: GENOME NON_GENOME PIN 2238
GENOME NON_GENOME PIN 6814: GENOME NON_GENOME PIN 7062
GENOME NON_GENOME PIN 7062: GENOME NON_GENOME PIN 6814
INST gru_cell_parallel__GB22 PIN 3806: GENOME gru_cell_parallel__GB22 PIN 3806 INST gru_cell_parallel__GB27 PIN 53 TYPE 5
INST gru_cell_parallel__GB22 PIN 2362: GENOME gru_cell_parallel__GB22 PIN 2362
INST gru_cell_parallel__GB22 PIN 3814: GENOME gru_cell_parallel__GB22 PIN 3814 INST gru_cell_parallel__GB27 PIN 85 TYPE 5
INST gru_cell_parallel__GB22 PIN 3810: GENOME gru_cell_parallel__GB22 PIN 3810
INST gru_cell_parallel__GB22 PIN 3818: GENOME gru_cell_parallel__GB22 PIN 3818 INST gru_cell_parallel__GB27 PIN 53 TYPE 5
INST gru_cell_parallel__GB22 PIN 3822: GENOME gru_cell_parallel__GB22 PIN 3822 INST gru_cell_parallel__GB27 PIN 53 TYPE 5
GENOME NON_GENOME PIN 2362: GENOME NON_GENOME PIN 3806 GENOME NON_GENOME PIN 3818 GENOME NON_GENOME PIN 3822
GENOME NON_GENOME PIN 3806: GENOME NON_GENOME PIN 2362
GENOME NON_GENOME PIN 3810: GENOME NON_GENOME PIN 3814
GENOME NON_GENOME PIN 3814: GENOME NON_GENOME PIN 3810
GENOME NON_GENOME PIN 3818: GENOME NON_GENOME PIN 2362
GENOME NON_GENOME PIN 3822: GENOME NON_GENOME PIN 2362
INST gru_cell_parallel__GB21 PIN 2392: GENOME gru_cell_parallel__GB21 PIN 2392 INST gru_cell_parallel__GB27 PIN 53 TYPE 5
INST gru_cell_parallel__GB21 PIN 1188: GENOME gru_cell_parallel__GB21 PIN 1188
INST gru_cell_parallel__GB21 PIN 3116: GENOME gru_cell_parallel__GB21 PIN 3116 INST gru_cell_parallel__GB27 PIN 53 TYPE 5
INST gru_cell_parallel__GB21 PIN 3120: GENOME gru_cell_parallel__GB21 PIN 3120 INST gru_cell_parallel__GB27 PIN 53 TYPE 5
INST gru_cell_parallel__GB21 PIN 3128: GENOME gru_cell_parallel__GB21 PIN 3128 INST gru_cell_parallel__GB27 PIN 85 TYPE 5
INST gru_cell_parallel__GB21 PIN 3124: GENOME gru_cell_parallel__GB21 PIN 3124
GENOME NON_GENOME PIN 1188: GENOME NON_GENOME PIN 2392 GENOME NON_GENOME PIN 3116 GENOME NON_GENOME PIN 3120
GENOME NON_GENOME PIN 2392: GENOME NON_GENOME PIN 1188
GENOME NON_GENOME PIN 3116: GENOME NON_GENOME PIN 1188 GENOME NON_GENOME PIN 3112
GENOME NON_GENOME PIN 3120: GENOME NON_GENOME PIN 1188 GENOME NON_GENOME PIN 3128
GENOME NON_GENOME PIN 3124: GENOME NON_GENOME PIN 3128 GENOME NON_GENOME PIN 3112
GENOME NON_GENOME PIN 3128: GENOME NON_GENOME PIN 3124 GENOME NON_GENOME PIN 3120
INST gru_cell_parallel__GB20 PIN 2430: GENOME gru_cell_parallel__GB20 PIN 2430 INST gru_cell_parallel__GB27 PIN 85 TYPE 5
INST gru_cell_parallel__GB20 PIN 2186: GENOME gru_cell_parallel__GB20 PIN 2186
INST gru_cell_parallel__GB20 PIN 2434: GENOME gru_cell_parallel__GB20 PIN 2434 INST gru_cell_parallel__GB27 PIN 53 TYPE 5
INST gru_cell_parallel__GB20 PIN 978: GENOME gru_cell_parallel__GB20 PIN 978
INST gru_cell_parallel__GB20 PIN 2438: GENOME gru_cell_parallel__GB20 PIN 2438 INST gru_cell_parallel__GB27 PIN 53 TYPE 5
INST gru_cell_parallel__GB20 PIN 2442: GENOME gru_cell_parallel__GB20 PIN 2442 INST gru_cell_parallel__GB27 PIN 53 TYPE 5
GENOME NON_GENOME PIN 2186: GENOME NON_GENOME PIN 2430
GENOME NON_GENOME PIN 2430: GENOME NON_GENOME PIN 2186
GENOME NON_GENOME PIN 978: GENOME NON_GENOME PIN 2434 GENOME NON_GENOME PIN 2438 GENOME NON_GENOME PIN 2442 GENOME NON_GENOME PIN 982 GENOME NON_GENOME PIN 1470 GENOME NON_GENOME PIN 1958
GENOME NON_GENOME PIN 2434: GENOME NON_GENOME PIN 978
GENOME NON_GENOME PIN 2438: GENOME NON_GENOME PIN 978 GENOME NON_GENOME PIN 1466
GENOME NON_GENOME PIN 2442: GENOME NON_GENOME PIN 978 GENOME NON_GENOME PIN 1474 GENOME NON_GENOME PIN 982
INST gru_cell_parallel__GB19 PIN 2010: GENOME gru_cell_parallel__GB19 PIN 2010 INST gru_cell_parallel__GB27 PIN 53 TYPE 5
INST gru_cell_parallel__GB19 PIN 798: GENOME gru_cell_parallel__GB19 PIN 798
INST gru_cell_parallel__GB19 PIN 2014: GENOME gru_cell_parallel__GB19 PIN 2014 INST gru_cell_parallel__GB27 PIN 53 TYPE 5
INST gru_cell_parallel__GB19 PIN 2018: GENOME gru_cell_parallel__GB19 PIN 2018 INST gru_cell_parallel__GB27 PIN 53 TYPE 5
INST gru_cell_parallel__GB19 PIN 2022: GENOME gru_cell_parallel__GB19 PIN 2022 INST gru_cell_parallel__GB27 PIN 85 TYPE 5
INST gru_cell_parallel__GB19 PIN 1042: GENOME gru_cell_parallel__GB19 PIN 1042
GENOME NON_GENOME PIN 798: GENOME NON_GENOME PIN 2010 GENOME NON_GENOME PIN 2014 GENOME NON_GENOME PIN 2018
GENOME NON_GENOME PIN 2010: GENOME NON_GENOME PIN 798
GENOME NON_GENOME PIN 2014: GENOME NON_GENOME PIN 798
GENOME NON_GENOME PIN 2018: GENOME NON_GENOME PIN 798
GENOME NON_GENOME PIN 1042: GENOME NON_GENOME PIN 2022
GENOME NON_GENOME PIN 2022: GENOME NON_GENOME PIN 1042
INST gru_cell_parallel__GB18 PIN 5205: GENOME gru_cell_parallel__GB18 PIN 5205 INST gru_cell_parallel__GB27 PIN 85 TYPE 5
INST gru_cell_parallel__GB18 PIN 2313: GENOME gru_cell_parallel__GB18 PIN 2313
INST gru_cell_parallel__GB18 PIN 5689: GENOME gru_cell_parallel__GB18 PIN 5689 INST gru_cell_parallel__GB27 PIN 53 TYPE 5
INST gru_cell_parallel__GB18 PIN 4481: GENOME gru_cell_parallel__GB18 PIN 4481
INST gru_cell_parallel__GB18 PIN 5693: GENOME gru_cell_parallel__GB18 PIN 5693 INST gru_cell_parallel__GB27 PIN 53 TYPE 5
INST gru_cell_parallel__GB18 PIN 6177: GENOME gru_cell_parallel__GB18 PIN 6177 INST gru_cell_parallel__GB27 PIN 53 TYPE 5
GENOME NON_GENOME PIN 2313: GENOME NON_GENOME PIN 5205
GENOME NON_GENOME PIN 5205: GENOME NON_GENOME PIN 2313
GENOME NON_GENOME PIN 4481: GENOME NON_GENOME PIN 5689 GENOME NON_GENOME PIN 5693 GENOME NON_GENOME PIN 6177
GENOME NON_GENOME PIN 5689: GENOME NON_GENOME PIN 4481
GENOME NON_GENOME PIN 5693: GENOME NON_GENOME PIN 4481
GENOME NON_GENOME PIN 6177: GENOME NON_GENOME PIN 4481
INST gru_cell_parallel__GB17 PIN 3116: GENOME gru_cell_parallel__GB17 PIN 3116 INST gru_cell_parallel__GB27 PIN 53 TYPE 5
INST gru_cell_parallel__GB17 PIN 3112: GENOME gru_cell_parallel__GB17 PIN 3112
INST gru_cell_parallel__GB17 PIN 3124: GENOME gru_cell_parallel__GB17 PIN 3124 INST gru_cell_parallel__GB27 PIN 53 TYPE 5
INST gru_cell_parallel__GB17 PIN 3128: GENOME gru_cell_parallel__GB17 PIN 3128 INST gru_cell_parallel__GB27 PIN 85 TYPE 5
INST gru_cell_parallel__GB17 PIN 3120: GENOME gru_cell_parallel__GB17 PIN 3120
INST gru_cell_parallel__GB17 PIN 3132: GENOME gru_cell_parallel__GB17 PIN 3132 INST gru_cell_parallel__GB27 PIN 53 TYPE 5
GENOME NON_GENOME PIN 3112: GENOME NON_GENOME PIN 3116 GENOME NON_GENOME PIN 3124 GENOME NON_GENOME PIN 3132
GENOME NON_GENOME PIN 3132: GENOME NON_GENOME PIN 3112
INST gru_cell_parallel__GB16 PIN 982: GENOME gru_cell_parallel__GB16 PIN 982 INST gru_cell_parallel__GB27 PIN 53 TYPE 5
INST gru_cell_parallel__GB16 PIN 978: GENOME gru_cell_parallel__GB16 PIN 978
INST gru_cell_parallel__GB16 PIN 1470: GENOME gru_cell_parallel__GB16 PIN 1470 INST gru_cell_parallel__GB27 PIN 53 TYPE 5
INST gru_cell_parallel__GB16 PIN 1958: GENOME gru_cell_parallel__GB16 PIN 1958 INST gru_cell_parallel__GB27 PIN 53 TYPE 5
INST gru_cell_parallel__GB16 PIN 2442: GENOME gru_cell_parallel__GB16 PIN 2442 INST gru_cell_parallel__GB27 PIN 85 TYPE 5
INST gru_cell_parallel__GB16 PIN 1474: GENOME gru_cell_parallel__GB16 PIN 1474
GENOME NON_GENOME PIN 982: GENOME NON_GENOME PIN 978 GENOME NON_GENOME PIN 1954 GENOME NON_GENOME PIN 1958 GENOME NON_GENOME PIN 2442
GENOME NON_GENOME PIN 1470: GENOME NON_GENOME PIN 978
GENOME NON_GENOME PIN 1958: GENOME NON_GENOME PIN 978 GENOME NON_GENOME PIN 982
GENOME NON_GENOME PIN 1474: GENOME NON_GENOME PIN 2442
INST gru_cell_parallel__GB15 PIN 1057: GENOME gru_cell_parallel__GB15 PIN 1057 INST gru_cell_parallel__GB27 PIN 53 TYPE 5
INST gru_cell_parallel__GB15 PIN 813: GENOME gru_cell_parallel__GB15 PIN 813
INST gru_cell_parallel__GB15 PIN 2025: GENOME gru_cell_parallel__GB15 PIN 2025 INST gru_cell_parallel__GB27 PIN 53 TYPE 5
INST gru_cell_parallel__GB15 PIN 2029: GENOME gru_cell_parallel__GB15 PIN 2029 INST gru_cell_parallel__GB27 PIN 85 TYPE 5
INST gru_cell_parallel__GB15 PIN 2021: GENOME gru_cell_parallel__GB15 PIN 2021
INST gru_cell_parallel__GB15 PIN 2037: GENOME gru_cell_parallel__GB15 PIN 2037 INST gru_cell_parallel__GB27 PIN 53 TYPE 5
GENOME NON_GENOME PIN 813: GENOME NON_GENOME PIN 1057 GENOME NON_GENOME PIN 2025 GENOME NON_GENOME PIN 2037 GENOME NON_GENOME PIN 1545 GENOME NON_GENOME PIN 2029
GENOME NON_GENOME PIN 1057: GENOME NON_GENOME PIN 813
GENOME NON_GENOME PIN 2025: GENOME NON_GENOME PIN 813
GENOME NON_GENOME PIN 2021: GENOME NON_GENOME PIN 2029
GENOME NON_GENOME PIN 2029: GENOME NON_GENOME PIN 2021 GENOME NON_GENOME PIN 813
GENOME NON_GENOME PIN 2037: GENOME NON_GENOME PIN 813
INST gru_cell_parallel__GB14 PIN 2647: GENOME gru_cell_parallel__GB14 PIN 2647 INST gru_cell_parallel__GB27 PIN 53 TYPE 5
INST gru_cell_parallel__GB14 PIN 2403: GENOME gru_cell_parallel__GB14 PIN 2403
INST gru_cell_parallel__GB14 PIN 4575: GENOME gru_cell_parallel__GB14 PIN 4575 INST gru_cell_parallel__GB27 PIN 53 TYPE 5
INST gru_cell_parallel__GB14 PIN 7223: GENOME gru_cell_parallel__GB14 PIN 7223 INST gru_cell_parallel__GB27 PIN 85 TYPE 5
INST gru_cell_parallel__GB14 PIN 5779: GENOME gru_cell_parallel__GB14 PIN 5779
INST gru_cell_parallel__GB14 PIN 7227: GENOME gru_cell_parallel__GB14 PIN 7227 INST gru_cell_parallel__GB27 PIN 53 TYPE 5
GENOME NON_GENOME PIN 2403: GENOME NON_GENOME PIN 2647 GENOME NON_GENOME PIN 4575 GENOME NON_GENOME PIN 7227 GENOME NON_GENOME PIN 2887 GENOME NON_GENOME PIN 4335 GENOME NON_GENOME PIN 4579
GENOME NON_GENOME PIN 2647: GENOME NON_GENOME PIN 2403
GENOME NON_GENOME PIN 4575: GENOME NON_GENOME PIN 2403
GENOME NON_GENOME PIN 5779: GENOME NON_GENOME PIN 7223
GENOME NON_GENOME PIN 7223: GENOME NON_GENOME PIN 5779
GENOME NON_GENOME PIN 7227: GENOME NON_GENOME PIN 2403
INST gru_cell_parallel__GB13 PIN 1710: GENOME gru_cell_parallel__GB13 PIN 1710 INST gru_cell_parallel__GB27 PIN 53 TYPE 5
INST gru_cell_parallel__GB13 PIN 1466: GENOME gru_cell_parallel__GB13 PIN 1466
INST gru_cell_parallel__GB13 PIN 2194: GENOME gru_cell_parallel__GB13 PIN 2194 INST gru_cell_parallel__GB27 PIN 53 TYPE 5
INST gru_cell_parallel__GB13 PIN 2438: GENOME gru_cell_parallel__GB13 PIN 2438 INST gru_cell_parallel__GB27 PIN 53 TYPE 5
INST gru_cell_parallel__GB13 PIN 2442: GENOME gru_cell_parallel__GB13 PIN 2442 INST gru_cell_parallel__GB27 PIN 85 TYPE 5
INST gru_cell_parallel__GB13 PIN 978: GENOME gru_cell_parallel__GB13 PIN 978
GENOME NON_GENOME PIN 1466: GENOME NON_GENOME PIN 1710 GENOME NON_GENOME PIN 2194 GENOME NON_GENOME PIN 2438
GENOME NON_GENOME PIN 1710: GENOME NON_GENOME PIN 1466 GENOME NON_GENOME PIN 1226
GENOME NON_GENOME PIN 2194: GENOME NON_GENOME PIN 1466
INST gru_cell_parallel__GB12 PIN 1545: GENOME gru_cell_parallel__GB12 PIN 1545 INST gru_cell_parallel__GB27 PIN 53 TYPE 5
INST gru_cell_parallel__GB12 PIN 813: GENOME gru_cell_parallel__GB12 PIN 813
INST gru_cell_parallel__GB12 PIN 2029: GENOME gru_cell_parallel__GB12 PIN 2029 INST gru_cell_parallel__GB27 PIN 53 TYPE 5
INST gru_cell_parallel__GB12 PIN 2033: GENOME gru_cell_parallel__GB12 PIN 2033 INST gru_cell_parallel__GB27 PIN 85 TYPE 5
INST gru_cell_parallel__GB12 PIN 1061: GENOME gru_cell_parallel__GB12 PIN 1061
INST gru_cell_parallel__GB12 PIN 2037: GENOME gru_cell_parallel__GB12 PIN 2037 INST gru_cell_parallel__GB27 PIN 53 TYPE 5
GENOME NON_GENOME PIN 1545: GENOME NON_GENOME PIN 813
GENOME NON_GENOME PIN 1061: GENOME NON_GENOME PIN 2033
GENOME NON_GENOME PIN 2033: GENOME NON_GENOME PIN 1061
INST gru_cell_parallel__GB11 PIN 2887: GENOME gru_cell_parallel__GB11 PIN 2887 INST gru_cell_parallel__GB27 PIN 53 TYPE 5
INST gru_cell_parallel__GB11 PIN 2403: GENOME gru_cell_parallel__GB11 PIN 2403
INST gru_cell_parallel__GB11 PIN 4335: GENOME gru_cell_parallel__GB11 PIN 4335 INST gru_cell_parallel__GB27 PIN 53 TYPE 5
INST gru_cell_parallel__GB11 PIN 4579: GENOME gru_cell_parallel__GB11 PIN 4579 INST gru_cell_parallel__GB27 PIN 53 TYPE 5
INST gru_cell_parallel__GB11 PIN 5787: GENOME gru_cell_parallel__GB11 PIN 5787 INST gru_cell_parallel__GB27 PIN 85 TYPE 5
INST gru_cell_parallel__GB11 PIN 3131: GENOME gru_cell_parallel__GB11 PIN 3131
GENOME NON_GENOME PIN 2887: GENOME NON_GENOME PIN 2403
GENOME NON_GENOME PIN 4335: GENOME NON_GENOME PIN 2403
GENOME NON_GENOME PIN 4579: GENOME NON_GENOME PIN 2403
GENOME NON_GENOME PIN 3131: GENOME NON_GENOME PIN 5787
GENOME NON_GENOME PIN 5787: GENOME NON_GENOME PIN 3131
INST gru_cell_parallel__GB10 PIN 1117: GENOME gru_cell_parallel__GB10 PIN 1117 INST gru_cell_parallel__GB27 PIN 53 TYPE 5
INST gru_cell_parallel__GB10 PIN 873: GENOME gru_cell_parallel__GB10 PIN 873
INST gru_cell_parallel__GB10 PIN 1605: GENOME gru_cell_parallel__GB10 PIN 1605 INST gru_cell_parallel__GB27 PIN 53 TYPE 5
INST gru_cell_parallel__GB10 PIN 2089: GENOME gru_cell_parallel__GB10 PIN 2089 INST gru_cell_parallel__GB27 PIN 53 TYPE 5
INST gru_cell_parallel__GB10 PIN 2093: GENOME gru_cell_parallel__GB10 PIN 2093 INST gru_cell_parallel__GB27 PIN 85 TYPE 5
INST gru_cell_parallel__GB10 PIN 1601: GENOME gru_cell_parallel__GB10 PIN 1601
GENOME NON_GENOME PIN 1117: GENOME NON_GENOME PIN 873
GENOME NON_GENOME PIN 1605: GENOME NON_GENOME PIN 873
GENOME NON_GENOME PIN 2089: GENOME NON_GENOME PIN 873
GENOME NON_GENOME PIN 1601: GENOME NON_GENOME PIN 2093
INST gru_cell_parallel__GB9 PIN 1260: GENOME gru_cell_parallel__GB9 PIN 1260 INST gru_cell_parallel__GB27 PIN 85 TYPE 5
INST gru_cell_parallel__GB9 PIN 768: GENOME gru_cell_parallel__GB9 PIN 768
INST gru_cell_parallel__GB9 PIN 1504: GENOME gru_cell_parallel__GB9 PIN 1504 INST gru_cell_parallel__GB27 PIN 53 TYPE 5
INST gru_cell_parallel__GB9 PIN 1256: GENOME gru_cell_parallel__GB9 PIN 1256
INST gru_cell_parallel__GB9 PIN 1748: GENOME gru_cell_parallel__GB9 PIN 1748 INST gru_cell_parallel__GB27 PIN 53 TYPE 5
INST gru_cell_parallel__GB9 PIN 1752: GENOME gru_cell_parallel__GB9 PIN 1752 INST gru_cell_parallel__GB27 PIN 53 TYPE 5
GENOME NON_GENOME PIN 1260: GENOME NON_GENOME PIN 768
GENOME NON_GENOME PIN 1256: GENOME NON_GENOME PIN 1504 GENOME NON_GENOME PIN 1748 GENOME NON_GENOME PIN 1752
GENOME NON_GENOME PIN 1504: GENOME NON_GENOME PIN 1256
GENOME NON_GENOME PIN 1752: GENOME NON_GENOME PIN 1256
INST gru_cell_parallel__GB8 PIN 2487: GENOME gru_cell_parallel__GB8 PIN 2487 INST gru_cell_parallel__GB27 PIN 53 TYPE 5
INST gru_cell_parallel__GB8 PIN 1759: GENOME gru_cell_parallel__GB8 PIN 1759
INST gru_cell_parallel__GB8 PIN 2971: GENOME gru_cell_parallel__GB8 PIN 2971 INST gru_cell_parallel__GB27 PIN 53 TYPE 5
INST gru_cell_parallel__GB8 PIN 6732: GENOME gru_cell_parallel__GB8 PIN 6732 INST gru_cell_parallel__GB27 PIN 53 TYPE 5
INST gru_cell_parallel__GB8 PIN 7456: GENOME gru_cell_parallel__GB8 PIN 7456 INST gru_cell_parallel__GB27 PIN 85 TYPE 5
INST gru_cell_parallel__GB8 PIN 2243: GENOME gru_cell_parallel__GB8 PIN 2243
GENOME NON_GENOME PIN 1759: GENOME NON_GENOME PIN 2487 GENOME NON_GENOME PIN 2971 GENOME NON_GENOME PIN 6732
GENOME NON_GENOME PIN 2487: GENOME NON_GENOME PIN 1759
GENOME NON_GENOME PIN 2971: GENOME NON_GENOME PIN 1759
GENOME NON_GENOME PIN 6732: GENOME NON_GENOME PIN 1759
GENOME NON_GENOME PIN 2243: GENOME NON_GENOME PIN 7456
GENOME NON_GENOME PIN 7456: GENOME NON_GENOME PIN 2243
INST gru_cell_parallel__GB7 PIN 1710: GENOME gru_cell_parallel__GB7 PIN 1710 INST gru_cell_parallel__GB27 PIN 85 TYPE 5
INST gru_cell_parallel__GB7 PIN 1226: GENOME gru_cell_parallel__GB7 PIN 1226
INST gru_cell_parallel__GB7 PIN 1954: GENOME gru_cell_parallel__GB7 PIN 1954 INST gru_cell_parallel__GB27 PIN 53 TYPE 5
INST gru_cell_parallel__GB7 PIN 982: GENOME gru_cell_parallel__GB7 PIN 982
INST gru_cell_parallel__GB7 PIN 1958: GENOME gru_cell_parallel__GB7 PIN 1958 INST gru_cell_parallel__GB27 PIN 53 TYPE 5
INST gru_cell_parallel__GB7 PIN 2442: GENOME gru_cell_parallel__GB7 PIN 2442 INST gru_cell_parallel__GB27 PIN 53 TYPE 5
GENOME NON_GENOME PIN 1226: GENOME NON_GENOME PIN 1710
GENOME NON_GENOME PIN 1954: GENOME NON_GENOME PIN 982
INST gru_cell_parallel__GB6 PIN 1441: GENOME gru_cell_parallel__GB6 PIN 1441 INST gru_cell_parallel__GB27 PIN 53 TYPE 5
INST gru_cell_parallel__GB6 PIN 709: GENOME gru_cell_parallel__GB6 PIN 709
INST gru_cell_parallel__GB6 PIN 1685: GENOME gru_cell_parallel__GB6 PIN 1685 INST gru_cell_parallel__GB27 PIN 53 TYPE 5
INST gru_cell_parallel__GB6 PIN 1689: GENOME gru_cell_parallel__GB6 PIN 1689 INST gru_cell_parallel__GB27 PIN 53 TYPE 5
INST gru_cell_parallel__GB6 PIN 1693: GENOME gru_cell_parallel__GB6 PIN 1693 INST gru_cell_parallel__GB27 PIN 85 TYPE 5
INST gru_cell_parallel__GB6 PIN 1197: GENOME gru_cell_parallel__GB6 PIN 1197
GENOME NON_GENOME PIN 709: GENOME NON_GENOME PIN 1441 GENOME NON_GENOME PIN 1685 GENOME NON_GENOME PIN 1689
GENOME NON_GENOME PIN 1441: GENOME NON_GENOME PIN 709
GENOME NON_GENOME PIN 1685: GENOME NON_GENOME PIN 709
GENOME NON_GENOME PIN 1689: GENOME NON_GENOME PIN 709
GENOME NON_GENOME PIN 1197: GENOME NON_GENOME PIN 1693
GENOME NON_GENOME PIN 1693: GENOME NON_GENOME PIN 1197
INST gru_cell_parallel__GB5 PIN 6293: GENOME gru_cell_parallel__GB5 PIN 6293 INST gru_cell_parallel__GB27 PIN 85 TYPE 5
INST gru_cell_parallel__GB5 PIN 4826: GENOME gru_cell_parallel__GB5 PIN 4826
INST gru_cell_parallel__GB5 PIN 6537: GENOME gru_cell_parallel__GB5 PIN 6537 INST gru_cell_parallel__GB27 PIN 53 TYPE 5
INST gru_cell_parallel__GB5 PIN 6289: GENOME gru_cell_parallel__GB5 PIN 6289
INST gru_cell_parallel__GB5 PIN 6541: GENOME gru_cell_parallel__GB5 PIN 6541 INST gru_cell_parallel__GB27 PIN 53 TYPE 5
INST gru_cell_parallel__GB5 PIN 7985: GENOME gru_cell_parallel__GB5 PIN 7985 INST gru_cell_parallel__GB27 PIN 53 TYPE 5
GENOME NON_GENOME PIN 4826: GENOME NON_GENOME PIN 6293
GENOME NON_GENOME PIN 6293: GENOME NON_GENOME PIN 4826
GENOME NON_GENOME PIN 6289: GENOME NON_GENOME PIN 6537 GENOME NON_GENOME PIN 6541 GENOME NON_GENOME PIN 7985
GENOME NON_GENOME PIN 6537: GENOME NON_GENOME PIN 6289
GENOME NON_GENOME PIN 6541: GENOME NON_GENOME PIN 6289
GENOME NON_GENOME PIN 7985: GENOME NON_GENOME PIN 6289
INST gru_cell_parallel__GB4 PIN 2501: GENOME gru_cell_parallel__GB4 PIN 2501 INST gru_cell_parallel__GB27 PIN 53 TYPE 5
INST gru_cell_parallel__GB4 PIN 1773: GENOME gru_cell_parallel__GB4 PIN 1773
INST gru_cell_parallel__GB4 PIN 2989: GENOME gru_cell_parallel__GB4 PIN 2989 INST gru_cell_parallel__GB27 PIN 53 TYPE 5
INST gru_cell_parallel__GB4 PIN 3713: GENOME gru_cell_parallel__GB4 PIN 3713 INST gru_cell_parallel__GB27 PIN 85 TYPE 5
INST gru_cell_parallel__GB4 PIN 2017: GENOME gru_cell_parallel__GB4 PIN 2017
INST gru_cell_parallel__GB4 PIN 4917: GENOME gru_cell_parallel__GB4 PIN 4917 INST gru_cell_parallel__GB27 PIN 53 TYPE 5
GENOME NON_GENOME PIN 1773: GENOME NON_GENOME PIN 2501 GENOME NON_GENOME PIN 2989 GENOME NON_GENOME PIN 4917
GENOME NON_GENOME PIN 2501: GENOME NON_GENOME PIN 1773
GENOME NON_GENOME PIN 2989: GENOME NON_GENOME PIN 1773
GENOME NON_GENOME PIN 2017: GENOME NON_GENOME PIN 3713
GENOME NON_GENOME PIN 3713: GENOME NON_GENOME PIN 2017
GENOME NON_GENOME PIN 4917: GENOME NON_GENOME PIN 1773
INST gru_cell_parallel__GB3 PIN 3195: GENOME gru_cell_parallel__GB3 PIN 3195 INST gru_cell_parallel__GB27 PIN 85 TYPE 5
INST gru_cell_parallel__GB3 PIN 1747: GENOME gru_cell_parallel__GB3 PIN 1747
INST gru_cell_parallel__GB3 PIN 3919: GENOME gru_cell_parallel__GB3 PIN 3919 INST gru_cell_parallel__GB27 PIN 53 TYPE 5
INST gru_cell_parallel__GB3 PIN 1991: GENOME gru_cell_parallel__GB3 PIN 1991
INST gru_cell_parallel__GB3 PIN 3923: GENOME gru_cell_parallel__GB3 PIN 3923 INST gru_cell_parallel__GB27 PIN 53 TYPE 5
INST gru_cell_parallel__GB3 PIN 3927: GENOME gru_cell_parallel__GB3 PIN 3927 INST gru_cell_parallel__GB27 PIN 53 TYPE 5
GENOME NON_GENOME PIN 1747: GENOME NON_GENOME PIN 3195
GENOME NON_GENOME PIN 3195: GENOME NON_GENOME PIN 1747
GENOME NON_GENOME PIN 1991: GENOME NON_GENOME PIN 3919 GENOME NON_GENOME PIN 3923 GENOME NON_GENOME PIN 3927
GENOME NON_GENOME PIN 3919: GENOME NON_GENOME PIN 1991
GENOME NON_GENOME PIN 3923: GENOME NON_GENOME PIN 1991
GENOME NON_GENOME PIN 3927: GENOME NON_GENOME PIN 1991
REEXTRACT_GENOME: GENOME gru_cell_parallel__GB8 GENOME gru_cell_parallel__GB21 GENOME gru_cell_parallel__GB27 GENOME gru_cell_parallel__GB6 GENOME gru_cell_parallel_GT1 GENOME gru_cell_parallel_GT0
gru_cell_parallel__GB8: GENOME gru_cell_parallel__GB21 GENOME gru_cell_parallel__GB27 GENOME gru_cell_parallel_GT0 GENOME gru_cell_parallel_GT1
gru_cell_parallel__GB21: GENOME gru_cell_parallel__GB8 GENOME gru_cell_parallel__GB27 GENOME gru_cell_parallel_GT0 GENOME gru_cell_parallel_GT1
gru_cell_parallel__GB27: GENOME gru_cell_parallel__GB8 GENOME gru_cell_parallel__GB21 GENOME gru_cell_parallel_GT0 GENOME gru_cell_parallel_GT1
DISSOLVE_GENOME: GENOME gru_cell_parallel__GB8 GENOME gru_cell_parallel__GB21 GENOME gru_cell_parallel__GB27 GENOME gru_cell_parallel__GB6 GENOME gru_cell_parallel_GT1 GENOME gru_cell_parallel_GT0
gru_cell_parallel__GB6: GENOME gru_cell_parallel_GT1 GENOME gru_cell_parallel_GT0 GENOME gru_cell_parallel_GT2
gru_cell_parallel_GT1: GENOME gru_cell_parallel__GB6 GENOME gru_cell_parallel_GT0 GENOME gru_cell_parallel_GT1 GENOME gru_cell_parallel_GT2
gru_cell_parallel_GT0: GENOME gru_cell_parallel__GB6 GENOME gru_cell_parallel_GT1 GENOME gru_cell_parallel_GT0 GENOME gru_cell_parallel_GT2
