
*** Running vivado
    with args -log top.vds -m64 -product Vivado -mode batch -messageDb vivado.pb -notrace -source top.tcl



****** Vivado v2024.1 (64-bit)
  **** SW Build 5076996 on Wed May 22 18:37:14 MDT 2024
  **** IP Build 5075265 on Wed May 22 21:45:21 MDT 2024
  **** SharedData Build 5076995 on Wed May 22 18:29:18 MDT 2024
  **** Start of session at: Sun Mar  1 11:06:14 2026
    ** Copyright 1986-2022 Xilinx, Inc. All Rights Reserved.
    ** Copyright 2022-2024 Advanced Micro Devices, Inc. All Rights Reserved.

source top.tcl -notrace
create_project: Time (s): cpu = 00:00:06 ; elapsed = 00:00:07 . Memory (MB): peak = 531.352 ; gain = 198.906
Command: read_checkpoint -auto_incremental -incremental C:/Users/ajrbe/Documents/School/Thesis/BCI/gru-hardware-implementation-and-optimization/actualImplementation/actualImplementation.srcs/utils_1/imports/synth_1/top.dcp
INFO: [Vivado 12-5825] Read reference checkpoint from C:/Users/ajrbe/Documents/School/Thesis/BCI/gru-hardware-implementation-and-optimization/actualImplementation/actualImplementation.srcs/utils_1/imports/synth_1/top.dcp for incremental synthesis
INFO: [Vivado 12-7989] Please ensure there are no constraint changes
Command: synth_design -top top -part xc7a100tcsg324-1
Starting synth_design
Attempting to get a license for feature 'Synthesis' and/or device 'xc7a100t'
INFO: [Common 17-349] Got license for feature 'Synthesis' and/or device 'xc7a100t'
INFO: [Device 21-403] Loading part xc7a100tcsg324-1
INFO: [Device 21-9227] Part: xc7a100tcsg324-1 does not have CEAM library.
INFO: [Designutils 20-5440] No compile time benefit to using incremental synthesis; A full resynthesis will be run
INFO: [Designutils 20-4379] Flow is switching to default flow due to incremental criteria not met. If you would like to alter this behaviour and have the flow terminate instead, please set the following parameter config_implementation {autoIncr.Synth.RejectBehavior Terminate}
INFO: [Synth 8-7079] Multithreading enabled for synth_design using a maximum of 2 processes.
INFO: [Synth 8-7078] Launching helper process for spawning children vivado processes
INFO: [Synth 8-7075] Helper process launched with PID 30512
---------------------------------------------------------------------------------
Starting RTL Elaboration : Time (s): cpu = 00:00:04 ; elapsed = 00:00:04 . Memory (MB): peak = 1402.973 ; gain = 450.215
---------------------------------------------------------------------------------
INFO: [Synth 8-6157] synthesizing module 'top' [C:/Users/ajrbe/Documents/School/Thesis/BCI/gru-hardware-implementation-and-optimization/actualImplementation/actualImplementation.srcs/sources_1/new/top.sv:15]
INFO: [Synth 8-6157] synthesizing module 'uart_rx' [C:/Users/ajrbe/Documents/School/Thesis/BCI/gru-hardware-implementation-and-optimization/actualImplementation/actualImplementation.srcs/sources_1/new/uart_rx.sv:6]
INFO: [Synth 8-226] default block is never used [C:/Users/ajrbe/Documents/School/Thesis/BCI/gru-hardware-implementation-and-optimization/actualImplementation/actualImplementation.srcs/sources_1/new/uart_rx.sv:66]
INFO: [Synth 8-6155] done synthesizing module 'uart_rx' (0#1) [C:/Users/ajrbe/Documents/School/Thesis/BCI/gru-hardware-implementation-and-optimization/actualImplementation/actualImplementation.srcs/sources_1/new/uart_rx.sv:6]
INFO: [Synth 8-6157] synthesizing module 'uart_tx' [C:/Users/ajrbe/Documents/School/Thesis/BCI/gru-hardware-implementation-and-optimization/actualImplementation/actualImplementation.srcs/sources_1/new/uart_tx.sv:6]
INFO: [Synth 8-226] default block is never used [C:/Users/ajrbe/Documents/School/Thesis/BCI/gru-hardware-implementation-and-optimization/actualImplementation/actualImplementation.srcs/sources_1/new/uart_tx.sv:62]
INFO: [Synth 8-6155] done synthesizing module 'uart_tx' (0#1) [C:/Users/ajrbe/Documents/School/Thesis/BCI/gru-hardware-implementation-and-optimization/actualImplementation/actualImplementation.srcs/sources_1/new/uart_tx.sv:6]
INFO: [Synth 8-6157] synthesizing module 'gru' [C:/Users/ajrbe/Documents/School/Thesis/BCI/gru-hardware-implementation-and-optimization/actualImplementation/actualImplementation.srcs/sources_1/new/gru.sv:3]
	Parameter D bound to: 32'sb00000000000000000000000001000000 
	Parameter H bound to: 32'sb00000000000000000000000000010000 
	Parameter INT_BITS bound to: 32'sb00000000000000000000000000001010 
	Parameter FRAC_BITS bound to: 32'sb00000000000000000000000000000110 
	Parameter DATA_WIDTH bound to: 32'sb00000000000000000000000000010000 
	Parameter NUM_PARALLEL bound to: 32'sb00000000000000000000000000000001 
INFO: [Synth 8-6157] synthesizing module 'gru_reset_gate_element' [C:/Users/ajrbe/Documents/School/Thesis/BCI/gru-hardware-implementation-and-optimization/actualImplementation/actualImplementation.srcs/sources_1/new/gru_reset_gate_element.sv:17]
	Parameter D bound to: 32'sb00000000000000000000000001000000 
	Parameter H bound to: 32'sb00000000000000000000000000010000 
	Parameter INT_BITS bound to: 32'sb00000000000000000000000000001010 
	Parameter FRAC_BITS bound to: 32'sb00000000000000000000000000000110 
	Parameter DATA_WIDTH bound to: 32'sb00000000000000000000000000010000 
INFO: [Synth 8-6157] synthesizing module 'mult' [C:/Users/ajrbe/Documents/School/Thesis/BCI/gru-hardware-implementation-and-optimization/actualImplementation/actualImplementation.srcs/sources_1/new/mult.sv:16]
	Parameter INT_WIDTH bound to: 10 - type: integer 
	Parameter FRAC_WIDTH bound to: 6 - type: integer 
INFO: [Synth 8-6155] done synthesizing module 'mult' (0#1) [C:/Users/ajrbe/Documents/School/Thesis/BCI/gru-hardware-implementation-and-optimization/actualImplementation/actualImplementation.srcs/sources_1/new/mult.sv:16]
INFO: [Synth 8-6157] synthesizing module 'sigmoid' [C:/Users/ajrbe/Documents/School/Thesis/BCI/gru-hardware-implementation-and-optimization/actualImplementation/actualImplementation.srcs/sources_1/new/sigmoid.sv:19]
	Parameter INT_WIDTH bound to: 32'sb00000000000000000000000000001010 
	Parameter FRAC_WIDTH bound to: 32'sb00000000000000000000000000000110 
INFO: [Synth 8-6155] done synthesizing module 'sigmoid' (0#1) [C:/Users/ajrbe/Documents/School/Thesis/BCI/gru-hardware-implementation-and-optimization/actualImplementation/actualImplementation.srcs/sources_1/new/sigmoid.sv:19]
INFO: [Synth 8-155] case statement is not full and has no default [C:/Users/ajrbe/Documents/School/Thesis/BCI/gru-hardware-implementation-and-optimization/actualImplementation/actualImplementation.srcs/sources_1/new/gru_reset_gate_element.sv:95]
INFO: [Synth 8-6155] done synthesizing module 'gru_reset_gate_element' (0#1) [C:/Users/ajrbe/Documents/School/Thesis/BCI/gru-hardware-implementation-and-optimization/actualImplementation/actualImplementation.srcs/sources_1/new/gru_reset_gate_element.sv:17]
INFO: [Synth 8-6157] synthesizing module 'gru_update_gate_element' [C:/Users/ajrbe/Documents/School/Thesis/BCI/gru-hardware-implementation-and-optimization/actualImplementation/actualImplementation.srcs/sources_1/new/gru_update_gate_element.sv:8]
	Parameter D bound to: 32'sb00000000000000000000000001000000 
	Parameter H bound to: 32'sb00000000000000000000000000010000 
	Parameter INT_BITS bound to: 32'sb00000000000000000000000000001010 
	Parameter FRAC_BITS bound to: 32'sb00000000000000000000000000000110 
	Parameter DATA_WIDTH bound to: 32'sb00000000000000000000000000010000 
INFO: [Synth 8-155] case statement is not full and has no default [C:/Users/ajrbe/Documents/School/Thesis/BCI/gru-hardware-implementation-and-optimization/actualImplementation/actualImplementation.srcs/sources_1/new/gru_update_gate_element.sv:82]
INFO: [Synth 8-6155] done synthesizing module 'gru_update_gate_element' (0#1) [C:/Users/ajrbe/Documents/School/Thesis/BCI/gru-hardware-implementation-and-optimization/actualImplementation/actualImplementation.srcs/sources_1/new/gru_update_gate_element.sv:8]
INFO: [Synth 8-6157] synthesizing module 'gru_new_gate_element' [C:/Users/ajrbe/Documents/School/Thesis/BCI/gru-hardware-implementation-and-optimization/actualImplementation/actualImplementation.srcs/sources_1/new/gru_new_gate_element.sv:18]
	Parameter D bound to: 32'sb00000000000000000000000001000000 
	Parameter H bound to: 32'sb00000000000000000000000000010000 
	Parameter INT_BITS bound to: 32'sb00000000000000000000000000001010 
	Parameter FRAC_BITS bound to: 32'sb00000000000000000000000000000110 
	Parameter DATA_WIDTH bound to: 32'sb00000000000000000000000000010000 
INFO: [Synth 8-6157] synthesizing module 'tanh' [C:/Users/ajrbe/Documents/School/Thesis/BCI/gru-hardware-implementation-and-optimization/actualImplementation/actualImplementation.srcs/sources_1/new/tanh.sv:13]
	Parameter INT_WIDTH bound to: 32'sb00000000000000000000000000001010 
	Parameter FRAC_WIDTH bound to: 32'sb00000000000000000000000000000110 
INFO: [Synth 8-6155] done synthesizing module 'tanh' (0#1) [C:/Users/ajrbe/Documents/School/Thesis/BCI/gru-hardware-implementation-and-optimization/actualImplementation/actualImplementation.srcs/sources_1/new/tanh.sv:13]
INFO: [Synth 8-155] case statement is not full and has no default [C:/Users/ajrbe/Documents/School/Thesis/BCI/gru-hardware-implementation-and-optimization/actualImplementation/actualImplementation.srcs/sources_1/new/gru_new_gate_element.sv:101]
INFO: [Synth 8-6155] done synthesizing module 'gru_new_gate_element' (0#1) [C:/Users/ajrbe/Documents/School/Thesis/BCI/gru-hardware-implementation-and-optimization/actualImplementation/actualImplementation.srcs/sources_1/new/gru_new_gate_element.sv:18]
INFO: [Synth 8-6157] synthesizing module 'gru_hidden_state_element' [C:/Users/ajrbe/Documents/School/Thesis/BCI/gru-hardware-implementation-and-optimization/actualImplementation/actualImplementation.srcs/sources_1/new/gru_hidden_state_element.sv:11]
	Parameter INT_BITS bound to: 32'sb00000000000000000000000000001010 
	Parameter FRAC_BITS bound to: 32'sb00000000000000000000000000000110 
	Parameter DATA_WIDTH bound to: 32'sb00000000000000000000000000010000 
INFO: [Synth 8-6155] done synthesizing module 'gru_hidden_state_element' (0#1) [C:/Users/ajrbe/Documents/School/Thesis/BCI/gru-hardware-implementation-and-optimization/actualImplementation/actualImplementation.srcs/sources_1/new/gru_hidden_state_element.sv:11]
INFO: [Synth 8-6155] done synthesizing module 'gru' (0#1) [C:/Users/ajrbe/Documents/School/Thesis/BCI/gru-hardware-implementation-and-optimization/actualImplementation/actualImplementation.srcs/sources_1/new/gru.sv:3]
INFO: [Synth 8-6155] done synthesizing module 'top' (0#1) [C:/Users/ajrbe/Documents/School/Thesis/BCI/gru-hardware-implementation-and-optimization/actualImplementation/actualImplementation.srcs/sources_1/new/top.sv:15]
WARNING: [Synth 8-11357] Potential Runtime issue for 3D-RAM or RAM from Record/Structs for RAM  W_ir_reg with 16384 registers
WARNING: [Synth 8-11357] Potential Runtime issue for 3D-RAM or RAM from Record/Structs for RAM  W_iz_reg with 16384 registers
WARNING: [Synth 8-11357] Potential Runtime issue for 3D-RAM or RAM from Record/Structs for RAM  W_in_reg with 16384 registers
---------------------------------------------------------------------------------
Finished RTL Elaboration : Time (s): cpu = 00:00:08 ; elapsed = 00:00:09 . Memory (MB): peak = 1691.281 ; gain = 738.523
---------------------------------------------------------------------------------
---------------------------------------------------------------------------------
Start Handling Custom Attributes
---------------------------------------------------------------------------------
---------------------------------------------------------------------------------
Finished Handling Custom Attributes : Time (s): cpu = 00:00:08 ; elapsed = 00:00:09 . Memory (MB): peak = 1691.281 ; gain = 738.523
---------------------------------------------------------------------------------
---------------------------------------------------------------------------------
Finished RTL Optimization Phase 1 : Time (s): cpu = 00:00:08 ; elapsed = 00:00:09 . Memory (MB): peak = 1691.281 ; gain = 738.523
---------------------------------------------------------------------------------
Netlist sorting complete. Time (s): cpu = 00:00:00 ; elapsed = 00:00:00.733 . Memory (MB): peak = 1691.281 ; gain = 0.000
INFO: [Project 1-570] Preparing netlist for logic optimization

Processing XDC Constraints
Initializing timing engine
Parsing XDC File [C:/Users/ajrbe/Documents/School/Thesis/BCI/gru-hardware-implementation-and-optimization/actualImplementation/actualImplementation.srcs/constrs_1/new/constraints.xdc]
Finished Parsing XDC File [C:/Users/ajrbe/Documents/School/Thesis/BCI/gru-hardware-implementation-and-optimization/actualImplementation/actualImplementation.srcs/constrs_1/new/constraints.xdc]
INFO: [Project 1-236] Implementation specific constraints were found while reading constraint file [C:/Users/ajrbe/Documents/School/Thesis/BCI/gru-hardware-implementation-and-optimization/actualImplementation/actualImplementation.srcs/constrs_1/new/constraints.xdc]. These constraints will be ignored for synthesis but will be used in implementation. Impacted constraints are listed in the file [.Xil/top_propImpl.xdc].
Resolution: To avoid this warning, move constraints listed in [.Xil/top_propImpl.xdc] to another XDC file and exclude this new file from synthesis with the used_in_synthesis property (File Properties dialog in GUI) and re-run elaboration/synthesis.
Completed Processing XDC Constraints

Netlist sorting complete. Time (s): cpu = 00:00:00 ; elapsed = 00:00:00.015 . Memory (MB): peak = 1869.504 ; gain = 0.508
INFO: [Project 1-111] Unisim Transformation Summary:
No Unisim elements were transformed.

Constraint Validation Runtime : Time (s): cpu = 00:00:00 ; elapsed = 00:00:00.240 . Memory (MB): peak = 1869.508 ; gain = 0.000
INFO: [Designutils 20-5440] No compile time benefit to using incremental synthesis; A full resynthesis will be run
INFO: [Designutils 20-4379] Flow is switching to default flow due to incremental criteria not met. If you would like to alter this behaviour and have the flow terminate instead, please set the following parameter config_implementation {autoIncr.Synth.RejectBehavior Terminate}
---------------------------------------------------------------------------------
Finished Constraint Validation : Time (s): cpu = 00:00:22 ; elapsed = 00:00:24 . Memory (MB): peak = 1870.688 ; gain = 917.930
---------------------------------------------------------------------------------
---------------------------------------------------------------------------------
Start Loading Part and Timing Information
---------------------------------------------------------------------------------
Loading part: xc7a100tcsg324-1
---------------------------------------------------------------------------------
Finished Loading Part and Timing Information : Time (s): cpu = 00:00:22 ; elapsed = 00:00:24 . Memory (MB): peak = 1870.688 ; gain = 917.930
---------------------------------------------------------------------------------
---------------------------------------------------------------------------------
Start Applying 'set_property' XDC Constraints
---------------------------------------------------------------------------------
---------------------------------------------------------------------------------
Finished applying 'set_property' XDC Constraints : Time (s): cpu = 00:00:22 ; elapsed = 00:00:24 . Memory (MB): peak = 1870.688 ; gain = 917.930
---------------------------------------------------------------------------------
INFO: [Synth 8-802] inferred FSM for state register 'state_reg' in module 'gru_reset_gate_element'
INFO: [Synth 8-802] inferred FSM for state register 'state_reg' in module 'gru_update_gate_element'
INFO: [Synth 8-802] inferred FSM for state register 'state_reg' in module 'gru_new_gate_element'
INFO: [Synth 8-802] inferred FSM for state register 'state_reg' in module 'gru'
INFO: [Synth 8-802] inferred FSM for state register 'tx_state_reg' in module 'top'
---------------------------------------------------------------------------------------------------
                   State |                     New Encoding |                Previous Encoding 
---------------------------------------------------------------------------------------------------
                  S_IDLE |                           000001 |                              000
                 S_SEL_X |                           000010 |                              001
                 S_ACC_X |                           000100 |                              010
                 S_SEL_H |                           001000 |                              011
                 S_ACC_H |                           010000 |                              100
                  S_DONE |                           100000 |                              101
---------------------------------------------------------------------------------------------------
INFO: [Synth 8-3354] encoded FSM with state register 'state_reg' using encoding 'one-hot' in module 'gru_reset_gate_element'
---------------------------------------------------------------------------------------------------
                   State |                     New Encoding |                Previous Encoding 
---------------------------------------------------------------------------------------------------
                  S_IDLE |                           000001 |                              000
                 S_SEL_X |                           000010 |                              001
                 S_ACC_X |                           000100 |                              010
                 S_SEL_H |                           001000 |                              011
                 S_ACC_H |                           010000 |                              100
                  S_DONE |                           100000 |                              101
---------------------------------------------------------------------------------------------------
INFO: [Synth 8-3354] encoded FSM with state register 'state_reg' using encoding 'one-hot' in module 'gru_update_gate_element'
---------------------------------------------------------------------------------------------------
                   State |                     New Encoding |                Previous Encoding 
---------------------------------------------------------------------------------------------------
                  S_IDLE |                              000 |                              000
                 S_SEL_X |                              001 |                              001
                 S_ACC_X |                              010 |                              010
                S_GATE_H |                              011 |                              100
                 S_ACC_H |                              100 |                              101
                  S_DONE |                              101 |                              110
                 S_SEL_H |                              110 |                              011
---------------------------------------------------------------------------------------------------
INFO: [Synth 8-3354] encoded FSM with state register 'state_reg' using encoding 'sequential' in module 'gru_new_gate_element'
---------------------------------------------------------------------------------------------------
                   State |                     New Encoding |                Previous Encoding 
---------------------------------------------------------------------------------------------------
                    IDLE |                             0100 |                             0000
           COMPUTE_RESET |                             0101 |                             0001
              WAIT_RESET |                             0011 |                             0010
          COMPUTE_UPDATE |                             0000 |                             0011
             WAIT_UPDATE |                             0001 |                             0100
             COMPUTE_NEW |                             0010 |                             0101
                WAIT_NEW |                             1001 |                             0110
          COMPUTE_HIDDEN |                             0110 |                             0111
             WAIT_HIDDEN |                             0111 |                             1000
              DONE_STATE |                             1000 |                             1001
---------------------------------------------------------------------------------------------------
INFO: [Synth 8-3354] encoded FSM with state register 'state_reg' using encoding 'sequential' in module 'gru'
---------------------------------------------------------------------------------------------------
                   State |                     New Encoding |                Previous Encoding 
---------------------------------------------------------------------------------------------------
                 TX_IDLE |                               00 |                               00
                 TX_LOAD |                               01 |                               01
                 TX_WAIT |                               10 |                               10
---------------------------------------------------------------------------------------------------
INFO: [Synth 8-3354] encoded FSM with state register 'tx_state_reg' using encoding 'sequential' in module 'top'
---------------------------------------------------------------------------------
Finished RTL Optimization Phase 2 : Time (s): cpu = 00:00:27 ; elapsed = 00:00:30 . Memory (MB): peak = 1870.688 ; gain = 917.930
---------------------------------------------------------------------------------
---------------------------------------------------------------------------------
Start RTL Component Statistics 
---------------------------------------------------------------------------------
Detailed RTL Component Info : 
+---Adders : 
	   2 Input   25 Bit       Adders := 6     
	   2 Input   16 Bit       Adders := 9     
	   2 Input   14 Bit       Adders := 1     
	   2 Input    7 Bit       Adders := 1     
	   2 Input    6 Bit       Adders := 4     
	   2 Input    5 Bit       Adders := 2     
	   2 Input    4 Bit       Adders := 2     
	   2 Input    3 Bit       Adders := 1     
	   2 Input    2 Bit       Adders := 1     
+---Registers : 
	               25 Bit    Registers := 6     
	               22 Bit    Registers := 8     
	               16 Bit    Registers := 4133  
	               14 Bit    Registers := 1     
	               10 Bit    Registers := 2     
	                8 Bit    Registers := 3     
	                7 Bit    Registers := 1     
	                6 Bit    Registers := 3     
	                5 Bit    Registers := 1     
	                4 Bit    Registers := 2     
	                3 Bit    Registers := 1     
	                2 Bit    Registers := 1     
	                1 Bit    Registers := 30    
+---Muxes : 
	   6 Input   25 Bit        Muxes := 4     
	   7 Input   25 Bit        Muxes := 2     
	   2 Input   16 Bit        Muxes := 268   
	   6 Input   16 Bit        Muxes := 4     
	   7 Input   16 Bit        Muxes := 3     
	   3 Input   16 Bit        Muxes := 1     
	   3 Input   14 Bit        Muxes := 1     
	   2 Input   10 Bit        Muxes := 1     
	   7 Input    9 Bit        Muxes := 3     
	   2 Input    8 Bit        Muxes := 1     
	   6 Input    6 Bit        Muxes := 4     
	   2 Input    6 Bit        Muxes := 4     
	   7 Input    6 Bit        Muxes := 1     
	   4 Input    5 Bit        Muxes := 1     
	   3 Input    5 Bit        Muxes := 1     
	  10 Input    4 Bit        Muxes := 1     
	   7 Input    3 Bit        Muxes := 1     
	   2 Input    3 Bit        Muxes := 3     
	   3 Input    2 Bit        Muxes := 1     
	   2 Input    2 Bit        Muxes := 2     
	   5 Input    1 Bit        Muxes := 7     
	   2 Input    1 Bit        Muxes := 24    
	   6 Input    1 Bit        Muxes := 10    
	   7 Input    1 Bit        Muxes := 8     
	  10 Input    1 Bit        Muxes := 1     
	   4 Input    1 Bit        Muxes := 2     
	   3 Input    1 Bit        Muxes := 6     
---------------------------------------------------------------------------------
Finished RTL Component Statistics 
---------------------------------------------------------------------------------
---------------------------------------------------------------------------------
Start Part Resource Summary
---------------------------------------------------------------------------------
Part Resources:
DSPs: 240 (col length:80)
BRAMs: 270 (col length: RAMB18 80 RAMB36 40)
---------------------------------------------------------------------------------
Finished Part Resource Summary
---------------------------------------------------------------------------------
---------------------------------------------------------------------------------
Start Cross Boundary and Area Optimization
---------------------------------------------------------------------------------
DSP Report: Generating DSP mult_full, operation Mode is: A*B.
DSP Report: operator mult_full is absorbed into DSP mult_full.
DSP Report: Generating DSP mult_inst/full_product, operation Mode is: A*B.
DSP Report: operator mult_inst/full_product is absorbed into DSP mult_inst/full_product.
DSP Report: Generating DSP mult_full, operation Mode is: A*B.
DSP Report: operator mult_full is absorbed into DSP mult_full.
DSP Report: Generating DSP mult_inst/full_product, operation Mode is: A*B.
DSP Report: operator mult_inst/full_product is absorbed into DSP mult_inst/full_product.
DSP Report: Generating DSP sig_inst/mult_full, operation Mode is: A*B.
DSP Report: operator sig_inst/mult_full is absorbed into DSP sig_inst/mult_full.
DSP Report: Generating DSP mult_gate/full_product, operation Mode is: A*B.
DSP Report: operator mult_gate/full_product is absorbed into DSP mult_gate/full_product.
DSP Report: Generating DSP mult_main/full_product, operation Mode is: A*B.
DSP Report: operator mult_main/full_product is absorbed into DSP mult_main/full_product.
INFO: [Synth 8-3886] merging instance 'gen_parallel_elements[0].new_elem/tanh_inst/sig_inst/offset_r_reg[15]' (FDC) to 'gen_parallel_elements[0].new_elem/tanh_inst/mul_2x/y_reg__20'
INFO: [Synth 8-3886] merging instance 'gen_parallel_elements[0].new_elem/tanh_inst/mul_2x/y_reg__20' (FDC) to 'gen_parallel_elements[0].new_elem/tanh_inst/sig_inst/offset_r_reg[14]'
INFO: [Synth 8-3886] merging instance 'gen_parallel_elements[0].new_elem/tanh_inst/mul_2x/y_reg__19' (FDC) to 'gen_parallel_elements[0].new_elem/tanh_inst/sig_inst/offset_r_reg[14]'
INFO: [Synth 8-3886] merging instance 'gen_parallel_elements[0].new_elem/tanh_inst/mul_2x/y_reg__18' (FDC) to 'gen_parallel_elements[0].new_elem/tanh_inst/sig_inst/offset_r_reg[14]'
INFO: [Synth 8-3886] merging instance 'gen_parallel_elements[0].new_elem/tanh_inst/mul_2x/y_reg__17' (FDC) to 'gen_parallel_elements[0].new_elem/tanh_inst/sig_inst/offset_r_reg[14]'
INFO: [Synth 8-3886] merging instance 'gen_parallel_elements[0].new_elem/tanh_inst/mul_2x/y_reg__16' (FDC) to 'gen_parallel_elements[0].new_elem/tanh_inst/sig_inst/offset_r_reg[14]'
INFO: [Synth 8-3886] merging instance 'gen_parallel_elements[0].new_elem/tanh_inst/mul_2x/y_reg__15' (FDC) to 'gen_parallel_elements[0].new_elem/tanh_inst/sig_inst/offset_r_reg[14]'
INFO: [Synth 8-3886] merging instance 'gen_parallel_elements[0].new_elem/tanh_inst/mul_2x/y_reg__14' (FDC) to 'gen_parallel_elements[0].new_elem/tanh_inst/sig_inst/offset_r_reg[14]'
INFO: [Synth 8-3886] merging instance 'gen_parallel_elements[0].new_elem/tanh_inst/mul_2s/y_reg__20' (FDC) to 'gen_parallel_elements[0].new_elem/tanh_inst/sig_inst/offset_r_reg[14]'
INFO: [Synth 8-3886] merging instance 'gen_parallel_elements[0].new_elem/tanh_inst/mul_2s/y_reg__19' (FDC) to 'gen_parallel_elements[0].new_elem/tanh_inst/sig_inst/offset_r_reg[14]'
INFO: [Synth 8-3886] merging instance 'gen_parallel_elements[0].new_elem/tanh_inst/mul_2s/y_reg__18' (FDC) to 'gen_parallel_elements[0].new_elem/tanh_inst/sig_inst/offset_r_reg[14]'
INFO: [Synth 8-3886] merging instance 'gen_parallel_elements[0].new_elem/tanh_inst/mul_2s/y_reg__17' (FDC) to 'gen_parallel_elements[0].new_elem/tanh_inst/sig_inst/offset_r_reg[14]'
INFO: [Synth 8-3886] merging instance 'gen_parallel_elements[0].new_elem/tanh_inst/mul_2s/y_reg__16' (FDC) to 'gen_parallel_elements[0].new_elem/tanh_inst/sig_inst/offset_r_reg[14]'
INFO: [Synth 8-3886] merging instance 'gen_parallel_elements[0].new_elem/tanh_inst/mul_2s/y_reg__15' (FDC) to 'gen_parallel_elements[0].new_elem/tanh_inst/sig_inst/offset_r_reg[14]'
INFO: [Synth 8-3886] merging instance 'gen_parallel_elements[0].new_elem/tanh_inst/sig_inst/offset_r2_reg[15]' (FDC) to 'gen_parallel_elements[0].new_elem/tanh_inst/sig_inst/x_r_reg[0]'
INFO: [Synth 8-3886] merging instance 'gen_parallel_elements[0].new_elem/tanh_inst/sig_inst/x_r_reg[0]' (FDC) to 'gen_parallel_elements[0].new_elem/tanh_inst/sig_inst/offset_r2_reg[14]'
INFO: [Synth 8-3886] merging instance 'gen_parallel_elements[0].new_elem/tanh_inst/mul_2x/y_reg__13' (FDC) to 'gen_parallel_elements[0].new_elem/tanh_inst/x_delay_reg[0][0]'
INFO: [Synth 8-3886] merging instance 'gen_parallel_elements[0].new_elem/tanh_inst/sig_inst/x_r_reg[1]' (FDC) to 'gen_parallel_elements[0].new_elem/tanh_inst/x_delay_reg[1][0]'
INFO: [Synth 8-3886] merging instance 'gen_parallel_elements[0].new_elem/tanh_inst/mul_2x/y_reg__12' (FDC) to 'gen_parallel_elements[0].new_elem/tanh_inst/x_delay_reg[0][1]'
INFO: [Synth 8-3886] merging instance 'gen_parallel_elements[0].new_elem/tanh_inst/sig_inst/x_r_reg[2]' (FDC) to 'gen_parallel_elements[0].new_elem/tanh_inst/x_delay_reg[1][1]'
INFO: [Synth 8-3886] merging instance 'gen_parallel_elements[0].new_elem/tanh_inst/mul_2x/y_reg__11' (FDC) to 'gen_parallel_elements[0].new_elem/tanh_inst/x_delay_reg[0][2]'
INFO: [Synth 8-3886] merging instance 'gen_parallel_elements[0].new_elem/tanh_inst/sig_inst/x_r_reg[3]' (FDC) to 'gen_parallel_elements[0].new_elem/tanh_inst/x_delay_reg[1][2]'
INFO: [Synth 8-3886] merging instance 'gen_parallel_elements[0].new_elem/tanh_inst/mul_2x/y_reg__10' (FDC) to 'gen_parallel_elements[0].new_elem/tanh_inst/x_delay_reg[0][3]'
INFO: [Synth 8-3886] merging instance 'gen_parallel_elements[0].new_elem/tanh_inst/sig_inst/x_r_reg[4]' (FDC) to 'gen_parallel_elements[0].new_elem/tanh_inst/x_delay_reg[1][3]'
INFO: [Synth 8-3886] merging instance 'gen_parallel_elements[0].new_elem/tanh_inst/mul_2x/y_reg__9' (FDC) to 'gen_parallel_elements[0].new_elem/tanh_inst/x_delay_reg[0][4]'
INFO: [Synth 8-3886] merging instance 'gen_parallel_elements[0].new_elem/tanh_inst/sig_inst/x_r_reg[5]' (FDC) to 'gen_parallel_elements[0].new_elem/tanh_inst/x_delay_reg[1][4]'
INFO: [Synth 8-3886] merging instance 'gen_parallel_elements[0].new_elem/tanh_inst/mul_2x/y_reg__8' (FDC) to 'gen_parallel_elements[0].new_elem/tanh_inst/x_delay_reg[0][5]'
INFO: [Synth 8-3886] merging instance 'gen_parallel_elements[0].new_elem/tanh_inst/sig_inst/x_r_reg[6]' (FDC) to 'gen_parallel_elements[0].new_elem/tanh_inst/x_delay_reg[1][5]'
INFO: [Synth 8-3886] merging instance 'gen_parallel_elements[0].new_elem/tanh_inst/mul_2x/y_reg__7' (FDC) to 'gen_parallel_elements[0].new_elem/tanh_inst/x_delay_reg[0][6]'
INFO: [Synth 8-3886] merging instance 'gen_parallel_elements[0].new_elem/tanh_inst/sig_inst/x_r_reg[7]' (FDC) to 'gen_parallel_elements[0].new_elem/tanh_inst/x_delay_reg[1][6]'
INFO: [Synth 8-3886] merging instance 'gen_parallel_elements[0].new_elem/tanh_inst/mul_2x/y_reg__6' (FDC) to 'gen_parallel_elements[0].new_elem/tanh_inst/x_delay_reg[0][7]'
INFO: [Synth 8-3886] merging instance 'gen_parallel_elements[0].new_elem/tanh_inst/sig_inst/x_r_reg[8]' (FDC) to 'gen_parallel_elements[0].new_elem/tanh_inst/x_delay_reg[1][7]'
INFO: [Synth 8-3886] merging instance 'gen_parallel_elements[0].new_elem/tanh_inst/mul_2x/y_reg__5' (FDC) to 'gen_parallel_elements[0].new_elem/tanh_inst/x_delay_reg[0][8]'
INFO: [Synth 8-3886] merging instance 'gen_parallel_elements[0].new_elem/tanh_inst/sig_inst/x_r_reg[9]' (FDC) to 'gen_parallel_elements[0].new_elem/tanh_inst/x_delay_reg[1][8]'
INFO: [Synth 8-3886] merging instance 'gen_parallel_elements[0].new_elem/tanh_inst/mul_2x/y_reg__4' (FDC) to 'gen_parallel_elements[0].new_elem/tanh_inst/x_delay_reg[0][9]'
INFO: [Synth 8-3886] merging instance 'gen_parallel_elements[0].new_elem/tanh_inst/sig_inst/x_r_reg[10]' (FDC) to 'gen_parallel_elements[0].new_elem/tanh_inst/x_delay_reg[1][9]'
INFO: [Synth 8-3886] merging instance 'gen_parallel_elements[0].new_elem/tanh_inst/mul_2x/y_reg__3' (FDC) to 'gen_parallel_elements[0].new_elem/tanh_inst/x_delay_reg[0][10]'
INFO: [Synth 8-3886] merging instance 'gen_parallel_elements[0].new_elem/tanh_inst/sig_inst/x_r_reg[11]' (FDC) to 'gen_parallel_elements[0].new_elem/tanh_inst/x_delay_reg[1][10]'
INFO: [Synth 8-3886] merging instance 'gen_parallel_elements[0].new_elem/tanh_inst/mul_2x/y_reg__2' (FDC) to 'gen_parallel_elements[0].new_elem/tanh_inst/x_delay_reg[0][11]'
INFO: [Synth 8-3886] merging instance 'gen_parallel_elements[0].new_elem/tanh_inst/sig_inst/x_r_reg[12]' (FDC) to 'gen_parallel_elements[0].new_elem/tanh_inst/x_delay_reg[1][11]'
INFO: [Synth 8-3886] merging instance 'gen_parallel_elements[0].new_elem/tanh_inst/mul_2x/y_reg__1' (FDC) to 'gen_parallel_elements[0].new_elem/tanh_inst/x_delay_reg[0][12]'
INFO: [Synth 8-3886] merging instance 'gen_parallel_elements[0].new_elem/tanh_inst/sig_inst/x_r_reg[13]' (FDC) to 'gen_parallel_elements[0].new_elem/tanh_inst/x_delay_reg[1][12]'
INFO: [Synth 8-3886] merging instance 'gen_parallel_elements[0].new_elem/tanh_inst/mul_2x/y_reg__0' (FDC) to 'gen_parallel_elements[0].new_elem/tanh_inst/x_delay_reg[0][13]'
INFO: [Synth 8-3886] merging instance 'gen_parallel_elements[0].new_elem/tanh_inst/sig_inst/x_r_reg[14]' (FDC) to 'gen_parallel_elements[0].new_elem/tanh_inst/x_delay_reg[1][13]'
INFO: [Synth 8-3886] merging instance 'gen_parallel_elements[0].new_elem/tanh_inst/mul_2x/y_reg' (FDC) to 'gen_parallel_elements[0].new_elem/tanh_inst/x_delay_reg[0][14]'
INFO: [Synth 8-3886] merging instance 'gen_parallel_elements[0].new_elem/tanh_inst/sig_inst/x_r_reg[15]' (FDC) to 'gen_parallel_elements[0].new_elem/tanh_inst/x_delay_reg[1][14]'
INFO: [Synth 8-3886] merging instance 'gen_parallel_elements[0].new_elem/tanh_inst/sig_inst/slope_r_reg[0]' (FDC) to 'gen_parallel_elements[0].new_elem/tanh_inst/sig_inst/offset_r_reg[14]'
INFO: [Synth 8-3886] merging instance 'gen_parallel_elements[0].new_elem/tanh_inst/sig_inst/slope_r_reg[2]' (FDC) to 'gen_parallel_elements[0].new_elem/tanh_inst/sig_inst/offset_r_reg[14]'
INFO: [Synth 8-3886] merging instance 'gen_parallel_elements[0].new_elem/tanh_inst/sig_inst/slope_r_reg[5]' (FDC) to 'gen_parallel_elements[0].new_elem/tanh_inst/sig_inst/offset_r_reg[14]'
INFO: [Synth 8-3886] merging instance 'gen_parallel_elements[0].new_elem/tanh_inst/sig_inst/slope_r_reg[6]' (FDC) to 'gen_parallel_elements[0].new_elem/tanh_inst/sig_inst/offset_r_reg[14]'
INFO: [Synth 8-3886] merging instance 'gen_parallel_elements[0].new_elem/tanh_inst/sig_inst/slope_r_reg[7]' (FDC) to 'gen_parallel_elements[0].new_elem/tanh_inst/sig_inst/offset_r_reg[14]'
INFO: [Synth 8-3886] merging instance 'gen_parallel_elements[0].new_elem/tanh_inst/sig_inst/slope_r_reg[8]' (FDC) to 'gen_parallel_elements[0].new_elem/tanh_inst/sig_inst/offset_r_reg[14]'
INFO: [Synth 8-3886] merging instance 'gen_parallel_elements[0].new_elem/tanh_inst/sig_inst/slope_r_reg[9]' (FDC) to 'gen_parallel_elements[0].new_elem/tanh_inst/sig_inst/offset_r_reg[14]'
INFO: [Synth 8-3886] merging instance 'gen_parallel_elements[0].new_elem/tanh_inst/sig_inst/slope_r_reg[10]' (FDC) to 'gen_parallel_elements[0].new_elem/tanh_inst/sig_inst/offset_r_reg[14]'
INFO: [Synth 8-3886] merging instance 'gen_parallel_elements[0].new_elem/tanh_inst/sig_inst/slope_r_reg[11]' (FDC) to 'gen_parallel_elements[0].new_elem/tanh_inst/sig_inst/offset_r_reg[14]'
INFO: [Synth 8-3886] merging instance 'gen_parallel_elements[0].new_elem/tanh_inst/sig_inst/slope_r_reg[12]' (FDC) to 'gen_parallel_elements[0].new_elem/tanh_inst/sig_inst/offset_r_reg[14]'
INFO: [Synth 8-3886] merging instance 'gen_parallel_elements[0].new_elem/tanh_inst/sig_inst/slope_r_reg[13]' (FDC) to 'gen_parallel_elements[0].new_elem/tanh_inst/sig_inst/offset_r_reg[14]'
INFO: [Synth 8-3886] merging instance 'gen_parallel_elements[0].new_elem/tanh_inst/sig_inst/slope_r_reg[14]' (FDC) to 'gen_parallel_elements[0].new_elem/tanh_inst/sig_inst/offset_r_reg[14]'
INFO: [Synth 8-3886] merging instance 'gen_parallel_elements[0].new_elem/tanh_inst/sig_inst/slope_r_reg[15]' (FDC) to 'gen_parallel_elements[0].new_elem/tanh_inst/sig_inst/offset_r_reg[14]'
INFO: [Synth 8-3886] merging instance 'gen_parallel_elements[0].new_elem/tanh_inst/sig_inst/offset_r_reg[14]' (FDC) to 'gen_parallel_elements[0].new_elem/tanh_inst/sig_inst/offset_r_reg[13]'
INFO: [Synth 8-3886] merging instance 'gen_parallel_elements[0].new_elem/tanh_inst/sig_inst/offset_r2_reg[14]' (FDC) to 'gen_parallel_elements[0].new_elem/tanh_inst/sig_inst/offset_r2_reg[13]'
INFO: [Synth 8-3886] merging instance 'gen_parallel_elements[0].new_elem/tanh_inst/sig_inst/offset_r_reg[13]' (FDC) to 'gen_parallel_elements[0].new_elem/tanh_inst/sig_inst/offset_r_reg[12]'
INFO: [Synth 8-3886] merging instance 'gen_parallel_elements[0].new_elem/tanh_inst/sig_inst/offset_r2_reg[13]' (FDC) to 'gen_parallel_elements[0].new_elem/tanh_inst/sig_inst/offset_r2_reg[12]'
INFO: [Synth 8-3886] merging instance 'gen_parallel_elements[0].new_elem/tanh_inst/sig_inst/offset_r_reg[0]' (FDC) to 'gen_parallel_elements[0].new_elem/tanh_inst/sig_inst/offset_r_reg[12]'
INFO: [Synth 8-3886] merging instance 'gen_parallel_elements[0].new_elem/tanh_inst/sig_inst/offset_r2_reg[0]' (FDC) to 'gen_parallel_elements[0].new_elem/tanh_inst/sig_inst/offset_r2_reg[12]'
INFO: [Synth 8-3886] merging instance 'gen_parallel_elements[0].new_elem/tanh_inst/sig_inst/offset_r_reg[7]' (FDC) to 'gen_parallel_elements[0].new_elem/tanh_inst/sig_inst/offset_r_reg[12]'
INFO: [Synth 8-3886] merging instance 'gen_parallel_elements[0].new_elem/tanh_inst/sig_inst/offset_r2_reg[7]' (FDC) to 'gen_parallel_elements[0].new_elem/tanh_inst/sig_inst/offset_r2_reg[12]'
INFO: [Synth 8-3886] merging instance 'gen_parallel_elements[0].new_elem/tanh_inst/sig_inst/offset_r_reg[8]' (FDC) to 'gen_parallel_elements[0].new_elem/tanh_inst/sig_inst/offset_r_reg[12]'
INFO: [Synth 8-3886] merging instance 'gen_parallel_elements[0].new_elem/tanh_inst/sig_inst/offset_r2_reg[8]' (FDC) to 'gen_parallel_elements[0].new_elem/tanh_inst/sig_inst/offset_r2_reg[12]'
INFO: [Synth 8-3886] merging instance 'gen_parallel_elements[0].new_elem/tanh_inst/sig_inst/offset_r_reg[9]' (FDC) to 'gen_parallel_elements[0].new_elem/tanh_inst/sig_inst/offset_r_reg[12]'
INFO: [Synth 8-3886] merging instance 'gen_parallel_elements[0].new_elem/tanh_inst/sig_inst/offset_r2_reg[9]' (FDC) to 'gen_parallel_elements[0].new_elem/tanh_inst/sig_inst/offset_r2_reg[12]'
INFO: [Synth 8-3886] merging instance 'gen_parallel_elements[0].new_elem/tanh_inst/sig_inst/offset_r_reg[10]' (FDC) to 'gen_parallel_elements[0].new_elem/tanh_inst/sig_inst/offset_r_reg[12]'
INFO: [Synth 8-3886] merging instance 'gen_parallel_elements[0].new_elem/tanh_inst/sig_inst/offset_r2_reg[10]' (FDC) to 'gen_parallel_elements[0].new_elem/tanh_inst/sig_inst/offset_r2_reg[12]'
INFO: [Synth 8-3886] merging instance 'gen_parallel_elements[0].new_elem/tanh_inst/sig_inst/offset_r_reg[11]' (FDC) to 'gen_parallel_elements[0].new_elem/tanh_inst/sig_inst/offset_r_reg[12]'
INFO: [Synth 8-3886] merging instance 'gen_parallel_elements[0].new_elem/tanh_inst/sig_inst/offset_r2_reg[11]' (FDC) to 'gen_parallel_elements[0].new_elem/tanh_inst/sig_inst/offset_r2_reg[12]'
INFO: [Synth 8-3886] merging instance 'gen_parallel_elements[0].new_elem/tanh_inst/sig_inst/offset_r_reg[12]' (FDC) to 'gen_parallel_elements[0].new_elem/tanh_inst/mul_2s/y_reg__14'
INFO: [Synth 8-3886] merging instance 'gen_parallel_elements[0].update_elem/sigmoid_inst/slope_r_reg[0]' (FDC) to 'gen_parallel_elements[0].update_elem/sigmoid_inst/slope_r_reg[2]'
INFO: [Synth 8-3886] merging instance 'gen_parallel_elements[0].update_elem/sigmoid_inst/slope_r_reg[2]' (FDC) to 'gen_parallel_elements[0].update_elem/sigmoid_inst/slope_r_reg[5]'
INFO: [Synth 8-3886] merging instance 'gen_parallel_elements[0].update_elem/sigmoid_inst/slope_r_reg[5]' (FDC) to 'gen_parallel_elements[0].update_elem/sigmoid_inst/slope_r_reg[6]'
INFO: [Synth 8-3886] merging instance 'gen_parallel_elements[0].update_elem/sigmoid_inst/slope_r_reg[6]' (FDC) to 'gen_parallel_elements[0].update_elem/sigmoid_inst/slope_r_reg[7]'
INFO: [Synth 8-3886] merging instance 'gen_parallel_elements[0].update_elem/sigmoid_inst/slope_r_reg[7]' (FDC) to 'gen_parallel_elements[0].update_elem/sigmoid_inst/slope_r_reg[8]'
INFO: [Synth 8-3886] merging instance 'gen_parallel_elements[0].update_elem/sigmoid_inst/slope_r_reg[8]' (FDC) to 'gen_parallel_elements[0].update_elem/sigmoid_inst/slope_r_reg[9]'
INFO: [Synth 8-3886] merging instance 'gen_parallel_elements[0].update_elem/sigmoid_inst/slope_r_reg[9]' (FDC) to 'gen_parallel_elements[0].update_elem/sigmoid_inst/slope_r_reg[10]'
INFO: [Synth 8-3886] merging instance 'gen_parallel_elements[0].update_elem/sigmoid_inst/slope_r_reg[10]' (FDC) to 'gen_parallel_elements[0].update_elem/sigmoid_inst/slope_r_reg[11]'
INFO: [Synth 8-3886] merging instance 'gen_parallel_elements[0].update_elem/sigmoid_inst/slope_r_reg[11]' (FDC) to 'gen_parallel_elements[0].update_elem/sigmoid_inst/slope_r_reg[12]'
INFO: [Synth 8-3886] merging instance 'gen_parallel_elements[0].update_elem/sigmoid_inst/slope_r_reg[12]' (FDC) to 'gen_parallel_elements[0].update_elem/sigmoid_inst/slope_r_reg[13]'
INFO: [Synth 8-3886] merging instance 'gen_parallel_elements[0].update_elem/sigmoid_inst/slope_r_reg[13]' (FDC) to 'gen_parallel_elements[0].update_elem/sigmoid_inst/slope_r_reg[14]'
INFO: [Synth 8-3886] merging instance 'gen_parallel_elements[0].update_elem/sigmoid_inst/slope_r_reg[14]' (FDC) to 'gen_parallel_elements[0].update_elem/sigmoid_inst/slope_r_reg[15]'
INFO: [Synth 8-3886] merging instance 'gen_parallel_elements[0].update_elem/sigmoid_inst/slope_r_reg[15]' (FDC) to 'gen_parallel_elements[0].update_elem/sigmoid_inst/offset_r_reg[0]'
INFO: [Synth 8-3886] merging instance 'gen_parallel_elements[0].reset_elem/sigmoid_inst/slope_r_reg[0]' (FDC) to 'gen_parallel_elements[0].reset_elem/sigmoid_inst/slope_r_reg[2]'
INFO: [Synth 8-3886] merging instance 'gen_parallel_elements[0].reset_elem/sigmoid_inst/slope_r_reg[2]' (FDC) to 'gen_parallel_elements[0].reset_elem/sigmoid_inst/slope_r_reg[5]'
INFO: [Synth 8-3886] merging instance 'gen_parallel_elements[0].reset_elem/sigmoid_inst/slope_r_reg[5]' (FDC) to 'gen_parallel_elements[0].reset_elem/sigmoid_inst/slope_r_reg[6]'
INFO: [Synth 8-3886] merging instance 'gen_parallel_elements[0].reset_elem/sigmoid_inst/slope_r_reg[6]' (FDC) to 'gen_parallel_elements[0].reset_elem/sigmoid_inst/slope_r_reg[7]'
INFO: [Synth 8-3886] merging instance 'gen_parallel_elements[0].reset_elem/sigmoid_inst/slope_r_reg[7]' (FDC) to 'gen_parallel_elements[0].reset_elem/sigmoid_inst/slope_r_reg[8]'
INFO: [Synth 8-3886] merging instance 'gen_parallel_elements[0].reset_elem/sigmoid_inst/slope_r_reg[8]' (FDC) to 'gen_parallel_elements[0].reset_elem/sigmoid_inst/slope_r_reg[9]'
INFO: [Synth 8-3886] merging instance 'gen_parallel_elements[0].reset_elem/sigmoid_inst/slope_r_reg[9]' (FDC) to 'gen_parallel_elements[0].reset_elem/sigmoid_inst/slope_r_reg[10]'
INFO: [Synth 8-3886] merging instance 'gen_parallel_elements[0].reset_elem/sigmoid_inst/slope_r_reg[10]' (FDC) to 'gen_parallel_elements[0].reset_elem/sigmoid_inst/slope_r_reg[11]'
INFO: [Synth 8-3886] merging instance 'gen_parallel_elements[0].reset_elem/sigmoid_inst/slope_r_reg[11]' (FDC) to 'gen_parallel_elements[0].reset_elem/sigmoid_inst/slope_r_reg[12]'
INFO: [Synth 8-3886] merging instance 'gen_parallel_elements[0].reset_elem/sigmoid_inst/slope_r_reg[12]' (FDC) to 'gen_parallel_elements[0].reset_elem/sigmoid_inst/slope_r_reg[13]'
INFO: [Synth 8-3886] merging instance 'gen_parallel_elements[0].reset_elem/sigmoid_inst/slope_r_reg[13]' (FDC) to 'gen_parallel_elements[0].reset_elem/sigmoid_inst/slope_r_reg[14]'
INFO: [Common 17-14] Message 'Synth 8-3886' appears 100 times and further instances of the messages will be disabled. Use the Tcl command set_msg_config to change the current settings.
INFO: [Common 17-14] Message 'Synth 8-3886' appears 100 times and further instances of the messages will be disabled. Use the Tcl command set_msg_config to change the current settings.
WARNING: [Synth 8-3332] Sequential element (sigmoid_inst/mult_r_reg__15) is unused and will be removed from module gru_reset_gate_element.
WARNING: [Synth 8-3332] Sequential element (sigmoid_inst/mult_r_reg__16) is unused and will be removed from module gru_reset_gate_element.
WARNING: [Synth 8-3332] Sequential element (sigmoid_inst/mult_r_reg__17) is unused and will be removed from module gru_reset_gate_element.
WARNING: [Synth 8-3332] Sequential element (sigmoid_inst/mult_r_reg__18) is unused and will be removed from module gru_reset_gate_element.
WARNING: [Synth 8-3332] Sequential element (sigmoid_inst/mult_r_reg__19) is unused and will be removed from module gru_reset_gate_element.
WARNING: [Synth 8-3332] Sequential element (sigmoid_inst/mult_r_reg__20) is unused and will be removed from module gru_reset_gate_element.
WARNING: [Synth 8-3332] Sequential element (mult_inst/y_reg__15) is unused and will be removed from module gru_reset_gate_element.
WARNING: [Synth 8-3332] Sequential element (mult_inst/y_reg__16) is unused and will be removed from module gru_reset_gate_element.
WARNING: [Synth 8-3332] Sequential element (mult_inst/y_reg__17) is unused and will be removed from module gru_reset_gate_element.
WARNING: [Synth 8-3332] Sequential element (mult_inst/y_reg__18) is unused and will be removed from module gru_reset_gate_element.
WARNING: [Synth 8-3332] Sequential element (mult_inst/y_reg__19) is unused and will be removed from module gru_reset_gate_element.
WARNING: [Synth 8-3332] Sequential element (mult_inst/y_reg__20) is unused and will be removed from module gru_reset_gate_element.
WARNING: [Synth 8-3332] Sequential element (sigmoid_inst/mult_r_reg__15) is unused and will be removed from module gru_update_gate_element.
WARNING: [Synth 8-3332] Sequential element (sigmoid_inst/mult_r_reg__16) is unused and will be removed from module gru_update_gate_element.
WARNING: [Synth 8-3332] Sequential element (sigmoid_inst/mult_r_reg__17) is unused and will be removed from module gru_update_gate_element.
WARNING: [Synth 8-3332] Sequential element (sigmoid_inst/mult_r_reg__18) is unused and will be removed from module gru_update_gate_element.
WARNING: [Synth 8-3332] Sequential element (sigmoid_inst/mult_r_reg__19) is unused and will be removed from module gru_update_gate_element.
WARNING: [Synth 8-3332] Sequential element (sigmoid_inst/mult_r_reg__20) is unused and will be removed from module gru_update_gate_element.
WARNING: [Synth 8-3332] Sequential element (mult_inst/y_reg__15) is unused and will be removed from module gru_update_gate_element.
WARNING: [Synth 8-3332] Sequential element (mult_inst/y_reg__16) is unused and will be removed from module gru_update_gate_element.
WARNING: [Synth 8-3332] Sequential element (mult_inst/y_reg__17) is unused and will be removed from module gru_update_gate_element.
WARNING: [Synth 8-3332] Sequential element (mult_inst/y_reg__18) is unused and will be removed from module gru_update_gate_element.
WARNING: [Synth 8-3332] Sequential element (mult_inst/y_reg__19) is unused and will be removed from module gru_update_gate_element.
WARNING: [Synth 8-3332] Sequential element (mult_inst/y_reg__20) is unused and will be removed from module gru_update_gate_element.
WARNING: [Synth 8-3332] Sequential element (tanh_inst/sig_inst/mult_r_reg) is unused and will be removed from module gru_new_gate_element.
WARNING: [Synth 8-3332] Sequential element (tanh_inst/sig_inst/mult_r_reg__15) is unused and will be removed from module gru_new_gate_element.
WARNING: [Synth 8-3332] Sequential element (tanh_inst/sig_inst/mult_r_reg__16) is unused and will be removed from module gru_new_gate_element.
WARNING: [Synth 8-3332] Sequential element (tanh_inst/sig_inst/mult_r_reg__17) is unused and will be removed from module gru_new_gate_element.
WARNING: [Synth 8-3332] Sequential element (tanh_inst/sig_inst/mult_r_reg__18) is unused and will be removed from module gru_new_gate_element.
WARNING: [Synth 8-3332] Sequential element (tanh_inst/sig_inst/mult_r_reg__19) is unused and will be removed from module gru_new_gate_element.
WARNING: [Synth 8-3332] Sequential element (tanh_inst/sig_inst/mult_r_reg__20) is unused and will be removed from module gru_new_gate_element.
WARNING: [Synth 8-3332] Sequential element (mult_gate/y_reg__15) is unused and will be removed from module gru_new_gate_element.
WARNING: [Synth 8-3332] Sequential element (mult_gate/y_reg__16) is unused and will be removed from module gru_new_gate_element.
WARNING: [Synth 8-3332] Sequential element (mult_gate/y_reg__17) is unused and will be removed from module gru_new_gate_element.
WARNING: [Synth 8-3332] Sequential element (mult_gate/y_reg__18) is unused and will be removed from module gru_new_gate_element.
WARNING: [Synth 8-3332] Sequential element (mult_gate/y_reg__19) is unused and will be removed from module gru_new_gate_element.
WARNING: [Synth 8-3332] Sequential element (mult_gate/y_reg__20) is unused and will be removed from module gru_new_gate_element.
WARNING: [Synth 8-3332] Sequential element (mult_main/y_reg__15) is unused and will be removed from module gru_new_gate_element.
WARNING: [Synth 8-3332] Sequential element (mult_main/y_reg__16) is unused and will be removed from module gru_new_gate_element.
WARNING: [Synth 8-3332] Sequential element (mult_main/y_reg__17) is unused and will be removed from module gru_new_gate_element.
WARNING: [Synth 8-3332] Sequential element (mult_main/y_reg__18) is unused and will be removed from module gru_new_gate_element.
WARNING: [Synth 8-3332] Sequential element (mult_main/y_reg__19) is unused and will be removed from module gru_new_gate_element.
WARNING: [Synth 8-3332] Sequential element (mult_main/y_reg__20) is unused and will be removed from module gru_new_gate_element.
DSP Report: Generating DSP mult_term2/full_product, operation Mode is: A*B.
DSP Report: operator mult_term2/full_product is absorbed into DSP mult_term2/full_product.
DSP Report: Generating DSP mult_term1/full_product, operation Mode is: A*B.
DSP Report: operator mult_term1/full_product is absorbed into DSP mult_term1/full_product.
WARNING: [Synth 8-3332] Sequential element (mult_term2/y_reg__15) is unused and will be removed from module gru_hidden_state_element.
WARNING: [Synth 8-3332] Sequential element (mult_term2/y_reg__16) is unused and will be removed from module gru_hidden_state_element.
WARNING: [Synth 8-3332] Sequential element (mult_term2/y_reg__17) is unused and will be removed from module gru_hidden_state_element.
WARNING: [Synth 8-3332] Sequential element (mult_term2/y_reg__18) is unused and will be removed from module gru_hidden_state_element.
WARNING: [Synth 8-3332] Sequential element (mult_term2/y_reg__19) is unused and will be removed from module gru_hidden_state_element.
WARNING: [Synth 8-3332] Sequential element (mult_term2/y_reg__20) is unused and will be removed from module gru_hidden_state_element.
WARNING: [Synth 8-3332] Sequential element (mult_term1/y_reg__15) is unused and will be removed from module gru_hidden_state_element.
WARNING: [Synth 8-3332] Sequential element (mult_term1/y_reg__16) is unused and will be removed from module gru_hidden_state_element.
WARNING: [Synth 8-3332] Sequential element (mult_term1/y_reg__17) is unused and will be removed from module gru_hidden_state_element.
WARNING: [Synth 8-3332] Sequential element (mult_term1/y_reg__18) is unused and will be removed from module gru_hidden_state_element.
WARNING: [Synth 8-3332] Sequential element (mult_term1/y_reg__19) is unused and will be removed from module gru_hidden_state_element.
WARNING: [Synth 8-3332] Sequential element (mult_term1/y_reg__20) is unused and will be removed from module gru_hidden_state_element.
INFO: [Synth 8-3333] propagating constant 0 across sequential element (\W_iz_reg[8][18][0] )
INFO: [Synth 8-3333] propagating constant 0 across sequential element (\W_iz_reg[8][18][1] )
INFO: [Synth 8-3333] propagating constant 0 across sequential element (\W_iz_reg[8][18][2] )
INFO: [Synth 8-3333] propagating constant 0 across sequential element (\W_iz_reg[8][18][3] )
INFO: [Synth 8-3333] propagating constant 0 across sequential element (\W_iz_reg[8][18][4] )
INFO: [Synth 8-3333] propagating constant 0 across sequential element (\W_iz_reg[8][18][5] )
INFO: [Synth 8-3333] propagating constant 0 across sequential element (\W_iz_reg[8][18][6] )
INFO: [Synth 8-3333] propagating constant 0 across sequential element (\W_iz_reg[8][18][7] )
INFO: [Synth 8-3333] propagating constant 0 across sequential element (\W_iz_reg[8][18][8] )
INFO: [Synth 8-3333] propagating constant 0 across sequential element (\W_iz_reg[8][18][9] )
INFO: [Synth 8-3333] propagating constant 0 across sequential element (\W_iz_reg[8][18][10] )
INFO: [Synth 8-3333] propagating constant 0 across sequential element (\W_iz_reg[8][18][11] )
INFO: [Synth 8-3333] propagating constant 0 across sequential element (\W_iz_reg[8][18][12] )
INFO: [Synth 8-3333] propagating constant 0 across sequential element (\W_iz_reg[8][18][13] )
INFO: [Synth 8-3333] propagating constant 0 across sequential element (\W_iz_reg[8][18][14] )
INFO: [Synth 8-3333] propagating constant 0 across sequential element (\W_iz_reg[8][18][15] )
INFO: [Synth 8-3333] propagating constant 0 across sequential element (\W_iz_reg[8][21][0] )
INFO: [Synth 8-3333] propagating constant 0 across sequential element (\W_iz_reg[8][21][1] )
INFO: [Synth 8-3333] propagating constant 0 across sequential element (\W_iz_reg[8][21][2] )
INFO: [Synth 8-3333] propagating constant 0 across sequential element (\W_iz_reg[8][21][3] )
INFO: [Synth 8-3333] propagating constant 0 across sequential element (\W_iz_reg[8][21][4] )
INFO: [Synth 8-3333] propagating constant 0 across sequential element (\W_iz_reg[8][21][5] )
INFO: [Synth 8-3333] propagating constant 0 across sequential element (\W_iz_reg[8][21][6] )
INFO: [Synth 8-3333] propagating constant 0 across sequential element (\W_iz_reg[8][21][7] )
INFO: [Synth 8-3333] propagating constant 0 across sequential element (\W_iz_reg[8][21][8] )
INFO: [Synth 8-3333] propagating constant 0 across sequential element (\W_iz_reg[8][21][9] )
INFO: [Synth 8-3333] propagating constant 0 across sequential element (\W_iz_reg[8][21][10] )
INFO: [Synth 8-3333] propagating constant 0 across sequential element (\W_iz_reg[8][21][11] )
INFO: [Synth 8-3333] propagating constant 0 across sequential element (\W_iz_reg[8][21][12] )
INFO: [Synth 8-3333] propagating constant 0 across sequential element (\W_iz_reg[8][21][13] )
INFO: [Synth 8-3333] propagating constant 0 across sequential element (\W_iz_reg[8][21][14] )
INFO: [Synth 8-3333] propagating constant 0 across sequential element (\W_iz_reg[8][21][15] )
INFO: [Synth 8-3333] propagating constant 0 across sequential element (\W_iz_reg[8][22][0] )
INFO: [Synth 8-3333] propagating constant 0 across sequential element (\W_iz_reg[8][22][1] )
INFO: [Synth 8-3333] propagating constant 0 across sequential element (\W_iz_reg[8][22][2] )
INFO: [Synth 8-3333] propagating constant 0 across sequential element (\W_iz_reg[8][22][3] )
INFO: [Synth 8-3333] propagating constant 0 across sequential element (\W_iz_reg[8][22][4] )
INFO: [Synth 8-3333] propagating constant 0 across sequential element (\W_iz_reg[8][22][5] )
INFO: [Synth 8-3333] propagating constant 0 across sequential element (\W_iz_reg[8][22][6] )
INFO: [Synth 8-3333] propagating constant 0 across sequential element (\W_iz_reg[8][22][7] )
INFO: [Synth 8-3333] propagating constant 0 across sequential element (\W_iz_reg[8][22][8] )
INFO: [Synth 8-3333] propagating constant 0 across sequential element (\W_iz_reg[8][22][9] )
INFO: [Synth 8-3333] propagating constant 0 across sequential element (\W_iz_reg[8][22][10] )
INFO: [Synth 8-3333] propagating constant 0 across sequential element (\W_iz_reg[8][22][11] )
INFO: [Synth 8-3333] propagating constant 0 across sequential element (\W_iz_reg[8][22][12] )
INFO: [Synth 8-3333] propagating constant 0 across sequential element (\W_iz_reg[8][22][13] )
INFO: [Synth 8-3333] propagating constant 0 across sequential element (\W_iz_reg[8][22][14] )
INFO: [Synth 8-3333] propagating constant 0 across sequential element (\W_iz_reg[8][22][15] )
INFO: [Synth 8-3333] propagating constant 0 across sequential element (\W_iz_reg[8][23][0] )
INFO: [Synth 8-3333] propagating constant 0 across sequential element (\W_iz_reg[8][23][1] )
INFO: [Synth 8-3333] propagating constant 0 across sequential element (\W_iz_reg[8][23][2] )
INFO: [Synth 8-3333] propagating constant 0 across sequential element (\W_iz_reg[8][23][3] )
INFO: [Synth 8-3333] propagating constant 0 across sequential element (\W_iz_reg[8][23][4] )
INFO: [Synth 8-3333] propagating constant 0 across sequential element (\W_iz_reg[8][23][5] )
INFO: [Synth 8-3333] propagating constant 0 across sequential element (\W_iz_reg[8][23][6] )
INFO: [Synth 8-3333] propagating constant 0 across sequential element (\W_iz_reg[8][23][7] )
INFO: [Synth 8-3333] propagating constant 0 across sequential element (\W_iz_reg[8][23][8] )
INFO: [Synth 8-3333] propagating constant 0 across sequential element (\W_iz_reg[8][23][9] )
INFO: [Synth 8-3333] propagating constant 0 across sequential element (\W_iz_reg[8][23][10] )
INFO: [Synth 8-3333] propagating constant 0 across sequential element (\W_iz_reg[8][23][11] )
INFO: [Synth 8-3333] propagating constant 0 across sequential element (\W_iz_reg[8][23][12] )
INFO: [Synth 8-3333] propagating constant 0 across sequential element (\W_iz_reg[8][23][13] )
INFO: [Synth 8-3333] propagating constant 0 across sequential element (\W_iz_reg[8][23][14] )
INFO: [Synth 8-3333] propagating constant 0 across sequential element (\W_iz_reg[8][23][15] )
INFO: [Synth 8-3333] propagating constant 0 across sequential element (\W_iz_reg[8][24][0] )
INFO: [Synth 8-3333] propagating constant 0 across sequential element (\W_iz_reg[8][24][1] )
INFO: [Synth 8-3333] propagating constant 0 across sequential element (\W_iz_reg[8][24][2] )
INFO: [Synth 8-3333] propagating constant 0 across sequential element (\W_iz_reg[8][24][3] )
INFO: [Synth 8-3333] propagating constant 0 across sequential element (\W_iz_reg[8][24][4] )
INFO: [Synth 8-3333] propagating constant 0 across sequential element (\W_iz_reg[8][24][5] )
INFO: [Synth 8-3333] propagating constant 0 across sequential element (\W_iz_reg[8][24][6] )
INFO: [Synth 8-3333] propagating constant 0 across sequential element (\W_iz_reg[8][24][7] )
INFO: [Synth 8-3333] propagating constant 0 across sequential element (\W_iz_reg[8][24][8] )
INFO: [Synth 8-3333] propagating constant 0 across sequential element (\W_iz_reg[8][24][9] )
INFO: [Synth 8-3333] propagating constant 0 across sequential element (\W_iz_reg[8][24][10] )
INFO: [Synth 8-3333] propagating constant 0 across sequential element (\W_iz_reg[8][24][11] )
INFO: [Synth 8-3333] propagating constant 0 across sequential element (\W_iz_reg[8][24][12] )
INFO: [Synth 8-3333] propagating constant 0 across sequential element (\W_iz_reg[8][24][13] )
INFO: [Synth 8-3333] propagating constant 0 across sequential element (\W_iz_reg[8][24][14] )
INFO: [Synth 8-3333] propagating constant 0 across sequential element (\W_iz_reg[8][24][15] )
INFO: [Synth 8-3333] propagating constant 0 across sequential element (\W_iz_reg[8][25][0] )
INFO: [Synth 8-3333] propagating constant 0 across sequential element (\W_iz_reg[8][25][1] )
INFO: [Synth 8-3333] propagating constant 0 across sequential element (\W_iz_reg[8][25][2] )
INFO: [Synth 8-3333] propagating constant 0 across sequential element (\W_iz_reg[8][25][3] )
INFO: [Synth 8-3333] propagating constant 0 across sequential element (\W_iz_reg[8][25][4] )
INFO: [Synth 8-3333] propagating constant 0 across sequential element (\W_iz_reg[8][25][5] )
INFO: [Synth 8-3333] propagating constant 0 across sequential element (\W_iz_reg[8][25][6] )
INFO: [Synth 8-3333] propagating constant 0 across sequential element (\W_iz_reg[8][25][7] )
INFO: [Synth 8-3333] propagating constant 0 across sequential element (\W_iz_reg[8][25][8] )
INFO: [Synth 8-3333] propagating constant 0 across sequential element (\W_iz_reg[8][25][9] )
INFO: [Synth 8-3333] propagating constant 0 across sequential element (\W_iz_reg[8][25][10] )
INFO: [Synth 8-3333] propagating constant 0 across sequential element (\W_iz_reg[8][25][11] )
INFO: [Synth 8-3333] propagating constant 0 across sequential element (\W_iz_reg[8][25][12] )
INFO: [Synth 8-3333] propagating constant 0 across sequential element (\W_iz_reg[8][25][13] )
INFO: [Synth 8-3333] propagating constant 0 across sequential element (\W_iz_reg[8][25][14] )
INFO: [Synth 8-3333] propagating constant 0 across sequential element (\W_iz_reg[8][25][15] )
INFO: [Synth 8-3333] propagating constant 0 across sequential element (\W_iz_reg[8][26][0] )
INFO: [Synth 8-3333] propagating constant 0 across sequential element (\W_iz_reg[8][26][1] )
INFO: [Synth 8-3333] propagating constant 0 across sequential element (\W_iz_reg[8][26][2] )
INFO: [Synth 8-3333] propagating constant 0 across sequential element (\W_iz_reg[8][26][3] )
INFO: [Common 17-14] Message 'Synth 8-3333' appears 100 times and further instances of the messages will be disabled. Use the Tcl command set_msg_config to change the current settings.
INFO: [Common 17-14] Message 'Synth 8-3333' appears 100 times and further instances of the messages will be disabled. Use the Tcl command set_msg_config to change the current settings.
INFO: [Common 17-14] Message 'Synth 8-3333' appears 100 times and further instances of the messages will be disabled. Use the Tcl command set_msg_config to change the current settings.
---------------------------------------------------------------------------------
Finished Cross Boundary and Area Optimization : Time (s): cpu = 00:00:46 ; elapsed = 00:01:20 . Memory (MB): peak = 1870.688 ; gain = 917.930
---------------------------------------------------------------------------------
 Sort Area is gru__GB0 mult_full_0 : 0 0 : 1937 1937 : Used 1 time 0
 Sort Area is gru__GB0 mult_full_3 : 0 0 : 1937 1937 : Used 1 time 0
 Sort Area is gru__GB0 mult_gate/full_product_6 : 0 0 : 1937 1937 : Used 1 time 0
 Sort Area is gru__GB0 mult_inst/full_product_2 : 0 0 : 1937 1937 : Used 1 time 0
 Sort Area is gru__GB0 mult_inst/full_product_4 : 0 0 : 1937 1937 : Used 1 time 0
 Sort Area is gru__GB0 mult_main/full_product_7 : 0 0 : 1937 1937 : Used 1 time 0
 Sort Area is gru__GB3 mult_term1/full_product_0 : 0 0 : 1937 1937 : Used 1 time 0
 Sort Area is gru__GB3 mult_term2/full_product_2 : 0 0 : 1937 1937 : Used 1 time 0
 Sort Area is gru__GB0 sig_inst/mult_full_5 : 0 0 : 1937 1937 : Used 1 time 0
---------------------------------------------------------------------------------
Start ROM, RAM, DSP, Shift Register and Retiming Reporting
---------------------------------------------------------------------------------

DSP: Preliminary Mapping Report (see note below. The ' indicates corresponding REG is set)
+------------+-------------+--------+--------+--------+--------+--------+------+------+------+------+-------+------+------+
|Module Name | DSP Mapping | A Size | B Size | C Size | D Size | P Size | AREG | BREG | CREG | DREG | ADREG | MREG | PREG | 
+------------+-------------+--------+--------+--------+--------+--------+------+------+------+------+-------+------+------+
|sigmoid     | A*B         | 16     | 16     | -      | -      | 32     | 0    | 0    | -    | -    | -     | 0    | 0    | 
|mult        | A*B         | 16     | 16     | -      | -      | 32     | 0    | 0    | -    | -    | -     | 0    | 0    | 
|sigmoid     | A*B         | 16     | 16     | -      | -      | 32     | 0    | 0    | -    | -    | -     | 0    | 0    | 
|mult        | A*B         | 16     | 16     | -      | -      | 32     | 0    | 0    | -    | -    | -     | 0    | 0    | 
|sigmoid     | A*B         | 16     | 16     | -      | -      | 32     | 0    | 0    | -    | -    | -     | 0    | 0    | 
|mult        | A*B         | 16     | 16     | -      | -      | 32     | 0    | 0    | -    | -    | -     | 0    | 0    | 
|mult        | A*B         | 16     | 16     | -      | -      | 32     | 0    | 0    | -    | -    | -     | 0    | 0    | 
|mult        | A*B         | 16     | 16     | -      | -      | 32     | 0    | 0    | -    | -    | -     | 0    | 0    | 
|mult        | A*B         | 16     | 16     | -      | -      | 32     | 0    | 0    | -    | -    | -     | 0    | 0    | 
+------------+-------------+--------+--------+--------+--------+--------+------+------+------+------+-------+------+------+

Note: The table above is a preliminary report that shows the DSPs inferred at the current stage of the synthesis flow. Some DSP may be reimplemented as non DSP primitives later in the synthesis flow. Multiple instantiated DSPs are reported only once.
---------------------------------------------------------------------------------
Finished ROM, RAM, DSP, Shift Register and Retiming Reporting
---------------------------------------------------------------------------------
---------------------------------------------------------------------------------
Start Applying XDC Timing Constraints
---------------------------------------------------------------------------------
---------------------------------------------------------------------------------
Finished Applying XDC Timing Constraints : Time (s): cpu = 00:00:53 ; elapsed = 00:01:27 . Memory (MB): peak = 1870.688 ; gain = 917.930
---------------------------------------------------------------------------------
---------------------------------------------------------------------------------
Start Timing Optimization
---------------------------------------------------------------------------------
---------------------------------------------------------------------------------
Finished Timing Optimization : Time (s): cpu = 00:00:59 ; elapsed = 00:01:34 . Memory (MB): peak = 1870.688 ; gain = 917.930
---------------------------------------------------------------------------------
---------------------------------------------------------------------------------
Start Technology Mapping
---------------------------------------------------------------------------------
WARNING: [Synth 8-7080] Parallel synthesis criteria is not met
---------------------------------------------------------------------------------
Finished Technology Mapping : Time (s): cpu = 00:01:00 ; elapsed = 00:01:36 . Memory (MB): peak = 1870.688 ; gain = 917.930
---------------------------------------------------------------------------------
---------------------------------------------------------------------------------
Start IO Insertion
---------------------------------------------------------------------------------
---------------------------------------------------------------------------------
Start Flattening Before IO Insertion
---------------------------------------------------------------------------------
---------------------------------------------------------------------------------
Finished Flattening Before IO Insertion
---------------------------------------------------------------------------------
---------------------------------------------------------------------------------
Start Final Netlist Cleanup
---------------------------------------------------------------------------------
---------------------------------------------------------------------------------
Finished Final Netlist Cleanup
---------------------------------------------------------------------------------
---------------------------------------------------------------------------------
Finished IO Insertion : Time (s): cpu = 00:01:03 ; elapsed = 00:01:39 . Memory (MB): peak = 1870.688 ; gain = 917.930
---------------------------------------------------------------------------------
---------------------------------------------------------------------------------
Start Renaming Generated Instances
---------------------------------------------------------------------------------
---------------------------------------------------------------------------------
Finished Renaming Generated Instances : Time (s): cpu = 00:01:03 ; elapsed = 00:01:39 . Memory (MB): peak = 1870.688 ; gain = 917.930
---------------------------------------------------------------------------------
---------------------------------------------------------------------------------
Start Rebuilding User Hierarchy
---------------------------------------------------------------------------------
---------------------------------------------------------------------------------
Finished Rebuilding User Hierarchy : Time (s): cpu = 00:01:04 ; elapsed = 00:01:39 . Memory (MB): peak = 1870.688 ; gain = 917.930
---------------------------------------------------------------------------------
---------------------------------------------------------------------------------
Start Renaming Generated Ports
---------------------------------------------------------------------------------
---------------------------------------------------------------------------------
Finished Renaming Generated Ports : Time (s): cpu = 00:01:04 ; elapsed = 00:01:39 . Memory (MB): peak = 1870.688 ; gain = 917.930
---------------------------------------------------------------------------------
---------------------------------------------------------------------------------
Start Handling Custom Attributes
---------------------------------------------------------------------------------
---------------------------------------------------------------------------------
Finished Handling Custom Attributes : Time (s): cpu = 00:01:04 ; elapsed = 00:01:40 . Memory (MB): peak = 1870.688 ; gain = 917.930
---------------------------------------------------------------------------------
---------------------------------------------------------------------------------
Start Renaming Generated Nets
---------------------------------------------------------------------------------
---------------------------------------------------------------------------------
Finished Renaming Generated Nets : Time (s): cpu = 00:01:04 ; elapsed = 00:01:40 . Memory (MB): peak = 1870.688 ; gain = 917.930
---------------------------------------------------------------------------------
---------------------------------------------------------------------------------
Start Writing Synthesis Report
---------------------------------------------------------------------------------

DSP Final Report (the ' indicates corresponding REG is set)
+------------+-------------+--------+--------+--------+--------+--------+------+------+------+------+-------+------+------+
|Module Name | DSP Mapping | A Size | B Size | C Size | D Size | P Size | AREG | BREG | CREG | DREG | ADREG | MREG | PREG | 
+------------+-------------+--------+--------+--------+--------+--------+------+------+------+------+-------+------+------+
|mult        | (A*B)'      | 30     | 18     | -      | -      | 32     | 0    | 0    | -    | -    | -     | 0    | 1    | 
|mult        | (A*B)'      | 30     | 18     | -      | -      | 32     | 0    | 0    | -    | -    | -     | 0    | 1    | 
|mult        | (A*B)'      | 30     | 18     | -      | -      | 32     | 0    | 0    | -    | -    | -     | 0    | 1    | 
|mult        | (A*B)'      | 0      | 18     | -      | -      | 32     | 0    | 0    | -    | -    | -     | 0    | 1    | 
|sigmoid     | (A*B)'      | 30     | 5      | -      | -      | 32     | 0    | 0    | -    | -    | -     | 0    | 1    | 
|mult        | (A*B)'      | 0      | 18     | -      | -      | 32     | 0    | 0    | -    | -    | -     | 0    | 1    | 
|sigmoid     | (A*B)'      | 30     | 5      | -      | -      | 32     | 0    | 0    | -    | -    | -     | 0    | 1    | 
|mult        | (A*B)'      | 0      | 18     | -      | -      | 32     | 0    | 0    | -    | -    | -     | 0    | 1    | 
|sigmoid     | (A*B)'      | 30     | 5      | -      | -      | 32     | 0    | 0    | -    | -    | -     | 0    | 1    | 
+------------+-------------+--------+--------+--------+--------+--------+------+------+------+------+-------+------+------+


Report BlackBoxes: 
+-+--------------+----------+
| |BlackBox name |Instances |
+-+--------------+----------+
+-+--------------+----------+

Report Cell Usage: 
+------+--------+------+
|      |Cell    |Count |
+------+--------+------+
|1     |BUFG    |     1|
|2     |CARRY4  |   152|
|3     |DSP48E1 |     9|
|4     |LUT1    |    48|
|5     |LUT2    |   585|
|6     |LUT3    |   220|
|7     |LUT4    |    98|
|8     |LUT5    |   138|
|9     |LUT6    |  1632|
|10    |MUXF7   |   576|
|11    |MUXF8   |   192|
|12    |FDCE    |  3217|
|13    |FDPE    |    11|
|14    |FDRE    |    67|
|15    |FDSE    |     1|
|16    |IBUF    |     3|
|17    |OBUF    |     1|
+------+--------+------+
---------------------------------------------------------------------------------
Finished Writing Synthesis Report : Time (s): cpu = 00:01:04 ; elapsed = 00:01:40 . Memory (MB): peak = 1870.688 ; gain = 917.930
---------------------------------------------------------------------------------
Synthesis finished with 0 errors, 0 critical warnings and 56 warnings.
Synthesis Optimization Runtime : Time (s): cpu = 00:00:47 ; elapsed = 00:01:31 . Memory (MB): peak = 1870.688 ; gain = 738.523
Synthesis Optimization Complete : Time (s): cpu = 00:01:04 ; elapsed = 00:01:40 . Memory (MB): peak = 1870.688 ; gain = 917.930
INFO: [Project 1-571] Translating synthesized netlist
Netlist sorting complete. Time (s): cpu = 00:00:00 ; elapsed = 00:00:00.057 . Memory (MB): peak = 1870.688 ; gain = 0.000
INFO: [Netlist 29-17] Analyzing 929 Unisim elements for replacement
INFO: [Netlist 29-28] Unisim Transformation completed in 0 CPU seconds
INFO: [Project 1-570] Preparing netlist for logic optimization
INFO: [Opt 31-138] Pushed 0 inverter(s) to 0 load pin(s).
Netlist sorting complete. Time (s): cpu = 00:00:00 ; elapsed = 00:00:00.001 . Memory (MB): peak = 1870.688 ; gain = 0.000
INFO: [Project 1-111] Unisim Transformation Summary:
No Unisim elements were transformed.

Synth Design complete | Checksum: 819dcf65
INFO: [Common 17-83] Releasing license: Synthesis
264 Infos, 59 Warnings, 0 Critical Warnings and 0 Errors encountered.
synth_design completed successfully
synth_design: Time (s): cpu = 00:01:08 ; elapsed = 00:01:46 . Memory (MB): peak = 1870.688 ; gain = 1335.016
Write ShapeDB Complete: Time (s): cpu = 00:00:00 ; elapsed = 00:00:00.011 . Memory (MB): peak = 1870.688 ; gain = 0.000
INFO: [Common 17-1381] The checkpoint 'C:/Users/ajrbe/Documents/School/Thesis/BCI/gru-hardware-implementation-and-optimization/actualImplementation/actualImplementation.runs/synth_1/top.dcp' has been generated.
INFO: [Vivado 12-24828] Executing command : report_utilization -file top_utilization_synth.rpt -pb top_utilization_synth.pb
INFO: [Common 17-206] Exiting Vivado at Sun Mar  1 11:08:10 2026...
